CRITICAL - 2020-12-02 00:10:16 --> Undefined index: kecamatan
#0 D:\xampp 7.4\htdocs\TPSInput\app\Views\template\app_template.php(125): CodeIgniter\Debug\Exceptions->errorHandler(8, 'Undefined index...', 'D:\\xampp 7.4\\ht...', 125, Array)
#1 D:\xampp 7.4\htdocs\TPSInput\system\View\View.php(246): include('D:\\xampp 7.4\\ht...')
#2 D:\xampp 7.4\htdocs\TPSInput\system\View\View.php(257): CodeIgniter\View\View->render('template/app_te...', Array, true)
#3 D:\xampp 7.4\htdocs\TPSInput\system\Common.php(1119): CodeIgniter\View\View->render('users/input-dat...', Array, true)
#4 D:\xampp 7.4\htdocs\TPSInput\app\Controllers\InputData.php(68): view('users/input-dat...', Array)
#5 D:\xampp 7.4\htdocs\TPSInput\system\CodeIgniter.php(918): App\Controllers\InputData->index('1')
#6 D:\xampp 7.4\htdocs\TPSInput\system\CodeIgniter.php(404): CodeIgniter\CodeIgniter->runController(Object(App\Controllers\InputData))
#7 D:\xampp 7.4\htdocs\TPSInput\system\CodeIgniter.php(312): CodeIgniter\CodeIgniter->handleRequest(NULL, Object(Config\Cache), false)
#8 D:\xampp 7.4\htdocs\TPSInput\public\index.php(45): CodeIgniter\CodeIgniter->run()
#9 D:\xampp 7.4\htdocs\TPSInput\system\Commands\Server\rewrite.php(34): require_once('D:\\xampp 7.4\\ht...')
#10 {main}
CRITICAL - 2020-12-02 00:11:15 --> Undefined variable: kc
#0 D:\xampp 7.4\htdocs\TPSInput\app\Views\template\app_template.php(125): CodeIgniter\Debug\Exceptions->errorHandler(8, 'Undefined varia...', 'D:\\xampp 7.4\\ht...', 125, Array)
#1 D:\xampp 7.4\htdocs\TPSInput\system\View\View.php(246): include('D:\\xampp 7.4\\ht...')
#2 D:\xampp 7.4\htdocs\TPSInput\system\View\View.php(257): CodeIgniter\View\View->render('template/app_te...', Array, true)
#3 D:\xampp 7.4\htdocs\TPSInput\system\Common.php(1119): CodeIgniter\View\View->render('users/input-dat...', Array, true)
#4 D:\xampp 7.4\htdocs\TPSInput\app\Controllers\InputData.php(68): view('users/input-dat...', Array)
#5 D:\xampp 7.4\htdocs\TPSInput\system\CodeIgniter.php(918): App\Controllers\InputData->index('1')
#6 D:\xampp 7.4\htdocs\TPSInput\system\CodeIgniter.php(404): CodeIgniter\CodeIgniter->runController(Object(App\Controllers\InputData))
#7 D:\xampp 7.4\htdocs\TPSInput\system\CodeIgniter.php(312): CodeIgniter\CodeIgniter->handleRequest(NULL, Object(Config\Cache), false)
#8 D:\xampp 7.4\htdocs\TPSInput\public\index.php(45): CodeIgniter\CodeIgniter->run()
#9 D:\xampp 7.4\htdocs\TPSInput\system\Commands\Server\rewrite.php(34): require_once('D:\\xampp 7.4\\ht...')
#10 {main}
CRITICAL - 2020-12-02 00:12:28 --> Undefined index: kecamatan_is
#0 D:\xampp 7.4\htdocs\TPSInput\app\Views\template\app_template.php(119): CodeIgniter\Debug\Exceptions->errorHandler(8, 'Undefined index...', 'D:\\xampp 7.4\\ht...', 119, Array)
#1 D:\xampp 7.4\htdocs\TPSInput\system\View\View.php(246): include('D:\\xampp 7.4\\ht...')
#2 D:\xampp 7.4\htdocs\TPSInput\system\View\View.php(257): CodeIgniter\View\View->render('template/app_te...', Array, true)
#3 D:\xampp 7.4\htdocs\TPSInput\system\Common.php(1119): CodeIgniter\View\View->render('users/input-dat...', Array, true)
#4 D:\xampp 7.4\htdocs\TPSInput\app\Controllers\InputData.php(68): view('users/input-dat...', Array)
#5 D:\xampp 7.4\htdocs\TPSInput\system\CodeIgniter.php(918): App\Controllers\InputData->index('3')
#6 D:\xampp 7.4\htdocs\TPSInput\system\CodeIgniter.php(404): CodeIgniter\CodeIgniter->runController(Object(App\Controllers\InputData))
#7 D:\xampp 7.4\htdocs\TPSInput\system\CodeIgniter.php(312): CodeIgniter\CodeIgniter->handleRequest(NULL, Object(Config\Cache), false)
#8 D:\xampp 7.4\htdocs\TPSInput\public\index.php(45): CodeIgniter\CodeIgniter->run()
#9 D:\xampp 7.4\htdocs\TPSInput\system\Commands\Server\rewrite.php(34): require_once('D:\\xampp 7.4\\ht...')
#10 {main}
CRITICAL - 2020-12-02 14:35:23 --> Undefined variable: id
#0 D:\xampp 7.4\htdocs\TPSInput\app\Controllers\Cetak.php(36): CodeIgniter\Debug\Exceptions->errorHandler(8, 'Undefined varia...', 'D:\\xampp 7.4\\ht...', 36, Array)
#1 D:\xampp 7.4\htdocs\TPSInput\system\CodeIgniter.php(918): App\Controllers\Cetak->index()
#2 D:\xampp 7.4\htdocs\TPSInput\system\CodeIgniter.php(404): CodeIgniter\CodeIgniter->runController(Object(App\Controllers\Cetak))
#3 D:\xampp 7.4\htdocs\TPSInput\system\CodeIgniter.php(312): CodeIgniter\CodeIgniter->handleRequest(NULL, Object(Config\Cache), false)
#4 D:\xampp 7.4\htdocs\TPSInput\public\index.php(45): CodeIgniter\CodeIgniter->run()
#5 D:\xampp 7.4\htdocs\TPSInput\system\Commands\Server\rewrite.php(34): require_once('D:\\xampp 7.4\\ht...')
#6 {main}
CRITICAL - 2020-12-02 14:35:37 --> Undefined variable: kelurahan
#0 D:\xampp 7.4\htdocs\TPSInput\app\Controllers\Cetak.php(40): CodeIgniter\Debug\Exceptions->errorHandler(8, 'Undefined varia...', 'D:\\xampp 7.4\\ht...', 40, Array)
#1 D:\xampp 7.4\htdocs\TPSInput\system\CodeIgniter.php(918): App\Controllers\Cetak->index()
#2 D:\xampp 7.4\htdocs\TPSInput\system\CodeIgniter.php(404): CodeIgniter\CodeIgniter->runController(Object(App\Controllers\Cetak))
#3 D:\xampp 7.4\htdocs\TPSInput\system\CodeIgniter.php(312): CodeIgniter\CodeIgniter->handleRequest(NULL, Object(Config\Cache), false)
#4 D:\xampp 7.4\htdocs\TPSInput\public\index.php(45): CodeIgniter\CodeIgniter->run()
#5 D:\xampp 7.4\htdocs\TPSInput\system\Commands\Server\rewrite.php(34): require_once('D:\\xampp 7.4\\ht...')
#6 {main}
CRITICAL - 2020-12-02 15:41:02 --> Class 'PhpOffice\PhpSpreadsheet\Spreadsheet' not found
#0 D:\xampp 7.4\htdocs\TPSInput\system\CodeIgniter.php(890): App\Controllers\Cetak->__construct()
#1 D:\xampp 7.4\htdocs\TPSInput\system\CodeIgniter.php(399): CodeIgniter\CodeIgniter->createController()
#2 D:\xampp 7.4\htdocs\TPSInput\system\CodeIgniter.php(312): CodeIgniter\CodeIgniter->handleRequest(NULL, Object(Config\Cache), false)
#3 D:\xampp 7.4\htdocs\TPSInput\public\index.php(45): CodeIgniter\CodeIgniter->run()
#4 D:\xampp 7.4\htdocs\TPSInput\system\Commands\Server\rewrite.php(34): require_once('D:\\xampp 7.4\\ht...')
#5 {main}
CRITICAL - 2020-12-02 15:47:42 --> Class 'PhpOffice\PhpSpreadsheet\Spreadsheet' not found
#0 D:\xampp 7.4\htdocs\TPSInput\system\CodeIgniter.php(890): App\Controllers\Cetak->__construct()
#1 D:\xampp 7.4\htdocs\TPSInput\system\CodeIgniter.php(399): CodeIgniter\CodeIgniter->createController()
#2 D:\xampp 7.4\htdocs\TPSInput\system\CodeIgniter.php(312): CodeIgniter\CodeIgniter->handleRequest(NULL, Object(Config\Cache), false)
#3 D:\xampp 7.4\htdocs\TPSInput\public\index.php(45): CodeIgniter\CodeIgniter->run()
#4 D:\xampp 7.4\htdocs\TPSInput\system\Commands\Server\rewrite.php(34): require_once('D:\\xampp 7.4\\ht...')
#5 {main}
CRITICAL - 2020-12-02 16:13:10 --> Undefined index: kelurahan_id
#0 D:\xampp 7.4\htdocs\TPSInput\app\Views\cetak\excel.php(50): CodeIgniter\Debug\Exceptions->errorHandler(8, 'Undefined index...', 'D:\\xampp 7.4\\ht...', 50, Array)
#1 D:\xampp 7.4\htdocs\TPSInput\system\View\View.php(246): include('D:\\xampp 7.4\\ht...')
#2 D:\xampp 7.4\htdocs\TPSInput\system\Common.php(1119): CodeIgniter\View\View->render('cetak/excel', Array, true)
#3 D:\xampp 7.4\htdocs\TPSInput\app\Controllers\Cetak.php(57): view('cetak/excel', Array)
#4 D:\xampp 7.4\htdocs\TPSInput\system\CodeIgniter.php(918): App\Controllers\Cetak->excel()
#5 D:\xampp 7.4\htdocs\TPSInput\system\CodeIgniter.php(404): CodeIgniter\CodeIgniter->runController(Object(App\Controllers\Cetak))
#6 D:\xampp 7.4\htdocs\TPSInput\system\CodeIgniter.php(312): CodeIgniter\CodeIgniter->handleRequest(NULL, Object(Config\Cache), false)
#7 D:\xampp 7.4\htdocs\TPSInput\public\index.php(45): CodeIgniter\CodeIgniter->run()
#8 D:\xampp 7.4\htdocs\TPSInput\system\Commands\Server\rewrite.php(34): require_once('D:\\xampp 7.4\\ht...')
#9 {main}
CRITICAL - 2020-12-02 16:13:13 --> Undefined index: kelurahan_id
#0 D:\xampp 7.4\htdocs\TPSInput\app\Views\cetak\excel.php(50): CodeIgniter\Debug\Exceptions->errorHandler(8, 'Undefined index...', 'D:\\xampp 7.4\\ht...', 50, Array)
#1 D:\xampp 7.4\htdocs\TPSInput\system\View\View.php(246): include('D:\\xampp 7.4\\ht...')
#2 D:\xampp 7.4\htdocs\TPSInput\system\Common.php(1119): CodeIgniter\View\View->render('cetak/excel', Array, true)
#3 D:\xampp 7.4\htdocs\TPSInput\app\Controllers\Cetak.php(57): view('cetak/excel', Array)
#4 D:\xampp 7.4\htdocs\TPSInput\system\CodeIgniter.php(918): App\Controllers\Cetak->excel()
#5 D:\xampp 7.4\htdocs\TPSInput\system\CodeIgniter.php(404): CodeIgniter\CodeIgniter->runController(Object(App\Controllers\Cetak))
#6 D:\xampp 7.4\htdocs\TPSInput\system\CodeIgniter.php(312): CodeIgniter\CodeIgniter->handleRequest(NULL, Object(Config\Cache), false)
#7 D:\xampp 7.4\htdocs\TPSInput\public\index.php(45): CodeIgniter\CodeIgniter->run()
#8 D:\xampp 7.4\htdocs\TPSInput\system\Commands\Server\rewrite.php(34): require_once('D:\\xampp 7.4\\ht...')
#9 {main}
CRITICAL - 2020-12-02 16:13:16 --> Undefined index: kelurahan_id
#0 D:\xampp 7.4\htdocs\TPSInput\app\Views\cetak\excel.php(50): CodeIgniter\Debug\Exceptions->errorHandler(8, 'Undefined index...', 'D:\\xampp 7.4\\ht...', 50, Array)
#1 D:\xampp 7.4\htdocs\TPSInput\system\View\View.php(246): include('D:\\xampp 7.4\\ht...')
#2 D:\xampp 7.4\htdocs\TPSInput\system\Common.php(1119): CodeIgniter\View\View->render('cetak/excel', Array, true)
#3 D:\xampp 7.4\htdocs\TPSInput\app\Controllers\Cetak.php(57): view('cetak/excel', Array)
#4 D:\xampp 7.4\htdocs\TPSInput\system\CodeIgniter.php(918): App\Controllers\Cetak->excel()
#5 D:\xampp 7.4\htdocs\TPSInput\system\CodeIgniter.php(404): CodeIgniter\CodeIgniter->runController(Object(App\Controllers\Cetak))
#6 D:\xampp 7.4\htdocs\TPSInput\system\CodeIgniter.php(312): CodeIgniter\CodeIgniter->handleRequest(NULL, Object(Config\Cache), false)
#7 D:\xampp 7.4\htdocs\TPSInput\public\index.php(45): CodeIgniter\CodeIgniter->run()
#8 D:\xampp 7.4\htdocs\TPSInput\system\Commands\Server\rewrite.php(34): require_once('D:\\xampp 7.4\\ht...')
#9 {main}
CRITICAL - 2020-12-02 16:13:17 --> Undefined index: kelurahan_id
#0 D:\xampp 7.4\htdocs\TPSInput\app\Views\cetak\excel.php(50): CodeIgniter\Debug\Exceptions->errorHandler(8, 'Undefined index...', 'D:\\xampp 7.4\\ht...', 50, Array)
#1 D:\xampp 7.4\htdocs\TPSInput\system\View\View.php(246): include('D:\\xampp 7.4\\ht...')
#2 D:\xampp 7.4\htdocs\TPSInput\system\Common.php(1119): CodeIgniter\View\View->render('cetak/excel', Array, true)
#3 D:\xampp 7.4\htdocs\TPSInput\app\Controllers\Cetak.php(57): view('cetak/excel', Array)
#4 D:\xampp 7.4\htdocs\TPSInput\system\CodeIgniter.php(918): App\Controllers\Cetak->excel()
#5 D:\xampp 7.4\htdocs\TPSInput\system\CodeIgniter.php(404): CodeIgniter\CodeIgniter->runController(Object(App\Controllers\Cetak))
#6 D:\xampp 7.4\htdocs\TPSInput\system\CodeIgniter.php(312): CodeIgniter\CodeIgniter->handleRequest(NULL, Object(Config\Cache), false)
#7 D:\xampp 7.4\htdocs\TPSInput\public\index.php(45): CodeIgniter\CodeIgniter->run()
#8 D:\xampp 7.4\htdocs\TPSInput\system\Commands\Server\rewrite.php(34): require_once('D:\\xampp 7.4\\ht...')
#9 {main}
CRITICAL - 2020-12-02 16:13:17 --> Undefined index: kelurahan_id
#0 D:\xampp 7.4\htdocs\TPSInput\app\Views\cetak\excel.php(50): CodeIgniter\Debug\Exceptions->errorHandler(8, 'Undefined index...', 'D:\\xampp 7.4\\ht...', 50, Array)
#1 D:\xampp 7.4\htdocs\TPSInput\system\View\View.php(246): include('D:\\xampp 7.4\\ht...')
#2 D:\xampp 7.4\htdocs\TPSInput\system\Common.php(1119): CodeIgniter\View\View->render('cetak/excel', Array, true)
#3 D:\xampp 7.4\htdocs\TPSInput\app\Controllers\Cetak.php(57): view('cetak/excel', Array)
#4 D:\xampp 7.4\htdocs\TPSInput\system\CodeIgniter.php(918): App\Controllers\Cetak->excel()
#5 D:\xampp 7.4\htdocs\TPSInput\system\CodeIgniter.php(404): CodeIgniter\CodeIgniter->runController(Object(App\Controllers\Cetak))
#6 D:\xampp 7.4\htdocs\TPSInput\system\CodeIgniter.php(312): CodeIgniter\CodeIgniter->handleRequest(NULL, Object(Config\Cache), false)
#7 D:\xampp 7.4\htdocs\TPSInput\public\index.php(45): CodeIgniter\CodeIgniter->run()
#8 D:\xampp 7.4\htdocs\TPSInput\system\Commands\Server\rewrite.php(34): require_once('D:\\xampp 7.4\\ht...')
#9 {main}
CRITICAL - 2020-12-02 16:13:46 --> Undefined index: kelurahan_id
#0 D:\xampp 7.4\htdocs\TPSInput\app\Views\cetak\excel.php(50): CodeIgniter\Debug\Exceptions->errorHandler(8, 'Undefined index...', 'D:\\xampp 7.4\\ht...', 50, Array)
#1 D:\xampp 7.4\htdocs\TPSInput\system\View\View.php(246): include('D:\\xampp 7.4\\ht...')
#2 D:\xampp 7.4\htdocs\TPSInput\system\Common.php(1119): CodeIgniter\View\View->render('cetak/excel', Array, true)
#3 D:\xampp 7.4\htdocs\TPSInput\app\Controllers\Cetak.php(58): view('cetak/excel', Array)
#4 D:\xampp 7.4\htdocs\TPSInput\system\CodeIgniter.php(918): App\Controllers\Cetak->excel()
#5 D:\xampp 7.4\htdocs\TPSInput\system\CodeIgniter.php(404): CodeIgniter\CodeIgniter->runController(Object(App\Controllers\Cetak))
#6 D:\xampp 7.4\htdocs\TPSInput\system\CodeIgniter.php(312): CodeIgniter\CodeIgniter->handleRequest(NULL, Object(Config\Cache), false)
#7 D:\xampp 7.4\htdocs\TPSInput\public\index.php(45): CodeIgniter\CodeIgniter->run()
#8 D:\xampp 7.4\htdocs\TPSInput\system\Commands\Server\rewrite.php(34): require_once('D:\\xampp 7.4\\ht...')
#9 {main}
CRITICAL - 2020-12-02 16:13:48 --> Undefined index: kelurahan_id
#0 D:\xampp 7.4\htdocs\TPSInput\app\Views\cetak\excel.php(50): CodeIgniter\Debug\Exceptions->errorHandler(8, 'Undefined index...', 'D:\\xampp 7.4\\ht...', 50, Array)
#1 D:\xampp 7.4\htdocs\TPSInput\system\View\View.php(246): include('D:\\xampp 7.4\\ht...')
#2 D:\xampp 7.4\htdocs\TPSInput\system\Common.php(1119): CodeIgniter\View\View->render('cetak/excel', Array, true)
#3 D:\xampp 7.4\htdocs\TPSInput\app\Controllers\Cetak.php(58): view('cetak/excel', Array)
#4 D:\xampp 7.4\htdocs\TPSInput\system\CodeIgniter.php(918): App\Controllers\Cetak->excel()
#5 D:\xampp 7.4\htdocs\TPSInput\system\CodeIgniter.php(404): CodeIgniter\CodeIgniter->runController(Object(App\Controllers\Cetak))
#6 D:\xampp 7.4\htdocs\TPSInput\system\CodeIgniter.php(312): CodeIgniter\CodeIgniter->handleRequest(NULL, Object(Config\Cache), false)
#7 D:\xampp 7.4\htdocs\TPSInput\public\index.php(45): CodeIgniter\CodeIgniter->run()
#8 D:\xampp 7.4\htdocs\TPSInput\system\Commands\Server\rewrite.php(34): require_once('D:\\xampp 7.4\\ht...')
#9 {main}
CRITICAL - 2020-12-02 16:14:03 --> Undefined index: kelurahan_id
#0 D:\xampp 7.4\htdocs\TPSInput\app\Views\cetak\excel.php(50): CodeIgniter\Debug\Exceptions->errorHandler(8, 'Undefined index...', 'D:\\xampp 7.4\\ht...', 50, Array)
#1 D:\xampp 7.4\htdocs\TPSInput\system\View\View.php(246): include('D:\\xampp 7.4\\ht...')
#2 D:\xampp 7.4\htdocs\TPSInput\system\Common.php(1119): CodeIgniter\View\View->render('cetak/excel', Array, true)
#3 D:\xampp 7.4\htdocs\TPSInput\app\Controllers\Cetak.php(58): view('cetak/excel', Array)
#4 D:\xampp 7.4\htdocs\TPSInput\system\CodeIgniter.php(918): App\Controllers\Cetak->excel()
#5 D:\xampp 7.4\htdocs\TPSInput\system\CodeIgniter.php(404): CodeIgniter\CodeIgniter->runController(Object(App\Controllers\Cetak))
#6 D:\xampp 7.4\htdocs\TPSInput\system\CodeIgniter.php(312): CodeIgniter\CodeIgniter->handleRequest(NULL, Object(Config\Cache), false)
#7 D:\xampp 7.4\htdocs\TPSInput\public\index.php(45): CodeIgniter\CodeIgniter->run()
#8 D:\xampp 7.4\htdocs\TPSInput\system\Commands\Server\rewrite.php(34): require_once('D:\\xampp 7.4\\ht...')
#9 {main}
CRITICAL - 2020-12-02 16:15:01 --> Undefined property: CodeIgniter\View\View::$db
#0 D:\xampp 7.4\htdocs\TPSInput\app\Views\cetak\excel.php(52): CodeIgniter\Debug\Exceptions->errorHandler(8, 'Undefined prope...', 'D:\\xampp 7.4\\ht...', 52, Array)
#1 D:\xampp 7.4\htdocs\TPSInput\system\View\View.php(246): include('D:\\xampp 7.4\\ht...')
#2 D:\xampp 7.4\htdocs\TPSInput\system\Common.php(1119): CodeIgniter\View\View->render('cetak/excel', Array, true)
#3 D:\xampp 7.4\htdocs\TPSInput\app\Controllers\Cetak.php(58): view('cetak/excel', Array)
#4 D:\xampp 7.4\htdocs\TPSInput\system\CodeIgniter.php(918): App\Controllers\Cetak->excel()
#5 D:\xampp 7.4\htdocs\TPSInput\system\CodeIgniter.php(404): CodeIgniter\CodeIgniter->runController(Object(App\Controllers\Cetak))
#6 D:\xampp 7.4\htdocs\TPSInput\system\CodeIgniter.php(312): CodeIgniter\CodeIgniter->handleRequest(NULL, Object(Config\Cache), false)
#7 D:\xampp 7.4\htdocs\TPSInput\public\index.php(45): CodeIgniter\CodeIgniter->run()
#8 D:\xampp 7.4\htdocs\TPSInput\system\Commands\Server\rewrite.php(34): require_once('D:\\xampp 7.4\\ht...')
#9 {main}
CRITICAL - 2020-12-02 16:15:40 --> Undefined index: hasil
#0 D:\xampp 7.4\htdocs\TPSInput\app\Views\cetak\excel.php(81): CodeIgniter\Debug\Exceptions->errorHandler(8, 'Undefined index...', 'D:\\xampp 7.4\\ht...', 81, Array)
#1 D:\xampp 7.4\htdocs\TPSInput\system\View\View.php(246): include('D:\\xampp 7.4\\ht...')
#2 D:\xampp 7.4\htdocs\TPSInput\system\Common.php(1119): CodeIgniter\View\View->render('cetak/excel', Array, true)
#3 D:\xampp 7.4\htdocs\TPSInput\app\Controllers\Cetak.php(59): view('cetak/excel', Array)
#4 D:\xampp 7.4\htdocs\TPSInput\system\CodeIgniter.php(918): App\Controllers\Cetak->excel()
#5 D:\xampp 7.4\htdocs\TPSInput\system\CodeIgniter.php(404): CodeIgniter\CodeIgniter->runController(Object(App\Controllers\Cetak))
#6 D:\xampp 7.4\htdocs\TPSInput\system\CodeIgniter.php(312): CodeIgniter\CodeIgniter->handleRequest(NULL, Object(Config\Cache), false)
#7 D:\xampp 7.4\htdocs\TPSInput\public\index.php(45): CodeIgniter\CodeIgniter->run()
#8 D:\xampp 7.4\htdocs\TPSInput\system\Commands\Server\rewrite.php(34): require_once('D:\\xampp 7.4\\ht...')
#9 {main}
CRITICAL - 2020-12-02 16:33:06 --> Call to undefined method App\Models\HasilPemilihan::getByTps
#0 D:\xampp 7.4\htdocs\TPSInput\app\Controllers\Cetak.php(55): CodeIgniter\Model->__call('getByTps', Array)
#1 D:\xampp 7.4\htdocs\TPSInput\system\CodeIgniter.php(918): App\Controllers\Cetak->excel()
#2 D:\xampp 7.4\htdocs\TPSInput\system\CodeIgniter.php(404): CodeIgniter\CodeIgniter->runController(Object(App\Controllers\Cetak))
#3 D:\xampp 7.4\htdocs\TPSInput\system\CodeIgniter.php(312): CodeIgniter\CodeIgniter->handleRequest(NULL, Object(Config\Cache), false)
#4 D:\xampp 7.4\htdocs\TPSInput\public\index.php(45): CodeIgniter\CodeIgniter->run()
#5 D:\xampp 7.4\htdocs\TPSInput\system\Commands\Server\rewrite.php(34): require_once('D:\\xampp 7.4\\ht...')
#6 {main}
CRITICAL - 2020-12-02 16:33:22 --> Call to undefined method App\Models\HasilPemilihan::getByTps
#0 D:\xampp 7.4\htdocs\TPSInput\app\Controllers\Cetak.php(55): CodeIgniter\Model->__call('getByTps', Array)
#1 D:\xampp 7.4\htdocs\TPSInput\system\CodeIgniter.php(918): App\Controllers\Cetak->excel()
#2 D:\xampp 7.4\htdocs\TPSInput\system\CodeIgniter.php(404): CodeIgniter\CodeIgniter->runController(Object(App\Controllers\Cetak))
#3 D:\xampp 7.4\htdocs\TPSInput\system\CodeIgniter.php(312): CodeIgniter\CodeIgniter->handleRequest(NULL, Object(Config\Cache), false)
#4 D:\xampp 7.4\htdocs\TPSInput\public\index.php(45): CodeIgniter\CodeIgniter->run()
#5 D:\xampp 7.4\htdocs\TPSInput\system\Commands\Server\rewrite.php(34): require_once('D:\\xampp 7.4\\ht...')
#6 {main}
CRITICAL - 2020-12-02 16:34:29 --> Undefined index: kelurahan_id
#0 D:\xampp 7.4\htdocs\TPSInput\app\Views\cetak\excel.php(66): CodeIgniter\Debug\Exceptions->errorHandler(8, 'Undefined index...', 'D:\\xampp 7.4\\ht...', 66, Array)
#1 D:\xampp 7.4\htdocs\TPSInput\system\View\View.php(246): include('D:\\xampp 7.4\\ht...')
#2 D:\xampp 7.4\htdocs\TPSInput\system\Common.php(1119): CodeIgniter\View\View->render('cetak/excel', Array, true)
#3 D:\xampp 7.4\htdocs\TPSInput\app\Controllers\Cetak.php(63): view('cetak/excel', Array)
#4 D:\xampp 7.4\htdocs\TPSInput\system\CodeIgniter.php(918): App\Controllers\Cetak->excel()
#5 D:\xampp 7.4\htdocs\TPSInput\system\CodeIgniter.php(404): CodeIgniter\CodeIgniter->runController(Object(App\Controllers\Cetak))
#6 D:\xampp 7.4\htdocs\TPSInput\system\CodeIgniter.php(312): CodeIgniter\CodeIgniter->handleRequest(NULL, Object(Config\Cache), false)
#7 D:\xampp 7.4\htdocs\TPSInput\public\index.php(45): CodeIgniter\CodeIgniter->run()
#8 D:\xampp 7.4\htdocs\TPSInput\system\Commands\Server\rewrite.php(34): require_once('D:\\xampp 7.4\\ht...')
#9 {main}
CRITICAL - 2020-12-02 16:35:14 --> array_column() expects parameter 1 to be array, int given
#0 [internal function]: CodeIgniter\Debug\Exceptions->errorHandler(2, 'array_column() ...', 'D:\\xampp 7.4\\ht...', 68, Array)
#1 D:\xampp 7.4\htdocs\TPSInput\app\Views\cetak\excel.php(68): array_column(3, 'tps')
#2 D:\xampp 7.4\htdocs\TPSInput\system\View\View.php(246): include('D:\\xampp 7.4\\ht...')
#3 D:\xampp 7.4\htdocs\TPSInput\system\Common.php(1119): CodeIgniter\View\View->render('cetak/excel', Array, true)
#4 D:\xampp 7.4\htdocs\TPSInput\app\Controllers\Cetak.php(63): view('cetak/excel', Array)
#5 D:\xampp 7.4\htdocs\TPSInput\system\CodeIgniter.php(918): App\Controllers\Cetak->excel()
#6 D:\xampp 7.4\htdocs\TPSInput\system\CodeIgniter.php(404): CodeIgniter\CodeIgniter->runController(Object(App\Controllers\Cetak))
#7 D:\xampp 7.4\htdocs\TPSInput\system\CodeIgniter.php(312): CodeIgniter\CodeIgniter->handleRequest(NULL, Object(Config\Cache), false)
#8 D:\xampp 7.4\htdocs\TPSInput\public\index.php(45): CodeIgniter\CodeIgniter->run()
#9 D:\xampp 7.4\htdocs\TPSInput\system\Commands\Server\rewrite.php(34): require_once('D:\\xampp 7.4\\ht...')
#10 {main}
CRITICAL - 2020-12-02 16:36:17 --> Trying to access array offset on value of type int
#0 D:\xampp 7.4\htdocs\TPSInput\app\Views\cetak\excel.php(75): CodeIgniter\Debug\Exceptions->errorHandler(8, 'Trying to acces...', 'D:\\xampp 7.4\\ht...', 75, Array)
#1 D:\xampp 7.4\htdocs\TPSInput\system\View\View.php(246): include('D:\\xampp 7.4\\ht...')
#2 D:\xampp 7.4\htdocs\TPSInput\system\Common.php(1119): CodeIgniter\View\View->render('cetak/excel', Array, true)
#3 D:\xampp 7.4\htdocs\TPSInput\app\Controllers\Cetak.php(63): view('cetak/excel', Array)
#4 D:\xampp 7.4\htdocs\TPSInput\system\CodeIgniter.php(918): App\Controllers\Cetak->excel()
#5 D:\xampp 7.4\htdocs\TPSInput\system\CodeIgniter.php(404): CodeIgniter\CodeIgniter->runController(Object(App\Controllers\Cetak))
#6 D:\xampp 7.4\htdocs\TPSInput\system\CodeIgniter.php(312): CodeIgniter\CodeIgniter->handleRequest(NULL, Object(Config\Cache), false)
#7 D:\xampp 7.4\htdocs\TPSInput\public\index.php(45): CodeIgniter\CodeIgniter->run()
#8 D:\xampp 7.4\htdocs\TPSInput\system\Commands\Server\rewrite.php(34): require_once('D:\\xampp 7.4\\ht...')
#9 {main}
CRITICAL - 2020-12-02 16:43:43 --> array_column() expects parameter 1 to be array, object given
#0 [internal function]: CodeIgniter\Debug\Exceptions->errorHandler(2, 'array_column() ...', 'D:\\xampp 7.4\\ht...', 68, Array)
#1 D:\xampp 7.4\htdocs\TPSInput\app\Views\cetak\excel.php(68): array_column(Object(App\Models\TpsModel), 'tps')
#2 D:\xampp 7.4\htdocs\TPSInput\system\View\View.php(246): include('D:\\xampp 7.4\\ht...')
#3 D:\xampp 7.4\htdocs\TPSInput\system\Common.php(1119): CodeIgniter\View\View->render('cetak/excel', Array, true)
#4 D:\xampp 7.4\htdocs\TPSInput\app\Controllers\Cetak.php(63): view('cetak/excel', Array)
#5 D:\xampp 7.4\htdocs\TPSInput\system\CodeIgniter.php(918): App\Controllers\Cetak->excel()
#6 D:\xampp 7.4\htdocs\TPSInput\system\CodeIgniter.php(404): CodeIgniter\CodeIgniter->runController(Object(App\Controllers\Cetak))
#7 D:\xampp 7.4\htdocs\TPSInput\system\CodeIgniter.php(312): CodeIgniter\CodeIgniter->handleRequest(NULL, Object(Config\Cache), false)
#8 D:\xampp 7.4\htdocs\TPSInput\public\index.php(45): CodeIgniter\CodeIgniter->run()
#9 D:\xampp 7.4\htdocs\TPSInput\system\Commands\Server\rewrite.php(34): require_once('D:\\xampp 7.4\\ht...')
#10 {main}
CRITICAL - 2020-12-02 16:44:44 --> Call to undefined method App\Models\TpsModel::getResultArray
#0 D:\xampp 7.4\htdocs\TPSInput\app\Views\cetak\excel.php(68): CodeIgniter\Model->__call('getResultArray', Array)
#1 D:\xampp 7.4\htdocs\TPSInput\system\View\View.php(246): include('D:\\xampp 7.4\\ht...')
#2 D:\xampp 7.4\htdocs\TPSInput\system\Common.php(1119): CodeIgniter\View\View->render('cetak/excel', Array, true)
#3 D:\xampp 7.4\htdocs\TPSInput\app\Controllers\Cetak.php(63): view('cetak/excel', Array)
#4 D:\xampp 7.4\htdocs\TPSInput\system\CodeIgniter.php(918): App\Controllers\Cetak->excel()
#5 D:\xampp 7.4\htdocs\TPSInput\system\CodeIgniter.php(404): CodeIgniter\CodeIgniter->runController(Object(App\Controllers\Cetak))
#6 D:\xampp 7.4\htdocs\TPSInput\system\CodeIgniter.php(312): CodeIgniter\CodeIgniter->handleRequest(NULL, Object(Config\Cache), false)
#7 D:\xampp 7.4\htdocs\TPSInput\public\index.php(45): CodeIgniter\CodeIgniter->run()
#8 D:\xampp 7.4\htdocs\TPSInput\system\Commands\Server\rewrite.php(34): require_once('D:\\xampp 7.4\\ht...')
#9 {main}
CRITICAL - 2020-12-02 16:46:11 --> Undefined index: id
#0 D:\xampp 7.4\htdocs\TPSInput\app\Views\cetak\excel.php(75): CodeIgniter\Debug\Exceptions->errorHandler(8, 'Undefined index...', 'D:\\xampp 7.4\\ht...', 75, Array)
#1 D:\xampp 7.4\htdocs\TPSInput\system\View\View.php(246): include('D:\\xampp 7.4\\ht...')
#2 D:\xampp 7.4\htdocs\TPSInput\system\Common.php(1119): CodeIgniter\View\View->render('cetak/excel', Array, true)
#3 D:\xampp 7.4\htdocs\TPSInput\app\Controllers\Cetak.php(63): view('cetak/excel', Array)
#4 D:\xampp 7.4\htdocs\TPSInput\system\CodeIgniter.php(918): App\Controllers\Cetak->excel()
#5 D:\xampp 7.4\htdocs\TPSInput\system\CodeIgniter.php(404): CodeIgniter\CodeIgniter->runController(Object(App\Controllers\Cetak))
#6 D:\xampp 7.4\htdocs\TPSInput\system\CodeIgniter.php(312): CodeIgniter\CodeIgniter->handleRequest(NULL, Object(Config\Cache), false)
#7 D:\xampp 7.4\htdocs\TPSInput\public\index.php(45): CodeIgniter\CodeIgniter->run()
#8 D:\xampp 7.4\htdocs\TPSInput\system\Commands\Server\rewrite.php(34): require_once('D:\\xampp 7.4\\ht...')
#9 {main}
CRITICAL - 2020-12-02 16:49:17 --> Undefined variable: total
#0 D:\xampp 7.4\htdocs\TPSInput\app\Views\cetak\excel.php(78): CodeIgniter\Debug\Exceptions->errorHandler(8, 'Undefined varia...', 'D:\\xampp 7.4\\ht...', 78, Array)
#1 D:\xampp 7.4\htdocs\TPSInput\system\View\View.php(246): include('D:\\xampp 7.4\\ht...')
#2 D:\xampp 7.4\htdocs\TPSInput\system\Common.php(1119): CodeIgniter\View\View->render('cetak/excel', Array, true)
#3 D:\xampp 7.4\htdocs\TPSInput\app\Controllers\Cetak.php(63): view('cetak/excel', Array)
#4 D:\xampp 7.4\htdocs\TPSInput\system\CodeIgniter.php(918): App\Controllers\Cetak->excel()
#5 D:\xampp 7.4\htdocs\TPSInput\system\CodeIgniter.php(404): CodeIgniter\CodeIgniter->runController(Object(App\Controllers\Cetak))
#6 D:\xampp 7.4\htdocs\TPSInput\system\CodeIgniter.php(312): CodeIgniter\CodeIgniter->handleRequest(NULL, Object(Config\Cache), false)
#7 D:\xampp 7.4\htdocs\TPSInput\public\index.php(45): CodeIgniter\CodeIgniter->run()
#8 D:\xampp 7.4\htdocs\TPSInput\system\Commands\Server\rewrite.php(34): require_once('D:\\xampp 7.4\\ht...')
#9 {main}
CRITICAL - 2020-12-02 16:59:15 --> Call to undefined method App\Models\HasilPemilihan::getByTps
#0 D:\xampp 7.4\htdocs\TPSInput\app\Controllers\Cetak.php(43): CodeIgniter\Model->__call('getByTps', Array)
#1 D:\xampp 7.4\htdocs\TPSInput\system\CodeIgniter.php(918): App\Controllers\Cetak->index()
#2 D:\xampp 7.4\htdocs\TPSInput\system\CodeIgniter.php(404): CodeIgniter\CodeIgniter->runController(Object(App\Controllers\Cetak))
#3 D:\xampp 7.4\htdocs\TPSInput\system\CodeIgniter.php(312): CodeIgniter\CodeIgniter->handleRequest(NULL, Object(Config\Cache), false)
#4 D:\xampp 7.4\htdocs\TPSInput\public\index.php(45): CodeIgniter\CodeIgniter->run()
#5 D:\xampp 7.4\htdocs\TPSInput\system\Commands\Server\rewrite.php(34): require_once('D:\\xampp 7.4\\ht...')
#6 {main}
CRITICAL - 2020-12-02 17:13:28 --> Call to undefined method App\Models\HasilPemilihan::getByTps
#0 D:\xampp 7.4\htdocs\TPSInput\app\Controllers\Cetak.php(43): CodeIgniter\Model->__call('getByTps', Array)
#1 D:\xampp 7.4\htdocs\TPSInput\system\CodeIgniter.php(918): App\Controllers\Cetak->index()
#2 D:\xampp 7.4\htdocs\TPSInput\system\CodeIgniter.php(404): CodeIgniter\CodeIgniter->runController(Object(App\Controllers\Cetak))
#3 D:\xampp 7.4\htdocs\TPSInput\system\CodeIgniter.php(312): CodeIgniter\CodeIgniter->handleRequest(NULL, Object(Config\Cache), false)
#4 D:\xampp 7.4\htdocs\TPSInput\public\index.php(45): CodeIgniter\CodeIgniter->run()
#5 D:\xampp 7.4\htdocs\TPSInput\system\Commands\Server\rewrite.php(34): require_once('D:\\xampp 7.4\\ht...')
#6 {main}
CRITICAL - 2020-12-02 17:42:01 --> Cannot use a scalar value as an array
#0 D:\xampp 7.4\htdocs\TPSInput\app\Views\cetak\excel.php(76): CodeIgniter\Debug\Exceptions->errorHandler(2, 'Cannot use a sc...', 'D:\\xampp 7.4\\ht...', 76, Array)
#1 D:\xampp 7.4\htdocs\TPSInput\system\View\View.php(246): include('D:\\xampp 7.4\\ht...')
#2 D:\xampp 7.4\htdocs\TPSInput\system\Common.php(1119): CodeIgniter\View\View->render('cetak/excel', Array, true)
#3 D:\xampp 7.4\htdocs\TPSInput\app\Controllers\Cetak.php(62): view('cetak/excel', Array)
#4 D:\xampp 7.4\htdocs\TPSInput\system\CodeIgniter.php(918): App\Controllers\Cetak->excel()
#5 D:\xampp 7.4\htdocs\TPSInput\system\CodeIgniter.php(404): CodeIgniter\CodeIgniter->runController(Object(App\Controllers\Cetak))
#6 D:\xampp 7.4\htdocs\TPSInput\system\CodeIgniter.php(312): CodeIgniter\CodeIgniter->handleRequest(NULL, Object(Config\Cache), false)
#7 D:\xampp 7.4\htdocs\TPSInput\public\index.php(45): CodeIgniter\CodeIgniter->run()
#8 D:\xampp 7.4\htdocs\TPSInput\system\Commands\Server\rewrite.php(34): require_once('D:\\xampp 7.4\\ht...')
#9 {main}
CRITICAL - 2020-12-02 17:42:10 --> Cannot use a scalar value as an array
#0 D:\xampp 7.4\htdocs\TPSInput\app\Views\cetak\excel.php(76): CodeIgniter\Debug\Exceptions->errorHandler(2, 'Cannot use a sc...', 'D:\\xampp 7.4\\ht...', 76, Array)
#1 D:\xampp 7.4\htdocs\TPSInput\system\View\View.php(246): include('D:\\xampp 7.4\\ht...')
#2 D:\xampp 7.4\htdocs\TPSInput\system\Common.php(1119): CodeIgniter\View\View->render('cetak/excel', Array, true)
#3 D:\xampp 7.4\htdocs\TPSInput\app\Controllers\Cetak.php(62): view('cetak/excel', Array)
#4 D:\xampp 7.4\htdocs\TPSInput\system\CodeIgniter.php(918): App\Controllers\Cetak->excel()
#5 D:\xampp 7.4\htdocs\TPSInput\system\CodeIgniter.php(404): CodeIgniter\CodeIgniter->runController(Object(App\Controllers\Cetak))
#6 D:\xampp 7.4\htdocs\TPSInput\system\CodeIgniter.php(312): CodeIgniter\CodeIgniter->handleRequest(NULL, Object(Config\Cache), false)
#7 D:\xampp 7.4\htdocs\TPSInput\public\index.php(45): CodeIgniter\CodeIgniter->run()
#8 D:\xampp 7.4\htdocs\TPSInput\system\Commands\Server\rewrite.php(34): require_once('D:\\xampp 7.4\\ht...')
#9 {main}
CRITICAL - 2020-12-02 17:54:36 --> array_sum() expects parameter 1 to be array, int given
#0 [internal function]: CodeIgniter\Debug\Exceptions->errorHandler(2, 'array_sum() exp...', 'D:\\xampp 7.4\\ht...', 114, Array)
#1 D:\xampp 7.4\htdocs\TPSInput\app\Views\cetak\excel.php(114): array_sum(0)
#2 D:\xampp 7.4\htdocs\TPSInput\system\View\View.php(246): include('D:\\xampp 7.4\\ht...')
#3 D:\xampp 7.4\htdocs\TPSInput\system\Common.php(1119): CodeIgniter\View\View->render('cetak/excel', Array, true)
#4 D:\xampp 7.4\htdocs\TPSInput\app\Controllers\Cetak.php(62): view('cetak/excel', Array)
#5 D:\xampp 7.4\htdocs\TPSInput\system\CodeIgniter.php(918): App\Controllers\Cetak->excel()
#6 D:\xampp 7.4\htdocs\TPSInput\system\CodeIgniter.php(404): CodeIgniter\CodeIgniter->runController(Object(App\Controllers\Cetak))
#7 D:\xampp 7.4\htdocs\TPSInput\system\CodeIgniter.php(312): CodeIgniter\CodeIgniter->handleRequest(NULL, Object(Config\Cache), false)
#8 D:\xampp 7.4\htdocs\TPSInput\public\index.php(45): CodeIgniter\CodeIgniter->run()
#9 D:\xampp 7.4\htdocs\TPSInput\system\Commands\Server\rewrite.php(34): require_once('D:\\xampp 7.4\\ht...')
#10 {main}
CRITICAL - 2020-12-02 17:55:40 --> Undefined offset: 7
#0 D:\xampp 7.4\htdocs\TPSInput\app\Views\cetak\excel.php(114): CodeIgniter\Debug\Exceptions->errorHandler(8, 'Undefined offse...', 'D:\\xampp 7.4\\ht...', 114, Array)
#1 D:\xampp 7.4\htdocs\TPSInput\system\View\View.php(246): include('D:\\xampp 7.4\\ht...')
#2 D:\xampp 7.4\htdocs\TPSInput\system\Common.php(1119): CodeIgniter\View\View->render('cetak/excel', Array, true)
#3 D:\xampp 7.4\htdocs\TPSInput\app\Controllers\Cetak.php(62): view('cetak/excel', Array)
#4 D:\xampp 7.4\htdocs\TPSInput\system\CodeIgniter.php(918): App\Controllers\Cetak->excel()
#5 D:\xampp 7.4\htdocs\TPSInput\system\CodeIgniter.php(404): CodeIgniter\CodeIgniter->runController(Object(App\Controllers\Cetak))
#6 D:\xampp 7.4\htdocs\TPSInput\system\CodeIgniter.php(312): CodeIgniter\CodeIgniter->handleRequest(NULL, Object(Config\Cache), false)
#7 D:\xampp 7.4\htdocs\TPSInput\public\index.php(45): CodeIgniter\CodeIgniter->run()
#8 D:\xampp 7.4\htdocs\TPSInput\system\Commands\Server\rewrite.php(34): require_once('D:\\xampp 7.4\\ht...')
#9 {main}
CRITICAL - 2020-12-02 17:58:29 --> Undefined offset: 0
#0 D:\xampp 7.4\htdocs\TPSInput\app\Views\cetak\excel.php(114): CodeIgniter\Debug\Exceptions->errorHandler(8, 'Undefined offse...', 'D:\\xampp 7.4\\ht...', 114, Array)
#1 D:\xampp 7.4\htdocs\TPSInput\system\View\View.php(246): include('D:\\xampp 7.4\\ht...')
#2 D:\xampp 7.4\htdocs\TPSInput\system\Common.php(1119): CodeIgniter\View\View->render('cetak/excel', Array, true)
#3 D:\xampp 7.4\htdocs\TPSInput\app\Controllers\Cetak.php(62): view('cetak/excel', Array)
#4 D:\xampp 7.4\htdocs\TPSInput\system\CodeIgniter.php(918): App\Controllers\Cetak->excel()
#5 D:\xampp 7.4\htdocs\TPSInput\system\CodeIgniter.php(404): CodeIgniter\CodeIgniter->runController(Object(App\Controllers\Cetak))
#6 D:\xampp 7.4\htdocs\TPSInput\system\CodeIgniter.php(312): CodeIgniter\CodeIgniter->handleRequest(NULL, Object(Config\Cache), false)
#7 D:\xampp 7.4\htdocs\TPSInput\public\index.php(45): CodeIgniter\CodeIgniter->run()
#8 D:\xampp 7.4\htdocs\TPSInput\system\Commands\Server\rewrite.php(34): require_once('D:\\xampp 7.4\\ht...')
#9 {main}
CRITICAL - 2020-12-02 17:58:40 --> Undefined offset: 7
#0 D:\xampp 7.4\htdocs\TPSInput\app\Views\cetak\excel.php(114): CodeIgniter\Debug\Exceptions->errorHandler(8, 'Undefined offse...', 'D:\\xampp 7.4\\ht...', 114, Array)
#1 D:\xampp 7.4\htdocs\TPSInput\system\View\View.php(246): include('D:\\xampp 7.4\\ht...')
#2 D:\xampp 7.4\htdocs\TPSInput\system\Common.php(1119): CodeIgniter\View\View->render('cetak/excel', Array, true)
#3 D:\xampp 7.4\htdocs\TPSInput\app\Controllers\Cetak.php(62): view('cetak/excel', Array)
#4 D:\xampp 7.4\htdocs\TPSInput\system\CodeIgniter.php(918): App\Controllers\Cetak->excel()
#5 D:\xampp 7.4\htdocs\TPSInput\system\CodeIgniter.php(404): CodeIgniter\CodeIgniter->runController(Object(App\Controllers\Cetak))
#6 D:\xampp 7.4\htdocs\TPSInput\system\CodeIgniter.php(312): CodeIgniter\CodeIgniter->handleRequest(NULL, Object(Config\Cache), false)
#7 D:\xampp 7.4\htdocs\TPSInput\public\index.php(45): CodeIgniter\CodeIgniter->run()
#8 D:\xampp 7.4\htdocs\TPSInput\system\Commands\Server\rewrite.php(34): require_once('D:\\xampp 7.4\\ht...')
#9 {main}
CRITICAL - 2020-12-02 18:00:24 --> Undefined offset: 7
#0 D:\xampp 7.4\htdocs\TPSInput\app\Views\cetak\excel.php(114): CodeIgniter\Debug\Exceptions->errorHandler(8, 'Undefined offse...', 'D:\\xampp 7.4\\ht...', 114, Array)
#1 D:\xampp 7.4\htdocs\TPSInput\system\View\View.php(246): include('D:\\xampp 7.4\\ht...')
#2 D:\xampp 7.4\htdocs\TPSInput\system\Common.php(1119): CodeIgniter\View\View->render('cetak/excel', Array, true)
#3 D:\xampp 7.4\htdocs\TPSInput\app\Controllers\Cetak.php(62): view('cetak/excel', Array)
#4 D:\xampp 7.4\htdocs\TPSInput\system\CodeIgniter.php(918): App\Controllers\Cetak->excel()
#5 D:\xampp 7.4\htdocs\TPSInput\system\CodeIgniter.php(404): CodeIgniter\CodeIgniter->runController(Object(App\Controllers\Cetak))
#6 D:\xampp 7.4\htdocs\TPSInput\system\CodeIgniter.php(312): CodeIgniter\CodeIgniter->handleRequest(NULL, Object(Config\Cache), false)
#7 D:\xampp 7.4\htdocs\TPSInput\public\index.php(45): CodeIgniter\CodeIgniter->run()
#8 D:\xampp 7.4\htdocs\TPSInput\system\Commands\Server\rewrite.php(34): require_once('D:\\xampp 7.4\\ht...')
#9 {main}
CRITICAL - 2020-12-02 18:01:07 --> Cannot use [] for reading
#0 [internal function]: CodeIgniter\Debug\Exceptions->shutdownHandler()
#1 {main}
CRITICAL - 2020-12-02 18:01:15 --> Undefined offset: 7
#0 D:\xampp 7.4\htdocs\TPSInput\app\Views\cetak\excel.php(114): CodeIgniter\Debug\Exceptions->errorHandler(8, 'Undefined offse...', 'D:\\xampp 7.4\\ht...', 114, Array)
#1 D:\xampp 7.4\htdocs\TPSInput\system\View\View.php(246): include('D:\\xampp 7.4\\ht...')
#2 D:\xampp 7.4\htdocs\TPSInput\system\Common.php(1119): CodeIgniter\View\View->render('cetak/excel', Array, true)
#3 D:\xampp 7.4\htdocs\TPSInput\app\Controllers\Cetak.php(62): view('cetak/excel', Array)
#4 D:\xampp 7.4\htdocs\TPSInput\system\CodeIgniter.php(918): App\Controllers\Cetak->excel()
#5 D:\xampp 7.4\htdocs\TPSInput\system\CodeIgniter.php(404): CodeIgniter\CodeIgniter->runController(Object(App\Controllers\Cetak))
#6 D:\xampp 7.4\htdocs\TPSInput\system\CodeIgniter.php(312): CodeIgniter\CodeIgniter->handleRequest(NULL, Object(Config\Cache), false)
#7 D:\xampp 7.4\htdocs\TPSInput\public\index.php(45): CodeIgniter\CodeIgniter->run()
#8 D:\xampp 7.4\htdocs\TPSInput\system\Commands\Server\rewrite.php(34): require_once('D:\\xampp 7.4\\ht...')
#9 {main}
CRITICAL - 2020-12-02 18:08:09 --> Undefined offset: 1
#0 D:\xampp 7.4\htdocs\TPSInput\app\Views\cetak\excel.php(114): CodeIgniter\Debug\Exceptions->errorHandler(8, 'Undefined offse...', 'D:\\xampp 7.4\\ht...', 114, Array)
#1 D:\xampp 7.4\htdocs\TPSInput\system\View\View.php(246): include('D:\\xampp 7.4\\ht...')
#2 D:\xampp 7.4\htdocs\TPSInput\system\Common.php(1119): CodeIgniter\View\View->render('cetak/excel', Array, true)
#3 D:\xampp 7.4\htdocs\TPSInput\app\Controllers\Cetak.php(62): view('cetak/excel', Array)
#4 D:\xampp 7.4\htdocs\TPSInput\system\CodeIgniter.php(918): App\Controllers\Cetak->excel()
#5 D:\xampp 7.4\htdocs\TPSInput\system\CodeIgniter.php(404): CodeIgniter\CodeIgniter->runController(Object(App\Controllers\Cetak))
#6 D:\xampp 7.4\htdocs\TPSInput\system\CodeIgniter.php(312): CodeIgniter\CodeIgniter->handleRequest(NULL, Object(Config\Cache), false)
#7 D:\xampp 7.4\htdocs\TPSInput\public\index.php(45): CodeIgniter\CodeIgniter->run()
#8 D:\xampp 7.4\htdocs\TPSInput\system\Commands\Server\rewrite.php(34): require_once('D:\\xampp 7.4\\ht...')
#9 {main}
CRITICAL - 2020-12-02 18:08:19 --> Cannot use [] for reading
#0 [internal function]: CodeIgniter\Debug\Exceptions->shutdownHandler()
#1 {main}
CRITICAL - 2020-12-02 18:10:47 --> Undefined offset: 1
#0 D:\xampp 7.4\htdocs\TPSInput\app\Views\cetak\excel.php(114): CodeIgniter\Debug\Exceptions->errorHandler(8, 'Undefined offse...', 'D:\\xampp 7.4\\ht...', 114, Array)
#1 D:\xampp 7.4\htdocs\TPSInput\system\View\View.php(246): include('D:\\xampp 7.4\\ht...')
#2 D:\xampp 7.4\htdocs\TPSInput\system\Common.php(1119): CodeIgniter\View\View->render('cetak/excel', Array, true)
#3 D:\xampp 7.4\htdocs\TPSInput\app\Controllers\Cetak.php(62): view('cetak/excel', Array)
#4 D:\xampp 7.4\htdocs\TPSInput\system\CodeIgniter.php(918): App\Controllers\Cetak->excel()
#5 D:\xampp 7.4\htdocs\TPSInput\system\CodeIgniter.php(404): CodeIgniter\CodeIgniter->runController(Object(App\Controllers\Cetak))
#6 D:\xampp 7.4\htdocs\TPSInput\system\CodeIgniter.php(312): CodeIgniter\CodeIgniter->handleRequest(NULL, Object(Config\Cache), false)
#7 D:\xampp 7.4\htdocs\TPSInput\public\index.php(45): CodeIgniter\CodeIgniter->run()
#8 D:\xampp 7.4\htdocs\TPSInput\system\Commands\Server\rewrite.php(34): require_once('D:\\xampp 7.4\\ht...')
#9 {main}
CRITICAL - 2020-12-02 18:13:19 --> array_sum() expects parameter 1 to be array, string given
#0 [internal function]: CodeIgniter\Debug\Exceptions->errorHandler(2, 'array_sum() exp...', 'D:\\xampp 7.4\\ht...', 119, Array)
#1 D:\xampp 7.4\htdocs\TPSInput\app\Views\cetak\excel.php(119): array_sum('0')
#2 D:\xampp 7.4\htdocs\TPSInput\system\View\View.php(246): include('D:\\xampp 7.4\\ht...')
#3 D:\xampp 7.4\htdocs\TPSInput\system\Common.php(1119): CodeIgniter\View\View->render('cetak/excel', Array, true)
#4 D:\xampp 7.4\htdocs\TPSInput\app\Controllers\Cetak.php(62): view('cetak/excel', Array)
#5 D:\xampp 7.4\htdocs\TPSInput\system\CodeIgniter.php(918): App\Controllers\Cetak->excel()
#6 D:\xampp 7.4\htdocs\TPSInput\system\CodeIgniter.php(404): CodeIgniter\CodeIgniter->runController(Object(App\Controllers\Cetak))
#7 D:\xampp 7.4\htdocs\TPSInput\system\CodeIgniter.php(312): CodeIgniter\CodeIgniter->handleRequest(NULL, Object(Config\Cache), false)
#8 D:\xampp 7.4\htdocs\TPSInput\public\index.php(45): CodeIgniter\CodeIgniter->run()
#9 D:\xampp 7.4\htdocs\TPSInput\system\Commands\Server\rewrite.php(34): require_once('D:\\xampp 7.4\\ht...')
#10 {main}
CRITICAL - 2020-12-02 18:16:29 --> Array to string conversion
#0 D:\xampp 7.4\htdocs\TPSInput\app\Views\cetak\excel.php(106): CodeIgniter\Debug\Exceptions->errorHandler(8, 'Array to string...', 'D:\\xampp 7.4\\ht...', 106, Array)
#1 D:\xampp 7.4\htdocs\TPSInput\system\View\View.php(246): include('D:\\xampp 7.4\\ht...')
#2 D:\xampp 7.4\htdocs\TPSInput\system\Common.php(1119): CodeIgniter\View\View->render('cetak/excel', Array, true)
#3 D:\xampp 7.4\htdocs\TPSInput\app\Controllers\Cetak.php(62): view('cetak/excel', Array)
#4 D:\xampp 7.4\htdocs\TPSInput\system\CodeIgniter.php(918): App\Controllers\Cetak->excel()
#5 D:\xampp 7.4\htdocs\TPSInput\system\CodeIgniter.php(404): CodeIgniter\CodeIgniter->runController(Object(App\Controllers\Cetak))
#6 D:\xampp 7.4\htdocs\TPSInput\system\CodeIgniter.php(312): CodeIgniter\CodeIgniter->handleRequest(NULL, Object(Config\Cache), false)
#7 D:\xampp 7.4\htdocs\TPSInput\public\index.php(45): CodeIgniter\CodeIgniter->run()
#8 D:\xampp 7.4\htdocs\TPSInput\system\Commands\Server\rewrite.php(34): require_once('D:\\xampp 7.4\\ht...')
#9 {main}
CRITICAL - 2020-12-02 18:35:04 --> A non-numeric value encountered
#0 D:\xampp 7.4\htdocs\TPSInput\app\Views\users\home.php(57): CodeIgniter\Debug\Exceptions->errorHandler(2, 'A non-numeric v...', 'D:\\xampp 7.4\\ht...', 57, Array)
#1 D:\xampp 7.4\htdocs\TPSInput\system\View\View.php(246): include('D:\\xampp 7.4\\ht...')
#2 D:\xampp 7.4\htdocs\TPSInput\system\Common.php(1119): CodeIgniter\View\View->render('users/home', Array, true)
#3 D:\xampp 7.4\htdocs\TPSInput\app\Controllers\Home.php(44): view('users/home', Array)
#4 D:\xampp 7.4\htdocs\TPSInput\system\CodeIgniter.php(918): App\Controllers\Home->index()
#5 D:\xampp 7.4\htdocs\TPSInput\system\CodeIgniter.php(404): CodeIgniter\CodeIgniter->runController(Object(App\Controllers\Home))
#6 D:\xampp 7.4\htdocs\TPSInput\system\CodeIgniter.php(312): CodeIgniter\CodeIgniter->handleRequest(NULL, Object(Config\Cache), false)
#7 D:\xampp 7.4\htdocs\TPSInput\public\index.php(45): CodeIgniter\CodeIgniter->run()
#8 D:\xampp 7.4\htdocs\TPSInput\system\Commands\Server\rewrite.php(34): require_once('D:\\xampp 7.4\\ht...')
#9 {main}
CRITICAL - 2020-12-02 18:35:10 --> A non-numeric value encountered
#0 D:\xampp 7.4\htdocs\TPSInput\app\Views\users\home.php(57): CodeIgniter\Debug\Exceptions->errorHandler(2, 'A non-numeric v...', 'D:\\xampp 7.4\\ht...', 57, Array)
#1 D:\xampp 7.4\htdocs\TPSInput\system\View\View.php(246): include('D:\\xampp 7.4\\ht...')
#2 D:\xampp 7.4\htdocs\TPSInput\system\Common.php(1119): CodeIgniter\View\View->render('users/home', Array, true)
#3 D:\xampp 7.4\htdocs\TPSInput\app\Controllers\Home.php(44): view('users/home', Array)
#4 D:\xampp 7.4\htdocs\TPSInput\system\CodeIgniter.php(918): App\Controllers\Home->index()
#5 D:\xampp 7.4\htdocs\TPSInput\system\CodeIgniter.php(404): CodeIgniter\CodeIgniter->runController(Object(App\Controllers\Home))
#6 D:\xampp 7.4\htdocs\TPSInput\system\CodeIgniter.php(312): CodeIgniter\CodeIgniter->handleRequest(NULL, Object(Config\Cache), false)
#7 D:\xampp 7.4\htdocs\TPSInput\public\index.php(45): CodeIgniter\CodeIgniter->run()
#8 D:\xampp 7.4\htdocs\TPSInput\system\Commands\Server\rewrite.php(34): require_once('D:\\xampp 7.4\\ht...')
#9 {main}
CRITICAL - 2020-12-02 18:35:17 --> A non-numeric value encountered
#0 D:\xampp 7.4\htdocs\TPSInput\app\Views\users\home.php(57): CodeIgniter\Debug\Exceptions->errorHandler(2, 'A non-numeric v...', 'D:\\xampp 7.4\\ht...', 57, Array)
#1 D:\xampp 7.4\htdocs\TPSInput\system\View\View.php(246): include('D:\\xampp 7.4\\ht...')
#2 D:\xampp 7.4\htdocs\TPSInput\system\Common.php(1119): CodeIgniter\View\View->render('users/home', Array, true)
#3 D:\xampp 7.4\htdocs\TPSInput\app\Controllers\Home.php(44): view('users/home', Array)
#4 D:\xampp 7.4\htdocs\TPSInput\system\CodeIgniter.php(918): App\Controllers\Home->index()
#5 D:\xampp 7.4\htdocs\TPSInput\system\CodeIgniter.php(404): CodeIgniter\CodeIgniter->runController(Object(App\Controllers\Home))
#6 D:\xampp 7.4\htdocs\TPSInput\system\CodeIgniter.php(312): CodeIgniter\CodeIgniter->handleRequest(NULL, Object(Config\Cache), false)
#7 D:\xampp 7.4\htdocs\TPSInput\public\index.php(45): CodeIgniter\CodeIgniter->run()
#8 D:\xampp 7.4\htdocs\TPSInput\system\Commands\Server\rewrite.php(34): require_once('D:\\xampp 7.4\\ht...')
#9 {main}
CRITICAL - 2020-12-02 19:39:19 --> A non-numeric value encountered
#0 D:\xampp 7.4\htdocs\TPSInput\app\Views\users\home.php(57): CodeIgniter\Debug\Exceptions->errorHandler(2, 'A non-numeric v...', 'D:\\xampp 7.4\\ht...', 57, Array)
#1 D:\xampp 7.4\htdocs\TPSInput\system\View\View.php(246): include('D:\\xampp 7.4\\ht...')
#2 D:\xampp 7.4\htdocs\TPSInput\system\Common.php(1119): CodeIgniter\View\View->render('users/home', Array, true)
#3 D:\xampp 7.4\htdocs\TPSInput\app\Controllers\Home.php(44): view('users/home', Array)
#4 D:\xampp 7.4\htdocs\TPSInput\system\CodeIgniter.php(918): App\Controllers\Home->index()
#5 D:\xampp 7.4\htdocs\TPSInput\system\CodeIgniter.php(404): CodeIgniter\CodeIgniter->runController(Object(App\Controllers\Home))
#6 D:\xampp 7.4\htdocs\TPSInput\system\CodeIgniter.php(312): CodeIgniter\CodeIgniter->handleRequest(NULL, Object(Config\Cache), false)
#7 D:\xampp 7.4\htdocs\TPSInput\public\index.php(45): CodeIgniter\CodeIgniter->run()
#8 D:\xampp 7.4\htdocs\TPSInput\system\Commands\Server\rewrite.php(34): require_once('D:\\xampp 7.4\\ht...')
#9 {main}
CRITICAL - 2020-12-02 19:39:29 --> A non-numeric value encountered
#0 D:\xampp 7.4\htdocs\TPSInput\app\Views\users\home.php(57): CodeIgniter\Debug\Exceptions->errorHandler(2, 'A non-numeric v...', 'D:\\xampp 7.4\\ht...', 57, Array)
#1 D:\xampp 7.4\htdocs\TPSInput\system\View\View.php(246): include('D:\\xampp 7.4\\ht...')
#2 D:\xampp 7.4\htdocs\TPSInput\system\Common.php(1119): CodeIgniter\View\View->render('users/home', Array, true)
#3 D:\xampp 7.4\htdocs\TPSInput\app\Controllers\Home.php(44): view('users/home', Array)
#4 D:\xampp 7.4\htdocs\TPSInput\system\CodeIgniter.php(918): App\Controllers\Home->index()
#5 D:\xampp 7.4\htdocs\TPSInput\system\CodeIgniter.php(404): CodeIgniter\CodeIgniter->runController(Object(App\Controllers\Home))
#6 D:\xampp 7.4\htdocs\TPSInput\system\CodeIgniter.php(312): CodeIgniter\CodeIgniter->handleRequest(NULL, Object(Config\Cache), false)
#7 D:\xampp 7.4\htdocs\TPSInput\public\index.php(45): CodeIgniter\CodeIgniter->run()
#8 D:\xampp 7.4\htdocs\TPSInput\system\Commands\Server\rewrite.php(34): require_once('D:\\xampp 7.4\\ht...')
#9 {main}
CRITICAL - 2020-12-02 19:39:55 --> A non-numeric value encountered
#0 D:\xampp 7.4\htdocs\TPSInput\app\Views\users\home.php(57): CodeIgniter\Debug\Exceptions->errorHandler(2, 'A non-numeric v...', 'D:\\xampp 7.4\\ht...', 57, Array)
#1 D:\xampp 7.4\htdocs\TPSInput\system\View\View.php(246): include('D:\\xampp 7.4\\ht...')
#2 D:\xampp 7.4\htdocs\TPSInput\system\Common.php(1119): CodeIgniter\View\View->render('users/home', Array, true)
#3 D:\xampp 7.4\htdocs\TPSInput\app\Controllers\Home.php(44): view('users/home', Array)
#4 D:\xampp 7.4\htdocs\TPSInput\system\CodeIgniter.php(918): App\Controllers\Home->index()
#5 D:\xampp 7.4\htdocs\TPSInput\system\CodeIgniter.php(404): CodeIgniter\CodeIgniter->runController(Object(App\Controllers\Home))
#6 D:\xampp 7.4\htdocs\TPSInput\system\CodeIgniter.php(312): CodeIgniter\CodeIgniter->handleRequest(NULL, Object(Config\Cache), false)
#7 D:\xampp 7.4\htdocs\TPSInput\public\index.php(45): CodeIgniter\CodeIgniter->run()
#8 D:\xampp 7.4\htdocs\TPSInput\system\Commands\Server\rewrite.php(34): require_once('D:\\xampp 7.4\\ht...')
#9 {main}
CRITICAL - 2020-12-02 19:40:07 --> A non-numeric value encountered
#0 D:\xampp 7.4\htdocs\TPSInput\app\Views\users\home.php(57): CodeIgniter\Debug\Exceptions->errorHandler(2, 'A non-numeric v...', 'D:\\xampp 7.4\\ht...', 57, Array)
#1 D:\xampp 7.4\htdocs\TPSInput\system\View\View.php(246): include('D:\\xampp 7.4\\ht...')
#2 D:\xampp 7.4\htdocs\TPSInput\system\Common.php(1119): CodeIgniter\View\View->render('users/home', Array, true)
#3 D:\xampp 7.4\htdocs\TPSInput\app\Controllers\Home.php(44): view('users/home', Array)
#4 D:\xampp 7.4\htdocs\TPSInput\system\CodeIgniter.php(918): App\Controllers\Home->index()
#5 D:\xampp 7.4\htdocs\TPSInput\system\CodeIgniter.php(404): CodeIgniter\CodeIgniter->runController(Object(App\Controllers\Home))
#6 D:\xampp 7.4\htdocs\TPSInput\system\CodeIgniter.php(312): CodeIgniter\CodeIgniter->handleRequest(NULL, Object(Config\Cache), false)
#7 D:\xampp 7.4\htdocs\TPSInput\public\index.php(45): CodeIgniter\CodeIgniter->run()
#8 D:\xampp 7.4\htdocs\TPSInput\system\Commands\Server\rewrite.php(34): require_once('D:\\xampp 7.4\\ht...')
#9 {main}
CRITICAL - 2020-12-02 19:40:10 --> A non-numeric value encountered
#0 D:\xampp 7.4\htdocs\TPSInput\app\Views\users\home.php(57): CodeIgniter\Debug\Exceptions->errorHandler(2, 'A non-numeric v...', 'D:\\xampp 7.4\\ht...', 57, Array)
#1 D:\xampp 7.4\htdocs\TPSInput\system\View\View.php(246): include('D:\\xampp 7.4\\ht...')
#2 D:\xampp 7.4\htdocs\TPSInput\system\Common.php(1119): CodeIgniter\View\View->render('users/home', Array, true)
#3 D:\xampp 7.4\htdocs\TPSInput\app\Controllers\Home.php(44): view('users/home', Array)
#4 D:\xampp 7.4\htdocs\TPSInput\system\CodeIgniter.php(918): App\Controllers\Home->index()
#5 D:\xampp 7.4\htdocs\TPSInput\system\CodeIgniter.php(404): CodeIgniter\CodeIgniter->runController(Object(App\Controllers\Home))
#6 D:\xampp 7.4\htdocs\TPSInput\system\CodeIgniter.php(312): CodeIgniter\CodeIgniter->handleRequest(NULL, Object(Config\Cache), false)
#7 D:\xampp 7.4\htdocs\TPSInput\public\index.php(45): CodeIgniter\CodeIgniter->run()
#8 D:\xampp 7.4\htdocs\TPSInput\system\Commands\Server\rewrite.php(34): require_once('D:\\xampp 7.4\\ht...')
#9 {main}
CRITICAL - 2020-12-02 19:40:13 --> A non-numeric value encountered
#0 D:\xampp 7.4\htdocs\TPSInput\app\Views\users\home.php(57): CodeIgniter\Debug\Exceptions->errorHandler(2, 'A non-numeric v...', 'D:\\xampp 7.4\\ht...', 57, Array)
#1 D:\xampp 7.4\htdocs\TPSInput\system\View\View.php(246): include('D:\\xampp 7.4\\ht...')
#2 D:\xampp 7.4\htdocs\TPSInput\system\Common.php(1119): CodeIgniter\View\View->render('users/home', Array, true)
#3 D:\xampp 7.4\htdocs\TPSInput\app\Controllers\Home.php(44): view('users/home', Array)
#4 D:\xampp 7.4\htdocs\TPSInput\system\CodeIgniter.php(918): App\Controllers\Home->index()
#5 D:\xampp 7.4\htdocs\TPSInput\system\CodeIgniter.php(404): CodeIgniter\CodeIgniter->runController(Object(App\Controllers\Home))
#6 D:\xampp 7.4\htdocs\TPSInput\system\CodeIgniter.php(312): CodeIgniter\CodeIgniter->handleRequest(NULL, Object(Config\Cache), false)
#7 D:\xampp 7.4\htdocs\TPSInput\public\index.php(45): CodeIgniter\CodeIgniter->run()
#8 D:\xampp 7.4\htdocs\TPSInput\system\Commands\Server\rewrite.php(34): require_once('D:\\xampp 7.4\\ht...')
#9 {main}
CRITICAL - 2020-12-02 19:53:17 --> syntax error, unexpected 'else' (T_ELSE)
#0 D:\xampp 7.4\htdocs\TPSInput\system\Common.php(1119): CodeIgniter\View\View->render('users/input-dat...', Array, true)
#1 D:\xampp 7.4\htdocs\TPSInput\app\Controllers\InputData.php(69): view('users/input-dat...', Array)
#2 D:\xampp 7.4\htdocs\TPSInput\system\CodeIgniter.php(918): App\Controllers\InputData->index('1')
#3 D:\xampp 7.4\htdocs\TPSInput\system\CodeIgniter.php(404): CodeIgniter\CodeIgniter->runController(Object(App\Controllers\InputData))
#4 D:\xampp 7.4\htdocs\TPSInput\system\CodeIgniter.php(312): CodeIgniter\CodeIgniter->handleRequest(NULL, Object(Config\Cache), false)
#5 D:\xampp 7.4\htdocs\TPSInput\public\index.php(45): CodeIgniter\CodeIgniter->run()
#6 D:\xampp 7.4\htdocs\TPSInput\system\Commands\Server\rewrite.php(34): require_once('D:\\xampp 7.4\\ht...')
#7 {main}
CRITICAL - 2020-12-02 19:53:46 --> syntax error, unexpected 'else' (T_ELSE)
#0 D:\xampp 7.4\htdocs\TPSInput\system\Common.php(1119): CodeIgniter\View\View->render('users/input-dat...', Array, true)
#1 D:\xampp 7.4\htdocs\TPSInput\app\Controllers\InputData.php(69): view('users/input-dat...', Array)
#2 D:\xampp 7.4\htdocs\TPSInput\system\CodeIgniter.php(918): App\Controllers\InputData->index('1')
#3 D:\xampp 7.4\htdocs\TPSInput\system\CodeIgniter.php(404): CodeIgniter\CodeIgniter->runController(Object(App\Controllers\InputData))
#4 D:\xampp 7.4\htdocs\TPSInput\system\CodeIgniter.php(312): CodeIgniter\CodeIgniter->handleRequest(NULL, Object(Config\Cache), false)
#5 D:\xampp 7.4\htdocs\TPSInput\public\index.php(45): CodeIgniter\CodeIgniter->run()
#6 D:\xampp 7.4\htdocs\TPSInput\system\Commands\Server\rewrite.php(34): require_once('D:\\xampp 7.4\\ht...')
#7 {main}
CRITICAL - 2020-12-02 19:53:50 --> syntax error, unexpected 'else' (T_ELSE)
#0 D:\xampp 7.4\htdocs\TPSInput\system\Common.php(1119): CodeIgniter\View\View->render('users/input-dat...', Array, true)
#1 D:\xampp 7.4\htdocs\TPSInput\app\Controllers\InputData.php(69): view('users/input-dat...', Array)
#2 D:\xampp 7.4\htdocs\TPSInput\system\CodeIgniter.php(918): App\Controllers\InputData->index('1')
#3 D:\xampp 7.4\htdocs\TPSInput\system\CodeIgniter.php(404): CodeIgniter\CodeIgniter->runController(Object(App\Controllers\InputData))
#4 D:\xampp 7.4\htdocs\TPSInput\system\CodeIgniter.php(312): CodeIgniter\CodeIgniter->handleRequest(NULL, Object(Config\Cache), false)
#5 D:\xampp 7.4\htdocs\TPSInput\public\index.php(45): CodeIgniter\CodeIgniter->run()
#6 D:\xampp 7.4\htdocs\TPSInput\system\Commands\Server\rewrite.php(34): require_once('D:\\xampp 7.4\\ht...')
#7 {main}
CRITICAL - 2020-12-02 19:54:18 --> Trying to access array offset on value of type null
#0 D:\xampp 7.4\htdocs\TPSInput\app\Views\users\input-data.php(113): CodeIgniter\Debug\Exceptions->errorHandler(8, 'Trying to acces...', 'D:\\xampp 7.4\\ht...', 113, Array)
#1 D:\xampp 7.4\htdocs\TPSInput\system\View\View.php(246): include('D:\\xampp 7.4\\ht...')
#2 D:\xampp 7.4\htdocs\TPSInput\system\Common.php(1119): CodeIgniter\View\View->render('users/input-dat...', Array, true)
#3 D:\xampp 7.4\htdocs\TPSInput\app\Controllers\InputData.php(69): view('users/input-dat...', Array)
#4 D:\xampp 7.4\htdocs\TPSInput\system\CodeIgniter.php(918): App\Controllers\InputData->index('1')
#5 D:\xampp 7.4\htdocs\TPSInput\system\CodeIgniter.php(404): CodeIgniter\CodeIgniter->runController(Object(App\Controllers\InputData))
#6 D:\xampp 7.4\htdocs\TPSInput\system\CodeIgniter.php(312): CodeIgniter\CodeIgniter->handleRequest(NULL, Object(Config\Cache), false)
#7 D:\xampp 7.4\htdocs\TPSInput\public\index.php(45): CodeIgniter\CodeIgniter->run()
#8 D:\xampp 7.4\htdocs\TPSInput\system\Commands\Server\rewrite.php(34): require_once('D:\\xampp 7.4\\ht...')
#9 {main}
CRITICAL - 2020-12-02 20:04:54 --> Invalid file: users/input-data/1edit=1.php
#0 D:\xampp 7.4\htdocs\TPSInput\system\View\View.php(228): CodeIgniter\Exceptions\FrameworkException::forInvalidFile('users/input-dat...')
#1 D:\xampp 7.4\htdocs\TPSInput\system\Common.php(1119): CodeIgniter\View\View->render('users/input-dat...', Array, true)
#2 D:\xampp 7.4\htdocs\TPSInput\app\Controllers\InputData.php(71): view('users/input-dat...', Array)
#3 D:\xampp 7.4\htdocs\TPSInput\system\CodeIgniter.php(918): App\Controllers\InputData->index('1')
#4 D:\xampp 7.4\htdocs\TPSInput\system\CodeIgniter.php(404): CodeIgniter\CodeIgniter->runController(Object(App\Controllers\InputData))
#5 D:\xampp 7.4\htdocs\TPSInput\system\CodeIgniter.php(312): CodeIgniter\CodeIgniter->handleRequest(NULL, Object(Config\Cache), false)
#6 D:\xampp 7.4\htdocs\TPSInput\public\index.php(45): CodeIgniter\CodeIgniter->run()
#7 D:\xampp 7.4\htdocs\TPSInput\system\Commands\Server\rewrite.php(34): require_once('D:\\xampp 7.4\\ht...')
#8 {main}
CRITICAL - 2020-12-02 20:08:34 --> Trying to access array offset on value of type null
#0 D:\xampp 7.4\htdocs\TPSInput\app\Views\users\input-data.php(116): CodeIgniter\Debug\Exceptions->errorHandler(8, 'Trying to acces...', 'D:\\xampp 7.4\\ht...', 116, Array)
#1 D:\xampp 7.4\htdocs\TPSInput\system\View\View.php(246): include('D:\\xampp 7.4\\ht...')
#2 D:\xampp 7.4\htdocs\TPSInput\system\Common.php(1119): CodeIgniter\View\View->render('users/input-dat...', Array, true)
#3 D:\xampp 7.4\htdocs\TPSInput\app\Controllers\InputData.php(76): view('users/input-dat...', Array)
#4 D:\xampp 7.4\htdocs\TPSInput\system\CodeIgniter.php(918): App\Controllers\InputData->index('1')
#5 D:\xampp 7.4\htdocs\TPSInput\system\CodeIgniter.php(404): CodeIgniter\CodeIgniter->runController(Object(App\Controllers\InputData))
#6 D:\xampp 7.4\htdocs\TPSInput\system\CodeIgniter.php(312): CodeIgniter\CodeIgniter->handleRequest(NULL, Object(Config\Cache), false)
#7 D:\xampp 7.4\htdocs\TPSInput\public\index.php(45): CodeIgniter\CodeIgniter->run()
#8 D:\xampp 7.4\htdocs\TPSInput\system\Commands\Server\rewrite.php(34): require_once('D:\\xampp 7.4\\ht...')
#9 {main}
CRITICAL - 2020-12-02 20:13:51 --> Trying to access array offset on value of type null
#0 D:\xampp 7.4\htdocs\TPSInput\app\Views\users\input-data.php(121): CodeIgniter\Debug\Exceptions->errorHandler(8, 'Trying to acces...', 'D:\\xampp 7.4\\ht...', 121, Array)
#1 D:\xampp 7.4\htdocs\TPSInput\system\View\View.php(246): include('D:\\xampp 7.4\\ht...')
#2 D:\xampp 7.4\htdocs\TPSInput\system\Common.php(1119): CodeIgniter\View\View->render('users/input-dat...', Array, true)
#3 D:\xampp 7.4\htdocs\TPSInput\app\Controllers\InputData.php(76): view('users/input-dat...', Array)
#4 D:\xampp 7.4\htdocs\TPSInput\system\CodeIgniter.php(918): App\Controllers\InputData->index('1')
#5 D:\xampp 7.4\htdocs\TPSInput\system\CodeIgniter.php(404): CodeIgniter\CodeIgniter->runController(Object(App\Controllers\InputData))
#6 D:\xampp 7.4\htdocs\TPSInput\system\CodeIgniter.php(312): CodeIgniter\CodeIgniter->handleRequest(NULL, Object(Config\Cache), false)
#7 D:\xampp 7.4\htdocs\TPSInput\public\index.php(45): CodeIgniter\CodeIgniter->run()
#8 D:\xampp 7.4\htdocs\TPSInput\system\Commands\Server\rewrite.php(34): require_once('D:\\xampp 7.4\\ht...')
#9 {main}
CRITICAL - 2020-12-02 20:13:53 --> Trying to access array offset on value of type null
#0 D:\xampp 7.4\htdocs\TPSInput\app\Views\users\input-data.php(121): CodeIgniter\Debug\Exceptions->errorHandler(8, 'Trying to acces...', 'D:\\xampp 7.4\\ht...', 121, Array)
#1 D:\xampp 7.4\htdocs\TPSInput\system\View\View.php(246): include('D:\\xampp 7.4\\ht...')
#2 D:\xampp 7.4\htdocs\TPSInput\system\Common.php(1119): CodeIgniter\View\View->render('users/input-dat...', Array, true)
#3 D:\xampp 7.4\htdocs\TPSInput\app\Controllers\InputData.php(76): view('users/input-dat...', Array)
#4 D:\xampp 7.4\htdocs\TPSInput\system\CodeIgniter.php(918): App\Controllers\InputData->index('1')
#5 D:\xampp 7.4\htdocs\TPSInput\system\CodeIgniter.php(404): CodeIgniter\CodeIgniter->runController(Object(App\Controllers\InputData))
#6 D:\xampp 7.4\htdocs\TPSInput\system\CodeIgniter.php(312): CodeIgniter\CodeIgniter->handleRequest(NULL, Object(Config\Cache), false)
#7 D:\xampp 7.4\htdocs\TPSInput\public\index.php(45): CodeIgniter\CodeIgniter->run()
#8 D:\xampp 7.4\htdocs\TPSInput\system\Commands\Server\rewrite.php(34): require_once('D:\\xampp 7.4\\ht...')
#9 {main}
CRITICAL - 2020-12-02 20:14:27 --> Trying to access array offset on value of type null
#0 D:\xampp 7.4\htdocs\TPSInput\app\Views\users\input-data.php(121): CodeIgniter\Debug\Exceptions->errorHandler(8, 'Trying to acces...', 'D:\\xampp 7.4\\ht...', 121, Array)
#1 D:\xampp 7.4\htdocs\TPSInput\system\View\View.php(246): include('D:\\xampp 7.4\\ht...')
#2 D:\xampp 7.4\htdocs\TPSInput\system\Common.php(1119): CodeIgniter\View\View->render('users/input-dat...', Array, true)
#3 D:\xampp 7.4\htdocs\TPSInput\app\Controllers\InputData.php(76): view('users/input-dat...', Array)
#4 D:\xampp 7.4\htdocs\TPSInput\system\CodeIgniter.php(918): App\Controllers\InputData->index('1')
#5 D:\xampp 7.4\htdocs\TPSInput\system\CodeIgniter.php(404): CodeIgniter\CodeIgniter->runController(Object(App\Controllers\InputData))
#6 D:\xampp 7.4\htdocs\TPSInput\system\CodeIgniter.php(312): CodeIgniter\CodeIgniter->handleRequest(NULL, Object(Config\Cache), false)
#7 D:\xampp 7.4\htdocs\TPSInput\public\index.php(45): CodeIgniter\CodeIgniter->run()
#8 D:\xampp 7.4\htdocs\TPSInput\system\Commands\Server\rewrite.php(34): require_once('D:\\xampp 7.4\\ht...')
#9 {main}
CRITICAL - 2020-12-02 20:15:30 --> Illegal string offset 'tps'
#0 D:\xampp 7.4\htdocs\TPSInput\app\Views\users\input-data.php(121): CodeIgniter\Debug\Exceptions->errorHandler(2, 'Illegal string ...', 'D:\\xampp 7.4\\ht...', 121, Array)
#1 D:\xampp 7.4\htdocs\TPSInput\system\View\View.php(246): include('D:\\xampp 7.4\\ht...')
#2 D:\xampp 7.4\htdocs\TPSInput\system\Common.php(1119): CodeIgniter\View\View->render('users/input-dat...', Array, true)
#3 D:\xampp 7.4\htdocs\TPSInput\app\Controllers\InputData.php(76): view('users/input-dat...', Array)
#4 D:\xampp 7.4\htdocs\TPSInput\system\CodeIgniter.php(918): App\Controllers\InputData->index('1')
#5 D:\xampp 7.4\htdocs\TPSInput\system\CodeIgniter.php(404): CodeIgniter\CodeIgniter->runController(Object(App\Controllers\InputData))
#6 D:\xampp 7.4\htdocs\TPSInput\system\CodeIgniter.php(312): CodeIgniter\CodeIgniter->handleRequest(NULL, Object(Config\Cache), false)
#7 D:\xampp 7.4\htdocs\TPSInput\public\index.php(45): CodeIgniter\CodeIgniter->run()
#8 D:\xampp 7.4\htdocs\TPSInput\system\Commands\Server\rewrite.php(34): require_once('D:\\xampp 7.4\\ht...')
#9 {main}
CRITICAL - 2020-12-02 20:15:55 --> Trying to access array offset on value of type null
#0 D:\xampp 7.4\htdocs\TPSInput\app\Views\users\input-data.php(121): CodeIgniter\Debug\Exceptions->errorHandler(8, 'Trying to acces...', 'D:\\xampp 7.4\\ht...', 121, Array)
#1 D:\xampp 7.4\htdocs\TPSInput\system\View\View.php(246): include('D:\\xampp 7.4\\ht...')
#2 D:\xampp 7.4\htdocs\TPSInput\system\Common.php(1119): CodeIgniter\View\View->render('users/input-dat...', Array, true)
#3 D:\xampp 7.4\htdocs\TPSInput\app\Controllers\InputData.php(76): view('users/input-dat...', Array)
#4 D:\xampp 7.4\htdocs\TPSInput\system\CodeIgniter.php(918): App\Controllers\InputData->index('1')
#5 D:\xampp 7.4\htdocs\TPSInput\system\CodeIgniter.php(404): CodeIgniter\CodeIgniter->runController(Object(App\Controllers\InputData))
#6 D:\xampp 7.4\htdocs\TPSInput\system\CodeIgniter.php(312): CodeIgniter\CodeIgniter->handleRequest(NULL, Object(Config\Cache), false)
#7 D:\xampp 7.4\htdocs\TPSInput\public\index.php(45): CodeIgniter\CodeIgniter->run()
#8 D:\xampp 7.4\htdocs\TPSInput\system\Commands\Server\rewrite.php(34): require_once('D:\\xampp 7.4\\ht...')
#9 {main}
CRITICAL - 2020-12-02 20:16:41 --> Trying to access array offset on value of type null
#0 D:\xampp 7.4\htdocs\TPSInput\app\Views\users\input-data.php(121): CodeIgniter\Debug\Exceptions->errorHandler(8, 'Trying to acces...', 'D:\\xampp 7.4\\ht...', 121, Array)
#1 D:\xampp 7.4\htdocs\TPSInput\system\View\View.php(246): include('D:\\xampp 7.4\\ht...')
#2 D:\xampp 7.4\htdocs\TPSInput\system\Common.php(1119): CodeIgniter\View\View->render('users/input-dat...', Array, true)
#3 D:\xampp 7.4\htdocs\TPSInput\app\Controllers\InputData.php(76): view('users/input-dat...', Array)
#4 D:\xampp 7.4\htdocs\TPSInput\system\CodeIgniter.php(918): App\Controllers\InputData->index('1')
#5 D:\xampp 7.4\htdocs\TPSInput\system\CodeIgniter.php(404): CodeIgniter\CodeIgniter->runController(Object(App\Controllers\InputData))
#6 D:\xampp 7.4\htdocs\TPSInput\system\CodeIgniter.php(312): CodeIgniter\CodeIgniter->handleRequest(NULL, Object(Config\Cache), false)
#7 D:\xampp 7.4\htdocs\TPSInput\public\index.php(45): CodeIgniter\CodeIgniter->run()
#8 D:\xampp 7.4\htdocs\TPSInput\system\Commands\Server\rewrite.php(34): require_once('D:\\xampp 7.4\\ht...')
#9 {main}
CRITICAL - 2020-12-02 20:16:44 --> Trying to access array offset on value of type null
#0 D:\xampp 7.4\htdocs\TPSInput\app\Views\users\input-data.php(121): CodeIgniter\Debug\Exceptions->errorHandler(8, 'Trying to acces...', 'D:\\xampp 7.4\\ht...', 121, Array)
#1 D:\xampp 7.4\htdocs\TPSInput\system\View\View.php(246): include('D:\\xampp 7.4\\ht...')
#2 D:\xampp 7.4\htdocs\TPSInput\system\Common.php(1119): CodeIgniter\View\View->render('users/input-dat...', Array, true)
#3 D:\xampp 7.4\htdocs\TPSInput\app\Controllers\InputData.php(76): view('users/input-dat...', Array)
#4 D:\xampp 7.4\htdocs\TPSInput\system\CodeIgniter.php(918): App\Controllers\InputData->index('1')
#5 D:\xampp 7.4\htdocs\TPSInput\system\CodeIgniter.php(404): CodeIgniter\CodeIgniter->runController(Object(App\Controllers\InputData))
#6 D:\xampp 7.4\htdocs\TPSInput\system\CodeIgniter.php(312): CodeIgniter\CodeIgniter->handleRequest(NULL, Object(Config\Cache), false)
#7 D:\xampp 7.4\htdocs\TPSInput\public\index.php(45): CodeIgniter\CodeIgniter->run()
#8 D:\xampp 7.4\htdocs\TPSInput\system\Commands\Server\rewrite.php(34): require_once('D:\\xampp 7.4\\ht...')
#9 {main}
CRITICAL - 2020-12-02 20:16:47 --> Trying to access array offset on value of type null
#0 D:\xampp 7.4\htdocs\TPSInput\app\Views\users\input-data.php(121): CodeIgniter\Debug\Exceptions->errorHandler(8, 'Trying to acces...', 'D:\\xampp 7.4\\ht...', 121, Array)
#1 D:\xampp 7.4\htdocs\TPSInput\system\View\View.php(246): include('D:\\xampp 7.4\\ht...')
#2 D:\xampp 7.4\htdocs\TPSInput\system\Common.php(1119): CodeIgniter\View\View->render('users/input-dat...', Array, true)
#3 D:\xampp 7.4\htdocs\TPSInput\app\Controllers\InputData.php(76): view('users/input-dat...', Array)
#4 D:\xampp 7.4\htdocs\TPSInput\system\CodeIgniter.php(918): App\Controllers\InputData->index('1')
#5 D:\xampp 7.4\htdocs\TPSInput\system\CodeIgniter.php(404): CodeIgniter\CodeIgniter->runController(Object(App\Controllers\InputData))
#6 D:\xampp 7.4\htdocs\TPSInput\system\CodeIgniter.php(312): CodeIgniter\CodeIgniter->handleRequest(NULL, Object(Config\Cache), false)
#7 D:\xampp 7.4\htdocs\TPSInput\public\index.php(45): CodeIgniter\CodeIgniter->run()
#8 D:\xampp 7.4\htdocs\TPSInput\system\Commands\Server\rewrite.php(34): require_once('D:\\xampp 7.4\\ht...')
#9 {main}
CRITICAL - 2020-12-02 20:17:28 --> Trying to access array offset on value of type null
#0 D:\xampp 7.4\htdocs\TPSInput\app\Views\users\input-data.php(121): CodeIgniter\Debug\Exceptions->errorHandler(8, 'Trying to acces...', 'D:\\xampp 7.4\\ht...', 121, Array)
#1 D:\xampp 7.4\htdocs\TPSInput\system\View\View.php(246): include('D:\\xampp 7.4\\ht...')
#2 D:\xampp 7.4\htdocs\TPSInput\system\Common.php(1119): CodeIgniter\View\View->render('users/input-dat...', Array, true)
#3 D:\xampp 7.4\htdocs\TPSInput\app\Controllers\InputData.php(76): view('users/input-dat...', Array)
#4 D:\xampp 7.4\htdocs\TPSInput\system\CodeIgniter.php(918): App\Controllers\InputData->index('1')
#5 D:\xampp 7.4\htdocs\TPSInput\system\CodeIgniter.php(404): CodeIgniter\CodeIgniter->runController(Object(App\Controllers\InputData))
#6 D:\xampp 7.4\htdocs\TPSInput\system\CodeIgniter.php(312): CodeIgniter\CodeIgniter->handleRequest(NULL, Object(Config\Cache), false)
#7 D:\xampp 7.4\htdocs\TPSInput\public\index.php(45): CodeIgniter\CodeIgniter->run()
#8 D:\xampp 7.4\htdocs\TPSInput\system\Commands\Server\rewrite.php(34): require_once('D:\\xampp 7.4\\ht...')
#9 {main}
CRITICAL - 2020-12-02 20:18:09 -->  route cannot be found while reverse-routing.
#0 D:\xampp 7.4\htdocs\TPSInput\system\HTTP\RedirectResponse.php(92): CodeIgniter\HTTP\Exceptions\HTTPException::forInvalidRedirectRoute('')
#1 D:\xampp 7.4\htdocs\TPSInput\system\Common.php(845): CodeIgniter\HTTP\RedirectResponse->route(false)
#2 D:\xampp 7.4\htdocs\TPSInput\app\Views\users\input-data.php(111): redirect('/inputdata/1')
#3 D:\xampp 7.4\htdocs\TPSInput\system\View\View.php(246): include('D:\\xampp 7.4\\ht...')
#4 D:\xampp 7.4\htdocs\TPSInput\system\Common.php(1119): CodeIgniter\View\View->render('users/input-dat...', Array, true)
#5 D:\xampp 7.4\htdocs\TPSInput\app\Controllers\InputData.php(76): view('users/input-dat...', Array)
#6 D:\xampp 7.4\htdocs\TPSInput\system\CodeIgniter.php(918): App\Controllers\InputData->index('1')
#7 D:\xampp 7.4\htdocs\TPSInput\system\CodeIgniter.php(404): CodeIgniter\CodeIgniter->runController(Object(App\Controllers\InputData))
#8 D:\xampp 7.4\htdocs\TPSInput\system\CodeIgniter.php(312): CodeIgniter\CodeIgniter->handleRequest(NULL, Object(Config\Cache), false)
#9 D:\xampp 7.4\htdocs\TPSInput\public\index.php(45): CodeIgniter\CodeIgniter->run()
#10 D:\xampp 7.4\htdocs\TPSInput\system\Commands\Server\rewrite.php(34): require_once('D:\\xampp 7.4\\ht...')
#11 {main}
CRITICAL - 2020-12-02 20:18:28 --> Trying to access array offset on value of type null
#0 D:\xampp 7.4\htdocs\TPSInput\app\Views\users\input-data.php(122): CodeIgniter\Debug\Exceptions->errorHandler(8, 'Trying to acces...', 'D:\\xampp 7.4\\ht...', 122, Array)
#1 D:\xampp 7.4\htdocs\TPSInput\system\View\View.php(246): include('D:\\xampp 7.4\\ht...')
#2 D:\xampp 7.4\htdocs\TPSInput\system\Common.php(1119): CodeIgniter\View\View->render('users/input-dat...', Array, true)
#3 D:\xampp 7.4\htdocs\TPSInput\app\Controllers\InputData.php(76): view('users/input-dat...', Array)
#4 D:\xampp 7.4\htdocs\TPSInput\system\CodeIgniter.php(918): App\Controllers\InputData->index('1')
#5 D:\xampp 7.4\htdocs\TPSInput\system\CodeIgniter.php(404): CodeIgniter\CodeIgniter->runController(Object(App\Controllers\InputData))
#6 D:\xampp 7.4\htdocs\TPSInput\system\CodeIgniter.php(312): CodeIgniter\CodeIgniter->handleRequest(NULL, Object(Config\Cache), false)
#7 D:\xampp 7.4\htdocs\TPSInput\public\index.php(45): CodeIgniter\CodeIgniter->run()
#8 D:\xampp 7.4\htdocs\TPSInput\system\Commands\Server\rewrite.php(34): require_once('D:\\xampp 7.4\\ht...')
#9 {main}
CRITICAL - 2020-12-02 20:19:01 --> Trying to access array offset on value of type null
#0 D:\xampp 7.4\htdocs\TPSInput\app\Views\users\input-data.php(143): CodeIgniter\Debug\Exceptions->errorHandler(8, 'Trying to acces...', 'D:\\xampp 7.4\\ht...', 143, Array)
#1 D:\xampp 7.4\htdocs\TPSInput\system\View\View.php(246): include('D:\\xampp 7.4\\ht...')
#2 D:\xampp 7.4\htdocs\TPSInput\system\Common.php(1119): CodeIgniter\View\View->render('users/input-dat...', Array, true)
#3 D:\xampp 7.4\htdocs\TPSInput\app\Controllers\InputData.php(76): view('users/input-dat...', Array)
#4 D:\xampp 7.4\htdocs\TPSInput\system\CodeIgniter.php(918): App\Controllers\InputData->index('1')
#5 D:\xampp 7.4\htdocs\TPSInput\system\CodeIgniter.php(404): CodeIgniter\CodeIgniter->runController(Object(App\Controllers\InputData))
#6 D:\xampp 7.4\htdocs\TPSInput\system\CodeIgniter.php(312): CodeIgniter\CodeIgniter->handleRequest(NULL, Object(Config\Cache), false)
#7 D:\xampp 7.4\htdocs\TPSInput\public\index.php(45): CodeIgniter\CodeIgniter->run()
#8 D:\xampp 7.4\htdocs\TPSInput\system\Commands\Server\rewrite.php(34): require_once('D:\\xampp 7.4\\ht...')
#9 {main}
CRITICAL - 2020-12-02 20:32:06 --> Undefined variable: tps
#0 D:\xampp 7.4\htdocs\TPSInput\app\Views\users\input-data.php(189): CodeIgniter\Debug\Exceptions->errorHandler(8, 'Undefined varia...', 'D:\\xampp 7.4\\ht...', 189, Array)
#1 D:\xampp 7.4\htdocs\TPSInput\system\View\View.php(246): include('D:\\xampp 7.4\\ht...')
#2 D:\xampp 7.4\htdocs\TPSInput\system\Common.php(1119): CodeIgniter\View\View->render('users/input-dat...', Array, true)
#3 D:\xampp 7.4\htdocs\TPSInput\app\Controllers\InputData.php(77): view('users/input-dat...', Array)
#4 D:\xampp 7.4\htdocs\TPSInput\system\CodeIgniter.php(918): App\Controllers\InputData->index('1')
#5 D:\xampp 7.4\htdocs\TPSInput\system\CodeIgniter.php(404): CodeIgniter\CodeIgniter->runController(Object(App\Controllers\InputData))
#6 D:\xampp 7.4\htdocs\TPSInput\system\CodeIgniter.php(312): CodeIgniter\CodeIgniter->handleRequest(NULL, Object(Config\Cache), false)
#7 D:\xampp 7.4\htdocs\TPSInput\public\index.php(45): CodeIgniter\CodeIgniter->run()
#8 D:\xampp 7.4\htdocs\TPSInput\system\Commands\Server\rewrite.php(34): require_once('D:\\xampp 7.4\\ht...')
#9 {main}
CRITICAL - 2020-12-02 20:38:31 --> You have an error in your SQL syntax; check the manual that corresponds to your MariaDB server version for the right syntax to use near '' at line 5
#0 D:\xampp 7.4\htdocs\TPSInput\system\Database\MySQLi\Connection.php(331): mysqli->query('SELECT `tbl_tps...')
#1 D:\xampp 7.4\htdocs\TPSInput\system\Database\BaseConnection.php(741): CodeIgniter\Database\MySQLi\Connection->execute('SELECT `tbl_tps...')
#2 D:\xampp 7.4\htdocs\TPSInput\system\Database\BaseConnection.php(669): CodeIgniter\Database\BaseConnection->simpleQuery('SELECT `tbl_tps...')
#3 D:\xampp 7.4\htdocs\TPSInput\system\Model.php(1814): CodeIgniter\Database\BaseConnection->query('SELECT `tbl_tps...')
#4 D:\xampp 7.4\htdocs\TPSInput\app\Models\tpsModel.php(43): CodeIgniter\Model->__call('query', Array)
#5 D:\xampp 7.4\htdocs\TPSInput\app\Controllers\InputData.php(43): App\Models\TpsModel->getTpsByKelurahanId(NULL)
#6 D:\xampp 7.4\htdocs\TPSInput\system\CodeIgniter.php(918): App\Controllers\InputData->index()
#7 D:\xampp 7.4\htdocs\TPSInput\system\CodeIgniter.php(404): CodeIgniter\CodeIgniter->runController(Object(App\Controllers\InputData))
#8 D:\xampp 7.4\htdocs\TPSInput\system\CodeIgniter.php(312): CodeIgniter\CodeIgniter->handleRequest(NULL, Object(Config\Cache), false)
#9 D:\xampp 7.4\htdocs\TPSInput\public\index.php(45): CodeIgniter\CodeIgniter->run()
#10 D:\xampp 7.4\htdocs\TPSInput\system\Commands\Server\rewrite.php(34): require_once('D:\\xampp 7.4\\ht...')
#11 {main}
CRITICAL - 2020-12-02 20:48:53 --> Division by zero
#0 D:\xampp 7.4\htdocs\TPSInput\app\Views\users\home.php(57): CodeIgniter\Debug\Exceptions->errorHandler(2, 'Division by zer...', 'D:\\xampp 7.4\\ht...', 57, Array)
#1 D:\xampp 7.4\htdocs\TPSInput\system\View\View.php(246): include('D:\\xampp 7.4\\ht...')
#2 D:\xampp 7.4\htdocs\TPSInput\system\Common.php(1119): CodeIgniter\View\View->render('users/home', Array, true)
#3 D:\xampp 7.4\htdocs\TPSInput\app\Controllers\Home.php(44): view('users/home', Array)
#4 D:\xampp 7.4\htdocs\TPSInput\system\CodeIgniter.php(918): App\Controllers\Home->index()
#5 D:\xampp 7.4\htdocs\TPSInput\system\CodeIgniter.php(404): CodeIgniter\CodeIgniter->runController(Object(App\Controllers\Home))
#6 D:\xampp 7.4\htdocs\TPSInput\system\CodeIgniter.php(312): CodeIgniter\CodeIgniter->handleRequest(NULL, Object(Config\Cache), false)
#7 D:\xampp 7.4\htdocs\TPSInput\public\index.php(45): CodeIgniter\CodeIgniter->run()
#8 D:\xampp 7.4\htdocs\TPSInput\system\Commands\Server\rewrite.php(34): require_once('D:\\xampp 7.4\\ht...')
#9 {main}
CRITICAL - 2020-12-02 20:49:02 --> Undefined variable: totalTps
#0 D:\xampp 7.4\htdocs\TPSInput\app\Views\cetak\excel.php(118): CodeIgniter\Debug\Exceptions->errorHandler(8, 'Undefined varia...', 'D:\\xampp 7.4\\ht...', 118, Array)
#1 D:\xampp 7.4\htdocs\TPSInput\system\View\View.php(246): include('D:\\xampp 7.4\\ht...')
#2 D:\xampp 7.4\htdocs\TPSInput\system\Common.php(1119): CodeIgniter\View\View->render('cetak/excel', Array, true)
#3 D:\xampp 7.4\htdocs\TPSInput\app\Controllers\Cetak.php(65): view('cetak/excel', Array)
#4 D:\xampp 7.4\htdocs\TPSInput\system\CodeIgniter.php(918): App\Controllers\Cetak->excel()
#5 D:\xampp 7.4\htdocs\TPSInput\system\CodeIgniter.php(404): CodeIgniter\CodeIgniter->runController(Object(App\Controllers\Cetak))
#6 D:\xampp 7.4\htdocs\TPSInput\system\CodeIgniter.php(312): CodeIgniter\CodeIgniter->handleRequest(NULL, Object(Config\Cache), false)
#7 D:\xampp 7.4\htdocs\TPSInput\public\index.php(45): CodeIgniter\CodeIgniter->run()
#8 D:\xampp 7.4\htdocs\TPSInput\system\Commands\Server\rewrite.php(34): require_once('D:\\xampp 7.4\\ht...')
#9 {main}
CRITICAL - 2020-12-02 20:49:06 --> Division by zero
#0 D:\xampp 7.4\htdocs\TPSInput\app\Views\users\home.php(57): CodeIgniter\Debug\Exceptions->errorHandler(2, 'Division by zer...', 'D:\\xampp 7.4\\ht...', 57, Array)
#1 D:\xampp 7.4\htdocs\TPSInput\system\View\View.php(246): include('D:\\xampp 7.4\\ht...')
#2 D:\xampp 7.4\htdocs\TPSInput\system\Common.php(1119): CodeIgniter\View\View->render('users/home', Array, true)
#3 D:\xampp 7.4\htdocs\TPSInput\app\Controllers\Home.php(44): view('users/home', Array)
#4 D:\xampp 7.4\htdocs\TPSInput\system\CodeIgniter.php(918): App\Controllers\Home->index()
#5 D:\xampp 7.4\htdocs\TPSInput\system\CodeIgniter.php(404): CodeIgniter\CodeIgniter->runController(Object(App\Controllers\Home))
#6 D:\xampp 7.4\htdocs\TPSInput\system\CodeIgniter.php(312): CodeIgniter\CodeIgniter->handleRequest(NULL, Object(Config\Cache), false)
#7 D:\xampp 7.4\htdocs\TPSInput\public\index.php(45): CodeIgniter\CodeIgniter->run()
#8 D:\xampp 7.4\htdocs\TPSInput\system\Commands\Server\rewrite.php(34): require_once('D:\\xampp 7.4\\ht...')
#9 {main}
CRITICAL - 2020-12-02 20:49:30 --> Division by zero
#0 D:\xampp 7.4\htdocs\TPSInput\app\Views\users\home.php(57): CodeIgniter\Debug\Exceptions->errorHandler(2, 'Division by zer...', 'D:\\xampp 7.4\\ht...', 57, Array)
#1 D:\xampp 7.4\htdocs\TPSInput\system\View\View.php(246): include('D:\\xampp 7.4\\ht...')
#2 D:\xampp 7.4\htdocs\TPSInput\system\Common.php(1119): CodeIgniter\View\View->render('users/home', Array, true)
#3 D:\xampp 7.4\htdocs\TPSInput\app\Controllers\Home.php(44): view('users/home', Array)
#4 D:\xampp 7.4\htdocs\TPSInput\system\CodeIgniter.php(918): App\Controllers\Home->index()
#5 D:\xampp 7.4\htdocs\TPSInput\system\CodeIgniter.php(404): CodeIgniter\CodeIgniter->runController(Object(App\Controllers\Home))
#6 D:\xampp 7.4\htdocs\TPSInput\system\CodeIgniter.php(312): CodeIgniter\CodeIgniter->handleRequest(NULL, Object(Config\Cache), false)
#7 D:\xampp 7.4\htdocs\TPSInput\public\index.php(45): CodeIgniter\CodeIgniter->run()
#8 D:\xampp 7.4\htdocs\TPSInput\system\Commands\Server\rewrite.php(34): require_once('D:\\xampp 7.4\\ht...')
#9 {main}
CRITICAL - 2020-12-02 20:50:31 --> Division by zero
#0 D:\xampp 7.4\htdocs\TPSInput\app\Views\users\home.php(57): CodeIgniter\Debug\Exceptions->errorHandler(2, 'Division by zer...', 'D:\\xampp 7.4\\ht...', 57, Array)
#1 D:\xampp 7.4\htdocs\TPSInput\system\View\View.php(246): include('D:\\xampp 7.4\\ht...')
#2 D:\xampp 7.4\htdocs\TPSInput\system\Common.php(1119): CodeIgniter\View\View->render('users/home', Array, true)
#3 D:\xampp 7.4\htdocs\TPSInput\app\Controllers\Home.php(44): view('users/home', Array)
#4 D:\xampp 7.4\htdocs\TPSInput\system\CodeIgniter.php(918): App\Controllers\Home->index()
#5 D:\xampp 7.4\htdocs\TPSInput\system\CodeIgniter.php(404): CodeIgniter\CodeIgniter->runController(Object(App\Controllers\Home))
#6 D:\xampp 7.4\htdocs\TPSInput\system\CodeIgniter.php(312): CodeIgniter\CodeIgniter->handleRequest(NULL, Object(Config\Cache), false)
#7 D:\xampp 7.4\htdocs\TPSInput\public\index.php(45): CodeIgniter\CodeIgniter->run()
#8 D:\xampp 7.4\htdocs\TPSInput\system\Commands\Server\rewrite.php(34): require_once('D:\\xampp 7.4\\ht...')
#9 {main}
CRITICAL - 2020-12-02 20:51:49 --> Division by zero
#0 D:\xampp 7.4\htdocs\TPSInput\app\Views\users\home.php(57): CodeIgniter\Debug\Exceptions->errorHandler(2, 'Division by zer...', 'D:\\xampp 7.4\\ht...', 57, Array)
#1 D:\xampp 7.4\htdocs\TPSInput\system\View\View.php(246): include('D:\\xampp 7.4\\ht...')
#2 D:\xampp 7.4\htdocs\TPSInput\system\Common.php(1119): CodeIgniter\View\View->render('users/home', Array, true)
#3 D:\xampp 7.4\htdocs\TPSInput\app\Controllers\Home.php(44): view('users/home', Array)
#4 D:\xampp 7.4\htdocs\TPSInput\system\CodeIgniter.php(918): App\Controllers\Home->index()
#5 D:\xampp 7.4\htdocs\TPSInput\system\CodeIgniter.php(404): CodeIgniter\CodeIgniter->runController(Object(App\Controllers\Home))
#6 D:\xampp 7.4\htdocs\TPSInput\system\CodeIgniter.php(312): CodeIgniter\CodeIgniter->handleRequest(NULL, Object(Config\Cache), false)
#7 D:\xampp 7.4\htdocs\TPSInput\public\index.php(45): CodeIgniter\CodeIgniter->run()
#8 D:\xampp 7.4\htdocs\TPSInput\system\Commands\Server\rewrite.php(34): require_once('D:\\xampp 7.4\\ht...')
#9 {main}
CRITICAL - 2020-12-02 20:52:36 --> Division by zero
#0 D:\xampp 7.4\htdocs\TPSInput\app\Views\users\home.php(57): CodeIgniter\Debug\Exceptions->errorHandler(2, 'Division by zer...', 'D:\\xampp 7.4\\ht...', 57, Array)
#1 D:\xampp 7.4\htdocs\TPSInput\system\View\View.php(246): include('D:\\xampp 7.4\\ht...')
#2 D:\xampp 7.4\htdocs\TPSInput\system\Common.php(1119): CodeIgniter\View\View->render('users/home', Array, true)
#3 D:\xampp 7.4\htdocs\TPSInput\app\Controllers\Home.php(44): view('users/home', Array)
#4 D:\xampp 7.4\htdocs\TPSInput\system\CodeIgniter.php(918): App\Controllers\Home->index()
#5 D:\xampp 7.4\htdocs\TPSInput\system\CodeIgniter.php(404): CodeIgniter\CodeIgniter->runController(Object(App\Controllers\Home))
#6 D:\xampp 7.4\htdocs\TPSInput\system\CodeIgniter.php(312): CodeIgniter\CodeIgniter->handleRequest(NULL, Object(Config\Cache), false)
#7 D:\xampp 7.4\htdocs\TPSInput\public\index.php(45): CodeIgniter\CodeIgniter->run()
#8 D:\xampp 7.4\htdocs\TPSInput\system\Commands\Server\rewrite.php(34): require_once('D:\\xampp 7.4\\ht...')
#9 {main}
CRITICAL - 2020-12-02 20:52:59 --> Division by zero
#0 D:\xampp 7.4\htdocs\TPSInput\app\Views\users\home.php(57): CodeIgniter\Debug\Exceptions->errorHandler(2, 'Division by zer...', 'D:\\xampp 7.4\\ht...', 57, Array)
#1 D:\xampp 7.4\htdocs\TPSInput\system\View\View.php(246): include('D:\\xampp 7.4\\ht...')
#2 D:\xampp 7.4\htdocs\TPSInput\system\Common.php(1119): CodeIgniter\View\View->render('users/home', Array, true)
#3 D:\xampp 7.4\htdocs\TPSInput\app\Controllers\Home.php(44): view('users/home', Array)
#4 D:\xampp 7.4\htdocs\TPSInput\system\CodeIgniter.php(918): App\Controllers\Home->index()
#5 D:\xampp 7.4\htdocs\TPSInput\system\CodeIgniter.php(404): CodeIgniter\CodeIgniter->runController(Object(App\Controllers\Home))
#6 D:\xampp 7.4\htdocs\TPSInput\system\CodeIgniter.php(312): CodeIgniter\CodeIgniter->handleRequest(NULL, Object(Config\Cache), false)
#7 D:\xampp 7.4\htdocs\TPSInput\public\index.php(45): CodeIgniter\CodeIgniter->run()
#8 D:\xampp 7.4\htdocs\TPSInput\system\Commands\Server\rewrite.php(34): require_once('D:\\xampp 7.4\\ht...')
#9 {main}
