CRITICAL - 2020-11-29 01:51:46 --> Undefined property: App\Controllers\Auth::$validation
#0 D:\xampp 7.4\htdocs\TPS\app\Controllers\Auth.php(11): CodeIgniter\Debug\Exceptions->errorHandler(8, 'Undefined prope...', 'D:\\xampp 7.4\\ht...', 11, Array)
#1 D:\xampp 7.4\htdocs\TPS\system\CodeIgniter.php(918): App\Controllers\Auth->index()
#2 D:\xampp 7.4\htdocs\TPS\system\CodeIgniter.php(404): CodeIgniter\CodeIgniter->runController(Object(App\Controllers\Auth))
#3 D:\xampp 7.4\htdocs\TPS\system\CodeIgniter.php(312): CodeIgniter\CodeIgniter->handleRequest(NULL, Object(Config\Cache), false)
#4 D:\xampp 7.4\htdocs\TPS\public\index.php(45): CodeIgniter\CodeIgniter->run()
#5 D:\xampp 7.4\htdocs\TPS\system\Commands\Server\rewrite.php(34): require_once('D:\\xampp 7.4\\ht...')
#6 {main}
CRITICAL - 2020-11-29 01:54:57 --> Class 'App\Controllers\UserModel' not found
#0 D:\xampp 7.4\htdocs\TPS\system\CodeIgniter.php(890): App\Controllers\Auth->__construct()
#1 D:\xampp 7.4\htdocs\TPS\system\CodeIgniter.php(399): CodeIgniter\CodeIgniter->createController()
#2 D:\xampp 7.4\htdocs\TPS\system\CodeIgniter.php(312): CodeIgniter\CodeIgniter->handleRequest(NULL, Object(Config\Cache), false)
#3 D:\xampp 7.4\htdocs\TPS\public\index.php(45): CodeIgniter\CodeIgniter->run()
#4 D:\xampp 7.4\htdocs\TPS\system\Commands\Server\rewrite.php(34): require_once('D:\\xampp 7.4\\ht...')
#5 {main}
CRITICAL - 2020-11-29 02:10:31 --> Undefined property: App\Controllers\Auth::$userModel
#0 D:\xampp 7.4\htdocs\TPS\app\Controllers\Auth.php(37): CodeIgniter\Debug\Exceptions->errorHandler(8, 'Undefined prope...', 'D:\\xampp 7.4\\ht...', 37, Array)
#1 D:\xampp 7.4\htdocs\TPS\system\CodeIgniter.php(918): App\Controllers\Auth->login()
#2 D:\xampp 7.4\htdocs\TPS\system\CodeIgniter.php(404): CodeIgniter\CodeIgniter->runController(Object(App\Controllers\Auth))
#3 D:\xampp 7.4\htdocs\TPS\system\CodeIgniter.php(312): CodeIgniter\CodeIgniter->handleRequest(NULL, Object(Config\Cache), false)
#4 D:\xampp 7.4\htdocs\TPS\public\index.php(45): CodeIgniter\CodeIgniter->run()
#5 D:\xampp 7.4\htdocs\TPS\system\Commands\Server\rewrite.php(34): require_once('D:\\xampp 7.4\\ht...')
#6 {main}
CRITICAL - 2020-11-29 02:34:12 --> Undefined index: id_user
#0 D:\xampp 7.4\htdocs\TPS\app\Controllers\Auth.php(51): CodeIgniter\Debug\Exceptions->errorHandler(8, 'Undefined index...', 'D:\\xampp 7.4\\ht...', 51, Array)
#1 D:\xampp 7.4\htdocs\TPS\system\CodeIgniter.php(918): App\Controllers\Auth->login()
#2 D:\xampp 7.4\htdocs\TPS\system\CodeIgniter.php(404): CodeIgniter\CodeIgniter->runController(Object(App\Controllers\Auth))
#3 D:\xampp 7.4\htdocs\TPS\system\CodeIgniter.php(312): CodeIgniter\CodeIgniter->handleRequest(NULL, Object(Config\Cache), false)
#4 D:\xampp 7.4\htdocs\TPS\public\index.php(45): CodeIgniter\CodeIgniter->run()
#5 D:\xampp 7.4\htdocs\TPS\system\Commands\Server\rewrite.php(34): require_once('D:\\xampp 7.4\\ht...')
#6 {main}
CRITICAL - 2020-11-29 02:36:27 --> session_destroy(): Trying to destroy uninitialized session
#0 [internal function]: CodeIgniter\Debug\Exceptions->errorHandler(2, 'session_destroy...', 'D:\\xampp 7.4\\ht...', 88, Array)
#1 D:\xampp 7.4\htdocs\TPS\app\Controllers\Auth.php(88): session_destroy()
#2 D:\xampp 7.4\htdocs\TPS\system\CodeIgniter.php(918): App\Controllers\Auth->logout()
#3 D:\xampp 7.4\htdocs\TPS\system\CodeIgniter.php(404): CodeIgniter\CodeIgniter->runController(Object(App\Controllers\Auth))
#4 D:\xampp 7.4\htdocs\TPS\system\CodeIgniter.php(312): CodeIgniter\CodeIgniter->handleRequest(NULL, Object(Config\Cache), false)
#5 D:\xampp 7.4\htdocs\TPS\public\index.php(45): CodeIgniter\CodeIgniter->run()
#6 D:\xampp 7.4\htdocs\TPS\system\Commands\Server\rewrite.php(34): require_once('D:\\xampp 7.4\\ht...')
#7 {main}
CRITICAL - 2020-11-29 04:48:23 --> Undefined index: status
#0 D:\xampp 7.4\htdocs\TPS\app\Views\menu\menu-users.php(60): CodeIgniter\Debug\Exceptions->errorHandler(8, 'Undefined index...', 'D:\\xampp 7.4\\ht...', 60, Array)
#1 D:\xampp 7.4\htdocs\TPS\system\View\View.php(246): include('D:\\xampp 7.4\\ht...')
#2 D:\xampp 7.4\htdocs\TPS\system\Common.php(1119): CodeIgniter\View\View->render('menu/menu-users', Array, true)
#3 D:\xampp 7.4\htdocs\TPS\app\Controllers\Users.php(26): view('menu/menu-users', Array)
#4 D:\xampp 7.4\htdocs\TPS\system\CodeIgniter.php(918): App\Controllers\Users->index()
#5 D:\xampp 7.4\htdocs\TPS\system\CodeIgniter.php(404): CodeIgniter\CodeIgniter->runController(Object(App\Controllers\Users))
#6 D:\xampp 7.4\htdocs\TPS\system\CodeIgniter.php(312): CodeIgniter\CodeIgniter->handleRequest(NULL, Object(Config\Cache), false)
#7 D:\xampp 7.4\htdocs\TPS\public\index.php(45): CodeIgniter\CodeIgniter->run()
#8 D:\xampp 7.4\htdocs\TPS\system\Commands\Server\rewrite.php(34): require_once('D:\\xampp 7.4\\ht...')
#9 {main}
CRITICAL - 2020-11-29 04:53:30 --> Undefined property: CodeIgniter\View\View::$roleModel
#0 D:\xampp 7.4\htdocs\TPS\app\Views\menu\menu-users.php(65): CodeIgniter\Debug\Exceptions->errorHandler(8, 'Undefined prope...', 'D:\\xampp 7.4\\ht...', 65, Array)
#1 D:\xampp 7.4\htdocs\TPS\system\View\View.php(246): include('D:\\xampp 7.4\\ht...')
#2 D:\xampp 7.4\htdocs\TPS\system\Common.php(1119): CodeIgniter\View\View->render('menu/menu-users', Array, true)
#3 D:\xampp 7.4\htdocs\TPS\app\Controllers\Users.php(29): view('menu/menu-users', Array)
#4 D:\xampp 7.4\htdocs\TPS\system\CodeIgniter.php(918): App\Controllers\Users->index()
#5 D:\xampp 7.4\htdocs\TPS\system\CodeIgniter.php(404): CodeIgniter\CodeIgniter->runController(Object(App\Controllers\Users))
#6 D:\xampp 7.4\htdocs\TPS\system\CodeIgniter.php(312): CodeIgniter\CodeIgniter->handleRequest(NULL, Object(Config\Cache), false)
#7 D:\xampp 7.4\htdocs\TPS\public\index.php(45): CodeIgniter\CodeIgniter->run()
#8 D:\xampp 7.4\htdocs\TPS\system\Commands\Server\rewrite.php(34): require_once('D:\\xampp 7.4\\ht...')
#9 {main}
CRITICAL - 2020-11-29 04:53:55 --> Call to a member function getRole() on array
#0 D:\xampp 7.4\htdocs\TPS\system\View\View.php(246): include()
#1 D:\xampp 7.4\htdocs\TPS\system\Common.php(1119): CodeIgniter\View\View->render('menu/menu-users', Array, true)
#2 D:\xampp 7.4\htdocs\TPS\app\Controllers\Users.php(29): view('menu/menu-users', Array)
#3 D:\xampp 7.4\htdocs\TPS\system\CodeIgniter.php(918): App\Controllers\Users->index()
#4 D:\xampp 7.4\htdocs\TPS\system\CodeIgniter.php(404): CodeIgniter\CodeIgniter->runController(Object(App\Controllers\Users))
#5 D:\xampp 7.4\htdocs\TPS\system\CodeIgniter.php(312): CodeIgniter\CodeIgniter->handleRequest(NULL, Object(Config\Cache), false)
#6 D:\xampp 7.4\htdocs\TPS\public\index.php(45): CodeIgniter\CodeIgniter->run()
#7 D:\xampp 7.4\htdocs\TPS\system\Commands\Server\rewrite.php(34): require_once('D:\\xampp 7.4\\ht...')
#8 {main}
CRITICAL - 2020-11-29 05:32:40 --> Call to undefined method App\Models\RoleModel::getKecamatan
#0 D:\xampp 7.4\htdocs\TPS\app\Controllers\Users.php(27): CodeIgniter\Model->__call('getKecamatan', Array)
#1 D:\xampp 7.4\htdocs\TPS\system\CodeIgniter.php(918): App\Controllers\Users->index()
#2 D:\xampp 7.4\htdocs\TPS\system\CodeIgniter.php(404): CodeIgniter\CodeIgniter->runController(Object(App\Controllers\Users))
#3 D:\xampp 7.4\htdocs\TPS\system\CodeIgniter.php(312): CodeIgniter\CodeIgniter->handleRequest(NULL, Object(Config\Cache), false)
#4 D:\xampp 7.4\htdocs\TPS\public\index.php(45): CodeIgniter\CodeIgniter->run()
#5 D:\xampp 7.4\htdocs\TPS\system\Commands\Server\rewrite.php(34): require_once('D:\\xampp 7.4\\ht...')
#6 {main}
CRITICAL - 2020-11-29 05:33:19 --> Call to undefined method App\Models\RoleModel::getKecamatan
#0 D:\xampp 7.4\htdocs\TPS\app\Controllers\Users.php(29): CodeIgniter\Model->__call('getKecamatan', Array)
#1 D:\xampp 7.4\htdocs\TPS\system\CodeIgniter.php(918): App\Controllers\Users->index()
#2 D:\xampp 7.4\htdocs\TPS\system\CodeIgniter.php(404): CodeIgniter\CodeIgniter->runController(Object(App\Controllers\Users))
#3 D:\xampp 7.4\htdocs\TPS\system\CodeIgniter.php(312): CodeIgniter\CodeIgniter->handleRequest(NULL, Object(Config\Cache), false)
#4 D:\xampp 7.4\htdocs\TPS\public\index.php(45): CodeIgniter\CodeIgniter->run()
#5 D:\xampp 7.4\htdocs\TPS\system\Commands\Server\rewrite.php(34): require_once('D:\\xampp 7.4\\ht...')
#6 {main}
CRITICAL - 2020-11-29 07:14:51 --> Undefined variable: kecamatan
#0 D:\xampp 7.4\htdocs\TPS\app\Views\menu\users\edit.php(89): CodeIgniter\Debug\Exceptions->errorHandler(8, 'Undefined varia...', 'D:\\xampp 7.4\\ht...', 89, Array)
#1 D:\xampp 7.4\htdocs\TPS\system\View\View.php(246): include('D:\\xampp 7.4\\ht...')
#2 D:\xampp 7.4\htdocs\TPS\system\Common.php(1119): CodeIgniter\View\View->render('menu/users/edit', Array, true)
#3 D:\xampp 7.4\htdocs\TPS\app\Controllers\Users.php(136): view('menu/users/edit', Array)
#4 D:\xampp 7.4\htdocs\TPS\system\CodeIgniter.php(918): App\Controllers\Users->edit('Umhxc2ZDeHlpc1J...')
#5 D:\xampp 7.4\htdocs\TPS\system\CodeIgniter.php(404): CodeIgniter\CodeIgniter->runController(Object(App\Controllers\Users))
#6 D:\xampp 7.4\htdocs\TPS\system\CodeIgniter.php(312): CodeIgniter\CodeIgniter->handleRequest(NULL, Object(Config\Cache), false)
#7 D:\xampp 7.4\htdocs\TPS\public\index.php(45): CodeIgniter\CodeIgniter->run()
#8 D:\xampp 7.4\htdocs\TPS\system\Commands\Server\rewrite.php(34): require_once('D:\\xampp 7.4\\ht...')
#9 {main}
CRITICAL - 2020-11-29 07:15:31 --> Trying to access array offset on value of type null
#0 D:\xampp 7.4\htdocs\TPS\app\Views\menu\users\edit.php(25): CodeIgniter\Debug\Exceptions->errorHandler(8, 'Trying to acces...', 'D:\\xampp 7.4\\ht...', 25, Array)
#1 D:\xampp 7.4\htdocs\TPS\system\View\View.php(246): include('D:\\xampp 7.4\\ht...')
#2 D:\xampp 7.4\htdocs\TPS\system\Common.php(1119): CodeIgniter\View\View->render('menu/users/edit', Array, true)
#3 D:\xampp 7.4\htdocs\TPS\app\Controllers\Users.php(136): view('menu/users/edit', Array)
#4 D:\xampp 7.4\htdocs\TPS\system\CodeIgniter.php(918): App\Controllers\Users->edit('Umhxc2ZDeHlpc1J...')
#5 D:\xampp 7.4\htdocs\TPS\system\CodeIgniter.php(404): CodeIgniter\CodeIgniter->runController(Object(App\Controllers\Users))
#6 D:\xampp 7.4\htdocs\TPS\system\CodeIgniter.php(312): CodeIgniter\CodeIgniter->handleRequest(NULL, Object(Config\Cache), false)
#7 D:\xampp 7.4\htdocs\TPS\public\index.php(45): CodeIgniter\CodeIgniter->run()
#8 D:\xampp 7.4\htdocs\TPS\system\Commands\Server\rewrite.php(34): require_once('D:\\xampp 7.4\\ht...')
#9 {main}
CRITICAL - 2020-11-29 07:16:59 --> syntax error, unexpected ';', expecting ')'
#0 D:\xampp 7.4\htdocs\TPS\system\Common.php(1119): CodeIgniter\View\View->render('menu/users/edit', Array, true)
#1 D:\xampp 7.4\htdocs\TPS\app\Controllers\Users.php(136): view('menu/users/edit', Array)
#2 D:\xampp 7.4\htdocs\TPS\system\CodeIgniter.php(918): App\Controllers\Users->edit('Umhxc2ZDeHlpc1J...')
#3 D:\xampp 7.4\htdocs\TPS\system\CodeIgniter.php(404): CodeIgniter\CodeIgniter->runController(Object(App\Controllers\Users))
#4 D:\xampp 7.4\htdocs\TPS\system\CodeIgniter.php(312): CodeIgniter\CodeIgniter->handleRequest(NULL, Object(Config\Cache), false)
#5 D:\xampp 7.4\htdocs\TPS\public\index.php(45): CodeIgniter\CodeIgniter->run()
#6 D:\xampp 7.4\htdocs\TPS\system\Commands\Server\rewrite.php(34): require_once('D:\\xampp 7.4\\ht...')
#7 {main}
CRITICAL - 2020-11-29 07:57:51 --> Trying to access array offset on value of type null
#0 D:\xampp 7.4\htdocs\TPS\app\Views\menu\users\edit.php(25): CodeIgniter\Debug\Exceptions->errorHandler(8, 'Trying to acces...', 'D:\\xampp 7.4\\ht...', 25, Array)
#1 D:\xampp 7.4\htdocs\TPS\system\View\View.php(246): include('D:\\xampp 7.4\\ht...')
#2 D:\xampp 7.4\htdocs\TPS\system\Common.php(1119): CodeIgniter\View\View->render('menu/users/edit', Array, true)
#3 D:\xampp 7.4\htdocs\TPS\app\Controllers\Users.php(137): view('menu/users/edit', Array)
#4 D:\xampp 7.4\htdocs\TPS\system\CodeIgniter.php(918): App\Controllers\Users->edit('d0FmSGsxK3pyZnk...')
#5 D:\xampp 7.4\htdocs\TPS\system\CodeIgniter.php(404): CodeIgniter\CodeIgniter->runController(Object(App\Controllers\Users))
#6 D:\xampp 7.4\htdocs\TPS\system\CodeIgniter.php(312): CodeIgniter\CodeIgniter->handleRequest(NULL, Object(Config\Cache), false)
#7 D:\xampp 7.4\htdocs\TPS\public\index.php(45): CodeIgniter\CodeIgniter->run()
#8 D:\xampp 7.4\htdocs\TPS\system\Commands\Server\rewrite.php(34): require_once('D:\\xampp 7.4\\ht...')
#9 {main}
CRITICAL - 2020-11-29 08:10:41 --> Deletes are not allowed unless they contain a "where" or "like" clause.
#0 D:\xampp 7.4\htdocs\TPS\system\Model.php(977): CodeIgniter\Database\BaseBuilder->delete()
#1 D:\xampp 7.4\htdocs\TPS\app\Controllers\Users.php(224): CodeIgniter\Model->delete(NULL)
#2 D:\xampp 7.4\htdocs\TPS\system\CodeIgniter.php(918): App\Controllers\Users->delete()
#3 D:\xampp 7.4\htdocs\TPS\system\CodeIgniter.php(404): CodeIgniter\CodeIgniter->runController(Object(App\Controllers\Users))
#4 D:\xampp 7.4\htdocs\TPS\system\CodeIgniter.php(312): CodeIgniter\CodeIgniter->handleRequest(NULL, Object(Config\Cache), false)
#5 D:\xampp 7.4\htdocs\TPS\public\index.php(45): CodeIgniter\CodeIgniter->run()
#6 D:\xampp 7.4\htdocs\TPS\system\Commands\Server\rewrite.php(34): require_once('D:\\xampp 7.4\\ht...')
#7 {main}
CRITICAL - 2020-11-29 08:54:13 --> Undefined index: nama
#0 D:\xampp 7.4\htdocs\TPS\app\Views\menu\kecamatan\index.php(102): CodeIgniter\Debug\Exceptions->errorHandler(8, 'Undefined index...', 'D:\\xampp 7.4\\ht...', 102, Array)
#1 D:\xampp 7.4\htdocs\TPS\system\View\View.php(246): include('D:\\xampp 7.4\\ht...')
#2 D:\xampp 7.4\htdocs\TPS\system\Common.php(1119): CodeIgniter\View\View->render('menu/kecamatan/...', Array, true)
#3 D:\xampp 7.4\htdocs\TPS\app\Controllers\Kecamatan.php(29): view('menu/kecamatan/...', Array)
#4 D:\xampp 7.4\htdocs\TPS\system\CodeIgniter.php(918): App\Controllers\Kecamatan->index()
#5 D:\xampp 7.4\htdocs\TPS\system\CodeIgniter.php(404): CodeIgniter\CodeIgniter->runController(Object(App\Controllers\Kecamatan))
#6 D:\xampp 7.4\htdocs\TPS\system\CodeIgniter.php(312): CodeIgniter\CodeIgniter->handleRequest(NULL, Object(Config\Cache), false)
#7 D:\xampp 7.4\htdocs\TPS\public\index.php(45): CodeIgniter\CodeIgniter->run()
#8 D:\xampp 7.4\htdocs\TPS\system\Commands\Server\rewrite.php(34): require_once('D:\\xampp 7.4\\ht...')
#9 {main}
CRITICAL - 2020-11-29 08:54:40 --> Undefined variable: u
#0 D:\xampp 7.4\htdocs\TPS\app\Views\menu\kecamatan\index.php(110): CodeIgniter\Debug\Exceptions->errorHandler(8, 'Undefined varia...', 'D:\\xampp 7.4\\ht...', 110, Array)
#1 D:\xampp 7.4\htdocs\TPS\system\View\View.php(246): include('D:\\xampp 7.4\\ht...')
#2 D:\xampp 7.4\htdocs\TPS\system\Common.php(1119): CodeIgniter\View\View->render('menu/kecamatan/...', Array, true)
#3 D:\xampp 7.4\htdocs\TPS\app\Controllers\Kecamatan.php(29): view('menu/kecamatan/...', Array)
#4 D:\xampp 7.4\htdocs\TPS\system\CodeIgniter.php(918): App\Controllers\Kecamatan->index()
#5 D:\xampp 7.4\htdocs\TPS\system\CodeIgniter.php(404): CodeIgniter\CodeIgniter->runController(Object(App\Controllers\Kecamatan))
#6 D:\xampp 7.4\htdocs\TPS\system\CodeIgniter.php(312): CodeIgniter\CodeIgniter->handleRequest(NULL, Object(Config\Cache), false)
#7 D:\xampp 7.4\htdocs\TPS\public\index.php(45): CodeIgniter\CodeIgniter->run()
#8 D:\xampp 7.4\htdocs\TPS\system\Commands\Server\rewrite.php(34): require_once('D:\\xampp 7.4\\ht...')
#9 {main}
CRITICAL - 2020-11-29 09:10:09 --> Undefined variable: users
#0 D:\xampp 7.4\htdocs\TPS\app\Views\menu\kecamatan\edit.php(51): CodeIgniter\Debug\Exceptions->errorHandler(8, 'Undefined varia...', 'D:\\xampp 7.4\\ht...', 51, Array)
#1 D:\xampp 7.4\htdocs\TPS\system\View\View.php(246): include('D:\\xampp 7.4\\ht...')
#2 D:\xampp 7.4\htdocs\TPS\system\Common.php(1119): CodeIgniter\View\View->render('menu/kecamatan/...', Array, true)
#3 D:\xampp 7.4\htdocs\TPS\app\Controllers\Kecamatan.php(86): view('menu/kecamatan/...', Array)
#4 D:\xampp 7.4\htdocs\TPS\system\CodeIgniter.php(918): App\Controllers\Kecamatan->edit('UUdXKzNPRzE2THZ...')
#5 D:\xampp 7.4\htdocs\TPS\system\CodeIgniter.php(404): CodeIgniter\CodeIgniter->runController(Object(App\Controllers\Kecamatan))
#6 D:\xampp 7.4\htdocs\TPS\system\CodeIgniter.php(312): CodeIgniter\CodeIgniter->handleRequest(NULL, Object(Config\Cache), false)
#7 D:\xampp 7.4\htdocs\TPS\public\index.php(45): CodeIgniter\CodeIgniter->run()
#8 D:\xampp 7.4\htdocs\TPS\system\Commands\Server\rewrite.php(34): require_once('D:\\xampp 7.4\\ht...')
#9 {main}
CRITICAL - 2020-11-29 09:14:50 --> Call to undefined method App\Models\KecamatanModel::updateUsers
#0 D:\xampp 7.4\htdocs\TPS\app\Controllers\Kecamatan.php(113): CodeIgniter\Model->__call('updateUsers', Array)
#1 D:\xampp 7.4\htdocs\TPS\system\CodeIgniter.php(918): App\Controllers\Kecamatan->update()
#2 D:\xampp 7.4\htdocs\TPS\system\CodeIgniter.php(404): CodeIgniter\CodeIgniter->runController(Object(App\Controllers\Kecamatan))
#3 D:\xampp 7.4\htdocs\TPS\system\CodeIgniter.php(312): CodeIgniter\CodeIgniter->handleRequest(NULL, Object(Config\Cache), false)
#4 D:\xampp 7.4\htdocs\TPS\public\index.php(45): CodeIgniter\CodeIgniter->run()
#5 D:\xampp 7.4\htdocs\TPS\system\Commands\Server\rewrite.php(34): require_once('D:\\xampp 7.4\\ht...')
#6 {main}
CRITICAL - 2020-11-29 09:33:10 --> Class 'App\Models\KelurahanModel' not found
#0 D:\xampp 7.4\htdocs\TPS\system\CodeIgniter.php(890): App\Controllers\Kelurahan->__construct()
#1 D:\xampp 7.4\htdocs\TPS\system\CodeIgniter.php(399): CodeIgniter\CodeIgniter->createController()
#2 D:\xampp 7.4\htdocs\TPS\system\CodeIgniter.php(312): CodeIgniter\CodeIgniter->handleRequest(NULL, Object(Config\Cache), false)
#3 D:\xampp 7.4\htdocs\TPS\public\index.php(45): CodeIgniter\CodeIgniter->run()
#4 D:\xampp 7.4\htdocs\TPS\system\Commands\Server\rewrite.php(34): require_once('D:\\xampp 7.4\\ht...')
#5 {main}
CRITICAL - 2020-11-29 09:33:28 --> Class 'App\Models\KelurahanModel' not found
#0 D:\xampp 7.4\htdocs\TPS\system\CodeIgniter.php(890): App\Controllers\Kelurahan->__construct()
#1 D:\xampp 7.4\htdocs\TPS\system\CodeIgniter.php(399): CodeIgniter\CodeIgniter->createController()
#2 D:\xampp 7.4\htdocs\TPS\system\CodeIgniter.php(312): CodeIgniter\CodeIgniter->handleRequest(NULL, Object(Config\Cache), false)
#3 D:\xampp 7.4\htdocs\TPS\public\index.php(45): CodeIgniter\CodeIgniter->run()
#4 D:\xampp 7.4\htdocs\TPS\system\Commands\Server\rewrite.php(34): require_once('D:\\xampp 7.4\\ht...')
#5 {main}
CRITICAL - 2020-11-29 09:34:49 --> Invalid file: menu/kelurahan/edit.php
#0 D:\xampp 7.4\htdocs\TPS\system\View\View.php(228): CodeIgniter\Exceptions\FrameworkException::forInvalidFile('menu/kelurahan/...')
#1 D:\xampp 7.4\htdocs\TPS\system\Common.php(1119): CodeIgniter\View\View->render('menu/kelurahan/...', Array, true)
#2 D:\xampp 7.4\htdocs\TPS\app\Controllers\Kelurahan.php(86): view('menu/kelurahan/...', Array)
#3 D:\xampp 7.4\htdocs\TPS\system\CodeIgniter.php(918): App\Controllers\Kelurahan->edit('NnNGODdoYTFoZ1l...')
#4 D:\xampp 7.4\htdocs\TPS\system\CodeIgniter.php(404): CodeIgniter\CodeIgniter->runController(Object(App\Controllers\Kelurahan))
#5 D:\xampp 7.4\htdocs\TPS\system\CodeIgniter.php(312): CodeIgniter\CodeIgniter->handleRequest(NULL, Object(Config\Cache), false)
#6 D:\xampp 7.4\htdocs\TPS\public\index.php(45): CodeIgniter\CodeIgniter->run()
#7 D:\xampp 7.4\htdocs\TPS\system\Commands\Server\rewrite.php(34): require_once('D:\\xampp 7.4\\ht...')
#8 {main}
CRITICAL - 2020-11-29 11:09:37 --> Undefined variable: kecamatan
#0 D:\xampp 7.4\htdocs\TPS\app\Views\menu\kelurahan\edit.php(53): CodeIgniter\Debug\Exceptions->errorHandler(8, 'Undefined varia...', 'D:\\xampp 7.4\\ht...', 53, Array)
#1 D:\xampp 7.4\htdocs\TPS\system\View\View.php(246): include('D:\\xampp 7.4\\ht...')
#2 D:\xampp 7.4\htdocs\TPS\system\Common.php(1119): CodeIgniter\View\View->render('menu/kelurahan/...', Array, true)
#3 D:\xampp 7.4\htdocs\TPS\app\Controllers\Kelurahan.php(89): view('menu/kelurahan/...', Array)
#4 D:\xampp 7.4\htdocs\TPS\system\CodeIgniter.php(918): App\Controllers\Kelurahan->edit('Umhxc2ZDeHlpc1J...')
#5 D:\xampp 7.4\htdocs\TPS\system\CodeIgniter.php(404): CodeIgniter\CodeIgniter->runController(Object(App\Controllers\Kelurahan))
#6 D:\xampp 7.4\htdocs\TPS\system\CodeIgniter.php(312): CodeIgniter\CodeIgniter->handleRequest(NULL, Object(Config\Cache), false)
#7 D:\xampp 7.4\htdocs\TPS\public\index.php(45): CodeIgniter\CodeIgniter->run()
#8 D:\xampp 7.4\htdocs\TPS\system\Commands\Server\rewrite.php(34): require_once('D:\\xampp 7.4\\ht...')
#9 {main}
CRITICAL - 2020-11-29 11:20:22 --> Undefined index: kecamatan_id
#0 D:\xampp 7.4\htdocs\TPS\app\Views\menu\users\index.php(162): CodeIgniter\Debug\Exceptions->errorHandler(8, 'Undefined index...', 'D:\\xampp 7.4\\ht...', 162, Array)
#1 D:\xampp 7.4\htdocs\TPS\system\View\View.php(246): include('D:\\xampp 7.4\\ht...')
#2 D:\xampp 7.4\htdocs\TPS\system\Common.php(1119): CodeIgniter\View\View->render('menu/users/inde...', Array, true)
#3 D:\xampp 7.4\htdocs\TPS\app\Controllers\Users.php(32): view('menu/users/inde...', Array)
#4 D:\xampp 7.4\htdocs\TPS\system\CodeIgniter.php(918): App\Controllers\Users->index()
#5 D:\xampp 7.4\htdocs\TPS\system\CodeIgniter.php(404): CodeIgniter\CodeIgniter->runController(Object(App\Controllers\Users))
#6 D:\xampp 7.4\htdocs\TPS\system\CodeIgniter.php(312): CodeIgniter\CodeIgniter->handleRequest(NULL, Object(Config\Cache), false)
#7 D:\xampp 7.4\htdocs\TPS\public\index.php(45): CodeIgniter\CodeIgniter->run()
#8 D:\xampp 7.4\htdocs\TPS\system\Commands\Server\rewrite.php(34): require_once('D:\\xampp 7.4\\ht...')
#9 {main}
CRITICAL - 2020-11-29 11:20:39 --> Undefined index: kecamatan_id
#0 D:\xampp 7.4\htdocs\TPS\app\Views\menu\users\index.php(162): CodeIgniter\Debug\Exceptions->errorHandler(8, 'Undefined index...', 'D:\\xampp 7.4\\ht...', 162, Array)
#1 D:\xampp 7.4\htdocs\TPS\system\View\View.php(246): include('D:\\xampp 7.4\\ht...')
#2 D:\xampp 7.4\htdocs\TPS\system\Common.php(1119): CodeIgniter\View\View->render('menu/users/inde...', Array, true)
#3 D:\xampp 7.4\htdocs\TPS\app\Controllers\Users.php(32): view('menu/users/inde...', Array)
#4 D:\xampp 7.4\htdocs\TPS\system\CodeIgniter.php(918): App\Controllers\Users->index()
#5 D:\xampp 7.4\htdocs\TPS\system\CodeIgniter.php(404): CodeIgniter\CodeIgniter->runController(Object(App\Controllers\Users))
#6 D:\xampp 7.4\htdocs\TPS\system\CodeIgniter.php(312): CodeIgniter\CodeIgniter->handleRequest(NULL, Object(Config\Cache), false)
#7 D:\xampp 7.4\htdocs\TPS\public\index.php(45): CodeIgniter\CodeIgniter->run()
#8 D:\xampp 7.4\htdocs\TPS\system\Commands\Server\rewrite.php(34): require_once('D:\\xampp 7.4\\ht...')
#9 {main}
CRITICAL - 2020-11-29 11:38:16 --> Array to string conversion
#0 D:\xampp 7.4\htdocs\TPS\app\Views\menu\kecamatan\index.php(102): CodeIgniter\Debug\Exceptions->errorHandler(8, 'Array to string...', 'D:\\xampp 7.4\\ht...', 102, Array)
#1 D:\xampp 7.4\htdocs\TPS\system\View\View.php(246): include('D:\\xampp 7.4\\ht...')
#2 D:\xampp 7.4\htdocs\TPS\system\Common.php(1119): CodeIgniter\View\View->render('menu/kecamatan/...', Array, true)
#3 D:\xampp 7.4\htdocs\TPS\app\Controllers\Kecamatan.php(31): view('menu/kecamatan/...', Array)
#4 D:\xampp 7.4\htdocs\TPS\system\CodeIgniter.php(918): App\Controllers\Kecamatan->index()
#5 D:\xampp 7.4\htdocs\TPS\system\CodeIgniter.php(404): CodeIgniter\CodeIgniter->runController(Object(App\Controllers\Kecamatan))
#6 D:\xampp 7.4\htdocs\TPS\system\CodeIgniter.php(312): CodeIgniter\CodeIgniter->handleRequest(NULL, Object(Config\Cache), false)
#7 D:\xampp 7.4\htdocs\TPS\public\index.php(45): CodeIgniter\CodeIgniter->run()
#8 D:\xampp 7.4\htdocs\TPS\system\Commands\Server\rewrite.php(34): require_once('D:\\xampp 7.4\\ht...')
#9 {main}
CRITICAL - 2020-11-29 11:54:32 --> Undefined variable: kecamatanById
#0 D:\xampp 7.4\htdocs\TPS\app\Controllers\Kelurahan.php(35): CodeIgniter\Debug\Exceptions->errorHandler(8, 'Undefined varia...', 'D:\\xampp 7.4\\ht...', 35, Array)
#1 D:\xampp 7.4\htdocs\TPS\system\CodeIgniter.php(918): App\Controllers\Kelurahan->index()
#2 D:\xampp 7.4\htdocs\TPS\system\CodeIgniter.php(404): CodeIgniter\CodeIgniter->runController(Object(App\Controllers\Kelurahan))
#3 D:\xampp 7.4\htdocs\TPS\system\CodeIgniter.php(312): CodeIgniter\CodeIgniter->handleRequest(NULL, Object(Config\Cache), false)
#4 D:\xampp 7.4\htdocs\TPS\public\index.php(45): CodeIgniter\CodeIgniter->run()
#5 D:\xampp 7.4\htdocs\TPS\system\Commands\Server\rewrite.php(34): require_once('D:\\xampp 7.4\\ht...')
#6 {main}
CRITICAL - 2020-11-29 11:57:05 --> Unknown column 'kelurahan_id' in 'where clause'
#0 D:\xampp 7.4\htdocs\TPS\system\Database\MySQLi\Connection.php(331): mysqli->query('SELECT *\nFROM `...')
#1 D:\xampp 7.4\htdocs\TPS\system\Database\BaseConnection.php(741): CodeIgniter\Database\MySQLi\Connection->execute('SELECT *\nFROM `...')
#2 D:\xampp 7.4\htdocs\TPS\system\Database\BaseConnection.php(669): CodeIgniter\Database\BaseConnection->simpleQuery('SELECT *\nFROM `...')
#3 D:\xampp 7.4\htdocs\TPS\system\Database\BaseBuilder.php(2019): CodeIgniter\Database\BaseConnection->query('SELECT *\nFROM `...', Array, false)
#4 D:\xampp 7.4\htdocs\TPS\system\Model.php(1818): CodeIgniter\Database\BaseBuilder->getWhere(Array)
#5 D:\xampp 7.4\htdocs\TPS\app\Models\kelurahanModel.php(30): CodeIgniter\Model->__call('getWhere', Array)
#6 D:\xampp 7.4\htdocs\TPS\app\Controllers\Kelurahan.php(25): App\Models\KelurahanModel->getKelurahanByKecamatan('15')
#7 D:\xampp 7.4\htdocs\TPS\system\CodeIgniter.php(918): App\Controllers\Kelurahan->index()
#8 D:\xampp 7.4\htdocs\TPS\system\CodeIgniter.php(404): CodeIgniter\CodeIgniter->runController(Object(App\Controllers\Kelurahan))
#9 D:\xampp 7.4\htdocs\TPS\system\CodeIgniter.php(312): CodeIgniter\CodeIgniter->handleRequest(NULL, Object(Config\Cache), false)
#10 D:\xampp 7.4\htdocs\TPS\public\index.php(45): CodeIgniter\CodeIgniter->run()
#11 D:\xampp 7.4\htdocs\TPS\system\Commands\Server\rewrite.php(34): require_once('D:\\xampp 7.4\\ht...')
#12 {main}
CRITICAL - 2020-11-29 11:59:11 --> Illegal string offset 'kelurahan'
#0 D:\xampp 7.4\htdocs\TPS\app\Views\menu\kelurahan\index.php(97): CodeIgniter\Debug\Exceptions->errorHandler(2, 'Illegal string ...', 'D:\\xampp 7.4\\ht...', 97, Array)
#1 D:\xampp 7.4\htdocs\TPS\system\View\View.php(246): include('D:\\xampp 7.4\\ht...')
#2 D:\xampp 7.4\htdocs\TPS\system\Common.php(1119): CodeIgniter\View\View->render('menu/kelurahan/...', Array, true)
#3 D:\xampp 7.4\htdocs\TPS\app\Controllers\Kelurahan.php(39): view('menu/kelurahan/...', Array)
#4 D:\xampp 7.4\htdocs\TPS\system\CodeIgniter.php(918): App\Controllers\Kelurahan->index()
#5 D:\xampp 7.4\htdocs\TPS\system\CodeIgniter.php(404): CodeIgniter\CodeIgniter->runController(Object(App\Controllers\Kelurahan))
#6 D:\xampp 7.4\htdocs\TPS\system\CodeIgniter.php(312): CodeIgniter\CodeIgniter->handleRequest(NULL, Object(Config\Cache), false)
#7 D:\xampp 7.4\htdocs\TPS\public\index.php(45): CodeIgniter\CodeIgniter->run()
#8 D:\xampp 7.4\htdocs\TPS\system\Commands\Server\rewrite.php(34): require_once('D:\\xampp 7.4\\ht...')
#9 {main}
CRITICAL - 2020-11-29 11:59:14 --> Illegal string offset 'kelurahan'
#0 D:\xampp 7.4\htdocs\TPS\app\Views\menu\kelurahan\index.php(97): CodeIgniter\Debug\Exceptions->errorHandler(2, 'Illegal string ...', 'D:\\xampp 7.4\\ht...', 97, Array)
#1 D:\xampp 7.4\htdocs\TPS\system\View\View.php(246): include('D:\\xampp 7.4\\ht...')
#2 D:\xampp 7.4\htdocs\TPS\system\Common.php(1119): CodeIgniter\View\View->render('menu/kelurahan/...', Array, true)
#3 D:\xampp 7.4\htdocs\TPS\app\Controllers\Kelurahan.php(39): view('menu/kelurahan/...', Array)
#4 D:\xampp 7.4\htdocs\TPS\system\CodeIgniter.php(918): App\Controllers\Kelurahan->index()
#5 D:\xampp 7.4\htdocs\TPS\system\CodeIgniter.php(404): CodeIgniter\CodeIgniter->runController(Object(App\Controllers\Kelurahan))
#6 D:\xampp 7.4\htdocs\TPS\system\CodeIgniter.php(312): CodeIgniter\CodeIgniter->handleRequest(NULL, Object(Config\Cache), false)
#7 D:\xampp 7.4\htdocs\TPS\public\index.php(45): CodeIgniter\CodeIgniter->run()
#8 D:\xampp 7.4\htdocs\TPS\system\Commands\Server\rewrite.php(34): require_once('D:\\xampp 7.4\\ht...')
#9 {main}
CRITICAL - 2020-11-29 12:01:14 --> Call to undefined method CodeIgniter\Database\MySQLi\Result::get()
#0 D:\xampp 7.4\htdocs\TPS\app\Controllers\Kelurahan.php(24): App\Models\KelurahanModel->getKelurahanByKecamatan('1')
#1 D:\xampp 7.4\htdocs\TPS\system\CodeIgniter.php(918): App\Controllers\Kelurahan->index()
#2 D:\xampp 7.4\htdocs\TPS\system\CodeIgniter.php(404): CodeIgniter\CodeIgniter->runController(Object(App\Controllers\Kelurahan))
#3 D:\xampp 7.4\htdocs\TPS\system\CodeIgniter.php(312): CodeIgniter\CodeIgniter->handleRequest(NULL, Object(Config\Cache), false)
#4 D:\xampp 7.4\htdocs\TPS\public\index.php(45): CodeIgniter\CodeIgniter->run()
#5 D:\xampp 7.4\htdocs\TPS\system\Commands\Server\rewrite.php(34): require_once('D:\\xampp 7.4\\ht...')
#6 {main}
CRITICAL - 2020-11-29 12:01:31 --> Call to undefined method CodeIgniter\Database\MySQLi\Result::get()
#0 D:\xampp 7.4\htdocs\TPS\app\Controllers\Kelurahan.php(24): App\Models\KelurahanModel->getKelurahanByKecamatan('1')
#1 D:\xampp 7.4\htdocs\TPS\system\CodeIgniter.php(918): App\Controllers\Kelurahan->index()
#2 D:\xampp 7.4\htdocs\TPS\system\CodeIgniter.php(404): CodeIgniter\CodeIgniter->runController(Object(App\Controllers\Kelurahan))
#3 D:\xampp 7.4\htdocs\TPS\system\CodeIgniter.php(312): CodeIgniter\CodeIgniter->handleRequest(NULL, Object(Config\Cache), false)
#4 D:\xampp 7.4\htdocs\TPS\public\index.php(45): CodeIgniter\CodeIgniter->run()
#5 D:\xampp 7.4\htdocs\TPS\system\Commands\Server\rewrite.php(34): require_once('D:\\xampp 7.4\\ht...')
#6 {main}
CRITICAL - 2020-11-29 12:03:29 --> Trying to access array offset on value of type null
#0 D:\xampp 7.4\htdocs\TPS\app\Views\menu\kelurahan\index.php(70): CodeIgniter\Debug\Exceptions->errorHandler(8, 'Trying to acces...', 'D:\\xampp 7.4\\ht...', 70, Array)
#1 D:\xampp 7.4\htdocs\TPS\system\View\View.php(246): include('D:\\xampp 7.4\\ht...')
#2 D:\xampp 7.4\htdocs\TPS\system\Common.php(1119): CodeIgniter\View\View->render('menu/kelurahan/...', Array, true)
#3 D:\xampp 7.4\htdocs\TPS\app\Controllers\Kelurahan.php(39): view('menu/kelurahan/...', Array)
#4 D:\xampp 7.4\htdocs\TPS\system\CodeIgniter.php(918): App\Controllers\Kelurahan->index()
#5 D:\xampp 7.4\htdocs\TPS\system\CodeIgniter.php(404): CodeIgniter\CodeIgniter->runController(Object(App\Controllers\Kelurahan))
#6 D:\xampp 7.4\htdocs\TPS\system\CodeIgniter.php(312): CodeIgniter\CodeIgniter->handleRequest(NULL, Object(Config\Cache), false)
#7 D:\xampp 7.4\htdocs\TPS\public\index.php(45): CodeIgniter\CodeIgniter->run()
#8 D:\xampp 7.4\htdocs\TPS\system\Commands\Server\rewrite.php(34): require_once('D:\\xampp 7.4\\ht...')
#9 {main}
CRITICAL - 2020-11-29 12:34:58 --> Call to a member function links() on null
#0 D:\xampp 7.4\htdocs\TPS\system\View\View.php(246): include()
#1 D:\xampp 7.4\htdocs\TPS\system\Common.php(1119): CodeIgniter\View\View->render('menu/kelurahan/...', Array, true)
#2 D:\xampp 7.4\htdocs\TPS\app\Controllers\Kelurahan.php(42): view('menu/kelurahan/...', Array)
#3 D:\xampp 7.4\htdocs\TPS\system\CodeIgniter.php(918): App\Controllers\Kelurahan->index()
#4 D:\xampp 7.4\htdocs\TPS\system\CodeIgniter.php(404): CodeIgniter\CodeIgniter->runController(Object(App\Controllers\Kelurahan))
#5 D:\xampp 7.4\htdocs\TPS\system\CodeIgniter.php(312): CodeIgniter\CodeIgniter->handleRequest(NULL, Object(Config\Cache), false)
#6 D:\xampp 7.4\htdocs\TPS\public\index.php(45): CodeIgniter\CodeIgniter->run()
#7 D:\xampp 7.4\htdocs\TPS\system\Commands\Server\rewrite.php(34): require_once('D:\\xampp 7.4\\ht...')
#8 {main}
CRITICAL - 2020-11-29 12:35:56 --> Call to a member function paginate() on array
#0 D:\xampp 7.4\htdocs\TPS\system\CodeIgniter.php(918): App\Controllers\Kelurahan->index()
#1 D:\xampp 7.4\htdocs\TPS\system\CodeIgniter.php(404): CodeIgniter\CodeIgniter->runController(Object(App\Controllers\Kelurahan))
#2 D:\xampp 7.4\htdocs\TPS\system\CodeIgniter.php(312): CodeIgniter\CodeIgniter->handleRequest(NULL, Object(Config\Cache), false)
#3 D:\xampp 7.4\htdocs\TPS\public\index.php(45): CodeIgniter\CodeIgniter->run()
#4 D:\xampp 7.4\htdocs\TPS\system\Commands\Server\rewrite.php(34): require_once('D:\\xampp 7.4\\ht...')
#5 {main}
CRITICAL - 2020-11-29 12:36:48 --> Call to a member function links() on null
#0 D:\xampp 7.4\htdocs\TPS\system\View\View.php(246): include()
#1 D:\xampp 7.4\htdocs\TPS\system\Common.php(1119): CodeIgniter\View\View->render('menu/kelurahan/...', Array, true)
#2 D:\xampp 7.4\htdocs\TPS\app\Controllers\Kelurahan.php(42): view('menu/kelurahan/...', Array)
#3 D:\xampp 7.4\htdocs\TPS\system\CodeIgniter.php(918): App\Controllers\Kelurahan->index()
#4 D:\xampp 7.4\htdocs\TPS\system\CodeIgniter.php(404): CodeIgniter\CodeIgniter->runController(Object(App\Controllers\Kelurahan))
#5 D:\xampp 7.4\htdocs\TPS\system\CodeIgniter.php(312): CodeIgniter\CodeIgniter->handleRequest(NULL, Object(Config\Cache), false)
#6 D:\xampp 7.4\htdocs\TPS\public\index.php(45): CodeIgniter\CodeIgniter->run()
#7 D:\xampp 7.4\htdocs\TPS\system\Commands\Server\rewrite.php(34): require_once('D:\\xampp 7.4\\ht...')
#8 {main}
CRITICAL - 2020-11-29 12:43:00 --> kelurahan_pagination is not a valid Pager template.
#0 D:\xampp 7.4\htdocs\TPS\system\Pager\Pager.php(182): CodeIgniter\Pager\Exceptions\PagerException::forInvalidTemplate('kelurahan_pagin...')
#1 D:\xampp 7.4\htdocs\TPS\system\Pager\Pager.php(121): CodeIgniter\Pager\Pager->displayLinks('tbl_kelurahan', 'kelurahan_pagin...')
#2 D:\xampp 7.4\htdocs\TPS\app\Views\menu\kelurahan\index.php(140): CodeIgniter\Pager\Pager->links('tbl_kelurahan', 'kelurahan_pagin...')
#3 D:\xampp 7.4\htdocs\TPS\system\View\View.php(246): include('D:\\xampp 7.4\\ht...')
#4 D:\xampp 7.4\htdocs\TPS\system\Common.php(1119): CodeIgniter\View\View->render('menu/kelurahan/...', Array, true)
#5 D:\xampp 7.4\htdocs\TPS\app\Controllers\Kelurahan.php(42): view('menu/kelurahan/...', Array)
#6 D:\xampp 7.4\htdocs\TPS\system\CodeIgniter.php(918): App\Controllers\Kelurahan->index()
#7 D:\xampp 7.4\htdocs\TPS\system\CodeIgniter.php(404): CodeIgniter\CodeIgniter->runController(Object(App\Controllers\Kelurahan))
#8 D:\xampp 7.4\htdocs\TPS\system\CodeIgniter.php(312): CodeIgniter\CodeIgniter->handleRequest(NULL, Object(Config\Cache), false)
#9 D:\xampp 7.4\htdocs\TPS\public\index.php(45): CodeIgniter\CodeIgniter->run()
#10 D:\xampp 7.4\htdocs\TPS\system\Commands\Server\rewrite.php(34): require_once('D:\\xampp 7.4\\ht...')
#11 {main}
CRITICAL - 2020-11-29 12:54:54 --> Call to a member function links() on null
#0 D:\xampp 7.4\htdocs\TPS\system\View\View.php(246): include()
#1 D:\xampp 7.4\htdocs\TPS\system\Common.php(1119): CodeIgniter\View\View->render('menu/kelurahan/...', Array, true)
#2 D:\xampp 7.4\htdocs\TPS\app\Controllers\Kelurahan.php(42): view('menu/kelurahan/...', Array)
#3 D:\xampp 7.4\htdocs\TPS\system\CodeIgniter.php(918): App\Controllers\Kelurahan->index()
#4 D:\xampp 7.4\htdocs\TPS\system\CodeIgniter.php(404): CodeIgniter\CodeIgniter->runController(Object(App\Controllers\Kelurahan))
#5 D:\xampp 7.4\htdocs\TPS\system\CodeIgniter.php(312): CodeIgniter\CodeIgniter->handleRequest(NULL, Object(Config\Cache), false)
#6 D:\xampp 7.4\htdocs\TPS\public\index.php(45): CodeIgniter\CodeIgniter->run()
#7 D:\xampp 7.4\htdocs\TPS\system\Commands\Server\rewrite.php(34): require_once('D:\\xampp 7.4\\ht...')
#8 {main}
CRITICAL - 2020-11-29 13:09:27 --> Call to undefined method CodeIgniter\Database\MySQLi\Builder::paginate()
#0 D:\xampp 7.4\htdocs\TPS\system\CodeIgniter.php(918): App\Controllers\Kelurahan->index()
#1 D:\xampp 7.4\htdocs\TPS\system\CodeIgniter.php(404): CodeIgniter\CodeIgniter->runController(Object(App\Controllers\Kelurahan))
#2 D:\xampp 7.4\htdocs\TPS\system\CodeIgniter.php(312): CodeIgniter\CodeIgniter->handleRequest(NULL, Object(Config\Cache), false)
#3 D:\xampp 7.4\htdocs\TPS\public\index.php(45): CodeIgniter\CodeIgniter->run()
#4 D:\xampp 7.4\htdocs\TPS\system\Commands\Server\rewrite.php(34): require_once('D:\\xampp 7.4\\ht...')
#5 {main}
CRITICAL - 2020-11-29 13:10:47 --> syntax error, unexpected '}', expecting ';'
#0 D:\xampp 7.4\htdocs\TPS\system\Autoloader\Autoloader.php(296): CodeIgniter\Autoloader\Autoloader->requireFile('D:\\xampp 7.4\\ht...')
#1 D:\xampp 7.4\htdocs\TPS\system\Autoloader\Autoloader.php(258): CodeIgniter\Autoloader\Autoloader->loadInNamespace('App\\Models\\Kelu...')
#2 [internal function]: CodeIgniter\Autoloader\Autoloader->loadClass('App\\Models\\Kelu...')
#3 D:\xampp 7.4\htdocs\TPS\app\Controllers\Kelurahan.php(14): spl_autoload_call('App\\Models\\Kelu...')
#4 D:\xampp 7.4\htdocs\TPS\system\CodeIgniter.php(890): App\Controllers\Kelurahan->__construct()
#5 D:\xampp 7.4\htdocs\TPS\system\CodeIgniter.php(399): CodeIgniter\CodeIgniter->createController()
#6 D:\xampp 7.4\htdocs\TPS\system\CodeIgniter.php(312): CodeIgniter\CodeIgniter->handleRequest(NULL, Object(Config\Cache), false)
#7 D:\xampp 7.4\htdocs\TPS\public\index.php(45): CodeIgniter\CodeIgniter->run()
#8 D:\xampp 7.4\htdocs\TPS\system\Commands\Server\rewrite.php(34): require_once('D:\\xampp 7.4\\ht...')
#9 {main}
CRITICAL - 2020-11-29 13:10:55 --> Unknown column 'kecamatan' in 'where clause'
#0 D:\xampp 7.4\htdocs\TPS\system\Database\MySQLi\Connection.php(331): mysqli->query('SELECT *\nFROM `...')
#1 D:\xampp 7.4\htdocs\TPS\system\Database\BaseConnection.php(741): CodeIgniter\Database\MySQLi\Connection->execute('SELECT *\nFROM `...')
#2 D:\xampp 7.4\htdocs\TPS\system\Database\BaseConnection.php(669): CodeIgniter\Database\BaseConnection->simpleQuery('SELECT *\nFROM `...')
#3 D:\xampp 7.4\htdocs\TPS\system\Database\BaseBuilder.php(2019): CodeIgniter\Database\BaseConnection->query('SELECT *\nFROM `...', Array, false)
#4 D:\xampp 7.4\htdocs\TPS\app\Models\kelurahanModel.php(30): CodeIgniter\Database\BaseBuilder->getWhere(Array)
#5 D:\xampp 7.4\htdocs\TPS\app\Controllers\Kelurahan.php(25): App\Models\KelurahanModel->getKelurahanByKecamatan('1')
#6 D:\xampp 7.4\htdocs\TPS\system\CodeIgniter.php(918): App\Controllers\Kelurahan->index()
#7 D:\xampp 7.4\htdocs\TPS\system\CodeIgniter.php(404): CodeIgniter\CodeIgniter->runController(Object(App\Controllers\Kelurahan))
#8 D:\xampp 7.4\htdocs\TPS\system\CodeIgniter.php(312): CodeIgniter\CodeIgniter->handleRequest(NULL, Object(Config\Cache), false)
#9 D:\xampp 7.4\htdocs\TPS\public\index.php(45): CodeIgniter\CodeIgniter->run()
#10 D:\xampp 7.4\htdocs\TPS\system\Commands\Server\rewrite.php(34): require_once('D:\\xampp 7.4\\ht...')
#11 {main}
CRITICAL - 2020-11-29 13:11:03 --> Call to undefined method CodeIgniter\Database\MySQLi\Result::paginate()
#0 D:\xampp 7.4\htdocs\TPS\system\CodeIgniter.php(918): App\Controllers\Kelurahan->index()
#1 D:\xampp 7.4\htdocs\TPS\system\CodeIgniter.php(404): CodeIgniter\CodeIgniter->runController(Object(App\Controllers\Kelurahan))
#2 D:\xampp 7.4\htdocs\TPS\system\CodeIgniter.php(312): CodeIgniter\CodeIgniter->handleRequest(NULL, Object(Config\Cache), false)
#3 D:\xampp 7.4\htdocs\TPS\public\index.php(45): CodeIgniter\CodeIgniter->run()
#4 D:\xampp 7.4\htdocs\TPS\system\Commands\Server\rewrite.php(34): require_once('D:\\xampp 7.4\\ht...')
#5 {main}
CRITICAL - 2020-11-29 13:12:49 --> Call to undefined method CodeIgniter\Database\MySQLi\Result::paginate()
#0 D:\xampp 7.4\htdocs\TPS\system\CodeIgniter.php(918): App\Controllers\Kelurahan->index()
#1 D:\xampp 7.4\htdocs\TPS\system\CodeIgniter.php(404): CodeIgniter\CodeIgniter->runController(Object(App\Controllers\Kelurahan))
#2 D:\xampp 7.4\htdocs\TPS\system\CodeIgniter.php(312): CodeIgniter\CodeIgniter->handleRequest(NULL, Object(Config\Cache), false)
#3 D:\xampp 7.4\htdocs\TPS\public\index.php(45): CodeIgniter\CodeIgniter->run()
#4 D:\xampp 7.4\htdocs\TPS\system\Commands\Server\rewrite.php(34): require_once('D:\\xampp 7.4\\ht...')
#5 {main}
CRITICAL - 2020-11-29 13:14:00 --> Call to undefined method CodeIgniter\Database\MySQLi\Result::paginate()
#0 D:\xampp 7.4\htdocs\TPS\system\CodeIgniter.php(918): App\Controllers\Kelurahan->index()
#1 D:\xampp 7.4\htdocs\TPS\system\CodeIgniter.php(404): CodeIgniter\CodeIgniter->runController(Object(App\Controllers\Kelurahan))
#2 D:\xampp 7.4\htdocs\TPS\system\CodeIgniter.php(312): CodeIgniter\CodeIgniter->handleRequest(NULL, Object(Config\Cache), false)
#3 D:\xampp 7.4\htdocs\TPS\public\index.php(45): CodeIgniter\CodeIgniter->run()
#4 D:\xampp 7.4\htdocs\TPS\system\Commands\Server\rewrite.php(34): require_once('D:\\xampp 7.4\\ht...')
#5 {main}
CRITICAL - 2020-11-29 13:28:50 --> Undefined variable: currentPage
#0 D:\xampp 7.4\htdocs\TPS\app\Views\menu\kecamatan\index.php(88): CodeIgniter\Debug\Exceptions->errorHandler(8, 'Undefined varia...', 'D:\\xampp 7.4\\ht...', 88, Array)
#1 D:\xampp 7.4\htdocs\TPS\system\View\View.php(246): include('D:\\xampp 7.4\\ht...')
#2 D:\xampp 7.4\htdocs\TPS\system\Common.php(1119): CodeIgniter\View\View->render('menu/kecamatan/...', Array, true)
#3 D:\xampp 7.4\htdocs\TPS\app\Controllers\Kecamatan.php(31): view('menu/kecamatan/...', Array)
#4 D:\xampp 7.4\htdocs\TPS\system\CodeIgniter.php(918): App\Controllers\Kecamatan->index()
#5 D:\xampp 7.4\htdocs\TPS\system\CodeIgniter.php(404): CodeIgniter\CodeIgniter->runController(Object(App\Controllers\Kecamatan))
#6 D:\xampp 7.4\htdocs\TPS\system\CodeIgniter.php(312): CodeIgniter\CodeIgniter->handleRequest(NULL, Object(Config\Cache), false)
#7 D:\xampp 7.4\htdocs\TPS\public\index.php(45): CodeIgniter\CodeIgniter->run()
#8 D:\xampp 7.4\htdocs\TPS\system\Commands\Server\rewrite.php(34): require_once('D:\\xampp 7.4\\ht...')
#9 {main}
CRITICAL - 2020-11-29 13:29:53 --> Undefined variable: pager
#0 D:\xampp 7.4\htdocs\TPS\app\Views\menu\kecamatan\index.php(137): CodeIgniter\Debug\Exceptions->errorHandler(8, 'Undefined varia...', 'D:\\xampp 7.4\\ht...', 137, Array)
#1 D:\xampp 7.4\htdocs\TPS\system\View\View.php(246): include('D:\\xampp 7.4\\ht...')
#2 D:\xampp 7.4\htdocs\TPS\system\Common.php(1119): CodeIgniter\View\View->render('menu/kecamatan/...', Array, true)
#3 D:\xampp 7.4\htdocs\TPS\app\Controllers\Kecamatan.php(32): view('menu/kecamatan/...', Array)
#4 D:\xampp 7.4\htdocs\TPS\system\CodeIgniter.php(918): App\Controllers\Kecamatan->index()
#5 D:\xampp 7.4\htdocs\TPS\system\CodeIgniter.php(404): CodeIgniter\CodeIgniter->runController(Object(App\Controllers\Kecamatan))
#6 D:\xampp 7.4\htdocs\TPS\system\CodeIgniter.php(312): CodeIgniter\CodeIgniter->handleRequest(NULL, Object(Config\Cache), false)
#7 D:\xampp 7.4\htdocs\TPS\public\index.php(45): CodeIgniter\CodeIgniter->run()
#8 D:\xampp 7.4\htdocs\TPS\system\Commands\Server\rewrite.php(34): require_once('D:\\xampp 7.4\\ht...')
#9 {main}
CRITICAL - 2020-11-29 13:30:12 --> Call to a member function links() on null
#0 D:\xampp 7.4\htdocs\TPS\system\View\View.php(246): include()
#1 D:\xampp 7.4\htdocs\TPS\system\Common.php(1119): CodeIgniter\View\View->render('menu/kecamatan/...', Array, true)
#2 D:\xampp 7.4\htdocs\TPS\app\Controllers\Kecamatan.php(33): view('menu/kecamatan/...', Array)
#3 D:\xampp 7.4\htdocs\TPS\system\CodeIgniter.php(918): App\Controllers\Kecamatan->index()
#4 D:\xampp 7.4\htdocs\TPS\system\CodeIgniter.php(404): CodeIgniter\CodeIgniter->runController(Object(App\Controllers\Kecamatan))
#5 D:\xampp 7.4\htdocs\TPS\system\CodeIgniter.php(312): CodeIgniter\CodeIgniter->handleRequest(NULL, Object(Config\Cache), false)
#6 D:\xampp 7.4\htdocs\TPS\public\index.php(45): CodeIgniter\CodeIgniter->run()
#7 D:\xampp 7.4\htdocs\TPS\system\Commands\Server\rewrite.php(34): require_once('D:\\xampp 7.4\\ht...')
#8 {main}
CRITICAL - 2020-11-29 14:20:41 --> Call to undefined method App\Models\TpsModel::getKelurahan
#0 D:\xampp 7.4\htdocs\TPS\app\Controllers\Tps.php(28): CodeIgniter\Model->__call('getKelurahan', Array)
#1 D:\xampp 7.4\htdocs\TPS\system\CodeIgniter.php(918): App\Controllers\Tps->index()
#2 D:\xampp 7.4\htdocs\TPS\system\CodeIgniter.php(404): CodeIgniter\CodeIgniter->runController(Object(App\Controllers\Tps))
#3 D:\xampp 7.4\htdocs\TPS\system\CodeIgniter.php(312): CodeIgniter\CodeIgniter->handleRequest(NULL, Object(Config\Cache), false)
#4 D:\xampp 7.4\htdocs\TPS\public\index.php(45): CodeIgniter\CodeIgniter->run()
#5 D:\xampp 7.4\htdocs\TPS\system\Commands\Server\rewrite.php(34): require_once('D:\\xampp 7.4\\ht...')
#6 {main}
CRITICAL - 2020-11-29 14:38:55 --> Trying to access array offset on value of type null
#0 D:\xampp 7.4\htdocs\TPS\app\Views\menu\tps\create.php(72): CodeIgniter\Debug\Exceptions->errorHandler(8, 'Trying to acces...', 'D:\\xampp 7.4\\ht...', 72, Array)
#1 D:\xampp 7.4\htdocs\TPS\system\View\View.php(246): include('D:\\xampp 7.4\\ht...')
#2 D:\xampp 7.4\htdocs\TPS\system\Common.php(1119): CodeIgniter\View\View->render('menu/tps/create', Array, true)
#3 D:\xampp 7.4\htdocs\TPS\app\Controllers\Tps.php(64): view('menu/tps/create', Array)
#4 D:\xampp 7.4\htdocs\TPS\system\CodeIgniter.php(918): App\Controllers\Tps->create()
#5 D:\xampp 7.4\htdocs\TPS\system\CodeIgniter.php(404): CodeIgniter\CodeIgniter->runController(Object(App\Controllers\Tps))
#6 D:\xampp 7.4\htdocs\TPS\system\CodeIgniter.php(312): CodeIgniter\CodeIgniter->handleRequest(NULL, Object(Config\Cache), false)
#7 D:\xampp 7.4\htdocs\TPS\public\index.php(45): CodeIgniter\CodeIgniter->run()
#8 D:\xampp 7.4\htdocs\TPS\system\Commands\Server\rewrite.php(34): require_once('D:\\xampp 7.4\\ht...')
#9 {main}
CRITICAL - 2020-11-29 14:39:26 --> Call to undefined method App\Models\KelurahanModel::getResultArray
#0 D:\xampp 7.4\htdocs\TPS\app\Models\kelurahanModel.php(30): CodeIgniter\Model->__call('getResultArray', Array)
#1 D:\xampp 7.4\htdocs\TPS\app\Controllers\Tps.php(51): App\Models\KelurahanModel->getKelurahanByKecamatan('1')
#2 D:\xampp 7.4\htdocs\TPS\system\CodeIgniter.php(918): App\Controllers\Tps->create()
#3 D:\xampp 7.4\htdocs\TPS\system\CodeIgniter.php(404): CodeIgniter\CodeIgniter->runController(Object(App\Controllers\Tps))
#4 D:\xampp 7.4\htdocs\TPS\system\CodeIgniter.php(312): CodeIgniter\CodeIgniter->handleRequest(NULL, Object(Config\Cache), false)
#5 D:\xampp 7.4\htdocs\TPS\public\index.php(45): CodeIgniter\CodeIgniter->run()
#6 D:\xampp 7.4\htdocs\TPS\system\Commands\Server\rewrite.php(34): require_once('D:\\xampp 7.4\\ht...')
#7 {main}
CRITICAL - 2020-11-29 14:40:04 --> Call to undefined method App\Models\KelurahanModel::getResultArray
#0 D:\xampp 7.4\htdocs\TPS\app\Controllers\Tps.php(51): CodeIgniter\Model->__call('getResultArray', Array)
#1 D:\xampp 7.4\htdocs\TPS\system\CodeIgniter.php(918): App\Controllers\Tps->create()
#2 D:\xampp 7.4\htdocs\TPS\system\CodeIgniter.php(404): CodeIgniter\CodeIgniter->runController(Object(App\Controllers\Tps))
#3 D:\xampp 7.4\htdocs\TPS\system\CodeIgniter.php(312): CodeIgniter\CodeIgniter->handleRequest(NULL, Object(Config\Cache), false)
#4 D:\xampp 7.4\htdocs\TPS\public\index.php(45): CodeIgniter\CodeIgniter->run()
#5 D:\xampp 7.4\htdocs\TPS\system\Commands\Server\rewrite.php(34): require_once('D:\\xampp 7.4\\ht...')
#6 {main}
CRITICAL - 2020-11-29 14:44:56 --> Undefined index: kecamatan
#0 D:\xampp 7.4\htdocs\TPS\app\Views\menu\tps\create.php(41): CodeIgniter\Debug\Exceptions->errorHandler(8, 'Undefined index...', 'D:\\xampp 7.4\\ht...', 41, Array)
#1 D:\xampp 7.4\htdocs\TPS\system\View\View.php(246): include('D:\\xampp 7.4\\ht...')
#2 D:\xampp 7.4\htdocs\TPS\system\Common.php(1119): CodeIgniter\View\View->render('menu/tps/create', Array, true)
#3 D:\xampp 7.4\htdocs\TPS\app\Controllers\Tps.php(64): view('menu/tps/create', Array)
#4 D:\xampp 7.4\htdocs\TPS\system\CodeIgniter.php(918): App\Controllers\Tps->create()
#5 D:\xampp 7.4\htdocs\TPS\system\CodeIgniter.php(404): CodeIgniter\CodeIgniter->runController(Object(App\Controllers\Tps))
#6 D:\xampp 7.4\htdocs\TPS\system\CodeIgniter.php(312): CodeIgniter\CodeIgniter->handleRequest(NULL, Object(Config\Cache), false)
#7 D:\xampp 7.4\htdocs\TPS\public\index.php(45): CodeIgniter\CodeIgniter->run()
#8 D:\xampp 7.4\htdocs\TPS\system\Commands\Server\rewrite.php(34): require_once('D:\\xampp 7.4\\ht...')
#9 {main}
CRITICAL - 2020-11-29 15:03:54 --> Undefined index: kecamatan
#0 D:\xampp 7.4\htdocs\TPS\app\Views\menu\tps\create.php(71): CodeIgniter\Debug\Exceptions->errorHandler(8, 'Undefined index...', 'D:\\xampp 7.4\\ht...', 71, Array)
#1 D:\xampp 7.4\htdocs\TPS\system\View\View.php(246): include('D:\\xampp 7.4\\ht...')
#2 D:\xampp 7.4\htdocs\TPS\system\Common.php(1119): CodeIgniter\View\View->render('menu/tps/create', Array, true)
#3 D:\xampp 7.4\htdocs\TPS\app\Controllers\Tps.php(84): view('menu/tps/create', Array)
#4 D:\xampp 7.4\htdocs\TPS\system\CodeIgniter.php(918): App\Controllers\Tps->create()
#5 D:\xampp 7.4\htdocs\TPS\system\CodeIgniter.php(404): CodeIgniter\CodeIgniter->runController(Object(App\Controllers\Tps))
#6 D:\xampp 7.4\htdocs\TPS\system\CodeIgniter.php(312): CodeIgniter\CodeIgniter->handleRequest(NULL, Object(Config\Cache), false)
#7 D:\xampp 7.4\htdocs\TPS\public\index.php(45): CodeIgniter\CodeIgniter->run()
#8 D:\xampp 7.4\htdocs\TPS\system\Commands\Server\rewrite.php(34): require_once('D:\\xampp 7.4\\ht...')
#9 {main}
CRITICAL - 2020-11-29 15:04:36 --> Undefined index: kecamatan
#0 D:\xampp 7.4\htdocs\TPS\app\Views\menu\tps\create.php(71): CodeIgniter\Debug\Exceptions->errorHandler(8, 'Undefined index...', 'D:\\xampp 7.4\\ht...', 71, Array)
#1 D:\xampp 7.4\htdocs\TPS\system\View\View.php(246): include('D:\\xampp 7.4\\ht...')
#2 D:\xampp 7.4\htdocs\TPS\system\Common.php(1119): CodeIgniter\View\View->render('menu/tps/create', Array, true)
#3 D:\xampp 7.4\htdocs\TPS\app\Controllers\Tps.php(83): view('menu/tps/create', Array)
#4 D:\xampp 7.4\htdocs\TPS\system\CodeIgniter.php(918): App\Controllers\Tps->create()
#5 D:\xampp 7.4\htdocs\TPS\system\CodeIgniter.php(404): CodeIgniter\CodeIgniter->runController(Object(App\Controllers\Tps))
#6 D:\xampp 7.4\htdocs\TPS\system\CodeIgniter.php(312): CodeIgniter\CodeIgniter->handleRequest(NULL, Object(Config\Cache), false)
#7 D:\xampp 7.4\htdocs\TPS\public\index.php(45): CodeIgniter\CodeIgniter->run()
#8 D:\xampp 7.4\htdocs\TPS\system\Commands\Server\rewrite.php(34): require_once('D:\\xampp 7.4\\ht...')
#9 {main}
CRITICAL - 2020-11-29 15:13:00 --> Call to undefined method App\Models\TpsModel::getKelurahan
#0 D:\xampp 7.4\htdocs\TPS\app\Controllers\Tps.php(28): CodeIgniter\Model->__call('getKelurahan', Array)
#1 D:\xampp 7.4\htdocs\TPS\system\CodeIgniter.php(918): App\Controllers\Tps->index()
#2 D:\xampp 7.4\htdocs\TPS\system\CodeIgniter.php(404): CodeIgniter\CodeIgniter->runController(Object(App\Controllers\Tps))
#3 D:\xampp 7.4\htdocs\TPS\system\CodeIgniter.php(312): CodeIgniter\CodeIgniter->handleRequest(NULL, Object(Config\Cache), false)
#4 D:\xampp 7.4\htdocs\TPS\public\index.php(45): CodeIgniter\CodeIgniter->run()
#5 D:\xampp 7.4\htdocs\TPS\system\Commands\Server\rewrite.php(34): require_once('D:\\xampp 7.4\\ht...')
#6 {main}
CRITICAL - 2020-11-29 15:28:03 --> Call to undefined method App\Models\TpsModel::getKelurahan
#0 D:\xampp 7.4\htdocs\TPS\app\Controllers\Tps.php(28): CodeIgniter\Model->__call('getKelurahan', Array)
#1 D:\xampp 7.4\htdocs\TPS\system\CodeIgniter.php(918): App\Controllers\Tps->index()
#2 D:\xampp 7.4\htdocs\TPS\system\CodeIgniter.php(404): CodeIgniter\CodeIgniter->runController(Object(App\Controllers\Tps))
#3 D:\xampp 7.4\htdocs\TPS\system\CodeIgniter.php(312): CodeIgniter\CodeIgniter->handleRequest(NULL, Object(Config\Cache), false)
#4 D:\xampp 7.4\htdocs\TPS\public\index.php(45): CodeIgniter\CodeIgniter->run()
#5 D:\xampp 7.4\htdocs\TPS\system\Commands\Server\rewrite.php(34): require_once('D:\\xampp 7.4\\ht...')
#6 {main}
CRITICAL - 2020-11-29 15:28:13 --> Call to undefined method App\Models\TpsModel::getKelurahan
#0 D:\xampp 7.4\htdocs\TPS\app\Controllers\Tps.php(28): CodeIgniter\Model->__call('getKelurahan', Array)
#1 D:\xampp 7.4\htdocs\TPS\system\CodeIgniter.php(918): App\Controllers\Tps->index()
#2 D:\xampp 7.4\htdocs\TPS\system\CodeIgniter.php(404): CodeIgniter\CodeIgniter->runController(Object(App\Controllers\Tps))
#3 D:\xampp 7.4\htdocs\TPS\system\CodeIgniter.php(312): CodeIgniter\CodeIgniter->handleRequest(NULL, Object(Config\Cache), false)
#4 D:\xampp 7.4\htdocs\TPS\public\index.php(45): CodeIgniter\CodeIgniter->run()
#5 D:\xampp 7.4\htdocs\TPS\system\Commands\Server\rewrite.php(34): require_once('D:\\xampp 7.4\\ht...')
#6 {main}
CRITICAL - 2020-11-29 15:31:07 --> Call to undefined method App\Models\TpsModel::getKelurahan
#0 D:\xampp 7.4\htdocs\TPS\app\Controllers\Tps.php(28): CodeIgniter\Model->__call('getKelurahan', Array)
#1 D:\xampp 7.4\htdocs\TPS\system\CodeIgniter.php(918): App\Controllers\Tps->index()
#2 D:\xampp 7.4\htdocs\TPS\system\CodeIgniter.php(404): CodeIgniter\CodeIgniter->runController(Object(App\Controllers\Tps))
#3 D:\xampp 7.4\htdocs\TPS\system\CodeIgniter.php(312): CodeIgniter\CodeIgniter->handleRequest(NULL, Object(Config\Cache), false)
#4 D:\xampp 7.4\htdocs\TPS\public\index.php(45): CodeIgniter\CodeIgniter->run()
#5 D:\xampp 7.4\htdocs\TPS\system\Commands\Server\rewrite.php(34): require_once('D:\\xampp 7.4\\ht...')
#6 {main}
CRITICAL - 2020-11-29 15:34:53 --> Call to undefined method App\Models\TpsModel::searchByKelurahan
#0 D:\xampp 7.4\htdocs\TPS\app\Controllers\Tps.php(28): CodeIgniter\Model->__call('searchByKelurah...', Array)
#1 D:\xampp 7.4\htdocs\TPS\system\CodeIgniter.php(918): App\Controllers\Tps->index()
#2 D:\xampp 7.4\htdocs\TPS\system\CodeIgniter.php(404): CodeIgniter\CodeIgniter->runController(Object(App\Controllers\Tps))
#3 D:\xampp 7.4\htdocs\TPS\system\CodeIgniter.php(312): CodeIgniter\CodeIgniter->handleRequest(NULL, Object(Config\Cache), false)
#4 D:\xampp 7.4\htdocs\TPS\public\index.php(45): CodeIgniter\CodeIgniter->run()
#5 D:\xampp 7.4\htdocs\TPS\system\Commands\Server\rewrite.php(34): require_once('D:\\xampp 7.4\\ht...')
#6 {main}
CRITICAL - 2020-11-29 15:35:39 --> Call to undefined method App\Models\TpsModel::searchByKelurahan
#0 D:\xampp 7.4\htdocs\TPS\app\Controllers\Tps.php(28): CodeIgniter\Model->__call('searchByKelurah...', Array)
#1 D:\xampp 7.4\htdocs\TPS\system\CodeIgniter.php(918): App\Controllers\Tps->index()
#2 D:\xampp 7.4\htdocs\TPS\system\CodeIgniter.php(404): CodeIgniter\CodeIgniter->runController(Object(App\Controllers\Tps))
#3 D:\xampp 7.4\htdocs\TPS\system\CodeIgniter.php(312): CodeIgniter\CodeIgniter->handleRequest(NULL, Object(Config\Cache), false)
#4 D:\xampp 7.4\htdocs\TPS\public\index.php(45): CodeIgniter\CodeIgniter->run()
#5 D:\xampp 7.4\htdocs\TPS\system\Commands\Server\rewrite.php(34): require_once('D:\\xampp 7.4\\ht...')
#6 {main}
CRITICAL - 2020-11-29 15:35:48 --> Call to undefined method App\Models\TpsModel::searchByKelurahan
#0 D:\xampp 7.4\htdocs\TPS\app\Controllers\Tps.php(28): CodeIgniter\Model->__call('searchByKelurah...', Array)
#1 D:\xampp 7.4\htdocs\TPS\system\CodeIgniter.php(918): App\Controllers\Tps->index()
#2 D:\xampp 7.4\htdocs\TPS\system\CodeIgniter.php(404): CodeIgniter\CodeIgniter->runController(Object(App\Controllers\Tps))
#3 D:\xampp 7.4\htdocs\TPS\system\CodeIgniter.php(312): CodeIgniter\CodeIgniter->handleRequest(NULL, Object(Config\Cache), false)
#4 D:\xampp 7.4\htdocs\TPS\public\index.php(45): CodeIgniter\CodeIgniter->run()
#5 D:\xampp 7.4\htdocs\TPS\system\Commands\Server\rewrite.php(34): require_once('D:\\xampp 7.4\\ht...')
#6 {main}
CRITICAL - 2020-11-29 15:36:03 --> Call to undefined method App\Models\TpsModel::searchByKelurahan
#0 D:\xampp 7.4\htdocs\TPS\app\Controllers\Tps.php(28): CodeIgniter\Model->__call('searchByKelurah...', Array)
#1 D:\xampp 7.4\htdocs\TPS\system\CodeIgniter.php(918): App\Controllers\Tps->index()
#2 D:\xampp 7.4\htdocs\TPS\system\CodeIgniter.php(404): CodeIgniter\CodeIgniter->runController(Object(App\Controllers\Tps))
#3 D:\xampp 7.4\htdocs\TPS\system\CodeIgniter.php(312): CodeIgniter\CodeIgniter->handleRequest(NULL, Object(Config\Cache), false)
#4 D:\xampp 7.4\htdocs\TPS\public\index.php(45): CodeIgniter\CodeIgniter->run()
#5 D:\xampp 7.4\htdocs\TPS\system\Commands\Server\rewrite.php(34): require_once('D:\\xampp 7.4\\ht...')
#6 {main}
CRITICAL - 2020-11-29 15:36:33 --> Call to undefined method App\Models\TpsModel::searchByKelurahan
#0 D:\xampp 7.4\htdocs\TPS\app\Controllers\Tps.php(28): CodeIgniter\Model->__call('searchByKelurah...', Array)
#1 D:\xampp 7.4\htdocs\TPS\system\CodeIgniter.php(918): App\Controllers\Tps->index()
#2 D:\xampp 7.4\htdocs\TPS\system\CodeIgniter.php(404): CodeIgniter\CodeIgniter->runController(Object(App\Controllers\Tps))
#3 D:\xampp 7.4\htdocs\TPS\system\CodeIgniter.php(312): CodeIgniter\CodeIgniter->handleRequest(NULL, Object(Config\Cache), false)
#4 D:\xampp 7.4\htdocs\TPS\public\index.php(45): CodeIgniter\CodeIgniter->run()
#5 D:\xampp 7.4\htdocs\TPS\system\Commands\Server\rewrite.php(34): require_once('D:\\xampp 7.4\\ht...')
#6 {main}
CRITICAL - 2020-11-29 15:37:10 --> Call to undefined method App\Models\TpsModel::searchByKelurahan
#0 D:\xampp 7.4\htdocs\TPS\app\Controllers\Tps.php(28): CodeIgniter\Model->__call('searchByKelurah...', Array)
#1 D:\xampp 7.4\htdocs\TPS\system\CodeIgniter.php(918): App\Controllers\Tps->index()
#2 D:\xampp 7.4\htdocs\TPS\system\CodeIgniter.php(404): CodeIgniter\CodeIgniter->runController(Object(App\Controllers\Tps))
#3 D:\xampp 7.4\htdocs\TPS\system\CodeIgniter.php(312): CodeIgniter\CodeIgniter->handleRequest(NULL, Object(Config\Cache), false)
#4 D:\xampp 7.4\htdocs\TPS\public\index.php(45): CodeIgniter\CodeIgniter->run()
#5 D:\xampp 7.4\htdocs\TPS\system\Commands\Server\rewrite.php(34): require_once('D:\\xampp 7.4\\ht...')
#6 {main}
CRITICAL - 2020-11-29 15:37:51 --> Call to undefined method App\Models\TpsModel::searchByKelurahan
#0 D:\xampp 7.4\htdocs\TPS\app\Controllers\Tps.php(28): CodeIgniter\Model->__call('searchByKelurah...', Array)
#1 D:\xampp 7.4\htdocs\TPS\system\CodeIgniter.php(918): App\Controllers\Tps->index()
#2 D:\xampp 7.4\htdocs\TPS\system\CodeIgniter.php(404): CodeIgniter\CodeIgniter->runController(Object(App\Controllers\Tps))
#3 D:\xampp 7.4\htdocs\TPS\system\CodeIgniter.php(312): CodeIgniter\CodeIgniter->handleRequest(NULL, Object(Config\Cache), false)
#4 D:\xampp 7.4\htdocs\TPS\public\index.php(45): CodeIgniter\CodeIgniter->run()
#5 D:\xampp 7.4\htdocs\TPS\system\Commands\Server\rewrite.php(34): require_once('D:\\xampp 7.4\\ht...')
#6 {main}
CRITICAL - 2020-11-29 15:38:30 --> Cannot use object of type App\Models\KelurahanModel as array
#0 D:\xampp 7.4\htdocs\TPS\system\View\View.php(246): include()
#1 D:\xampp 7.4\htdocs\TPS\system\Common.php(1119): CodeIgniter\View\View->render('menu/tps/index', Array, true)
#2 D:\xampp 7.4\htdocs\TPS\app\Controllers\Tps.php(45): view('menu/tps/index', Array)
#3 D:\xampp 7.4\htdocs\TPS\system\CodeIgniter.php(918): App\Controllers\Tps->index()
#4 D:\xampp 7.4\htdocs\TPS\system\CodeIgniter.php(404): CodeIgniter\CodeIgniter->runController(Object(App\Controllers\Tps))
#5 D:\xampp 7.4\htdocs\TPS\system\CodeIgniter.php(312): CodeIgniter\CodeIgniter->handleRequest(NULL, Object(Config\Cache), false)
#6 D:\xampp 7.4\htdocs\TPS\public\index.php(45): CodeIgniter\CodeIgniter->run()
#7 D:\xampp 7.4\htdocs\TPS\system\Commands\Server\rewrite.php(34): require_once('D:\\xampp 7.4\\ht...')
#8 {main}
CRITICAL - 2020-11-29 15:38:44 --> Call to undefined method App\Models\KelurahanModel::getRowArray
#0 D:\xampp 7.4\htdocs\TPS\app\Models\kelurahanModel.php(30): CodeIgniter\Model->__call('getRowArray', Array)
#1 D:\xampp 7.4\htdocs\TPS\app\Controllers\Tps.php(28): App\Models\KelurahanModel->searchByKelurahan('berserk')
#2 D:\xampp 7.4\htdocs\TPS\system\CodeIgniter.php(918): App\Controllers\Tps->index()
#3 D:\xampp 7.4\htdocs\TPS\system\CodeIgniter.php(404): CodeIgniter\CodeIgniter->runController(Object(App\Controllers\Tps))
#4 D:\xampp 7.4\htdocs\TPS\system\CodeIgniter.php(312): CodeIgniter\CodeIgniter->handleRequest(NULL, Object(Config\Cache), false)
#5 D:\xampp 7.4\htdocs\TPS\public\index.php(45): CodeIgniter\CodeIgniter->run()
#6 D:\xampp 7.4\htdocs\TPS\system\Commands\Server\rewrite.php(34): require_once('D:\\xampp 7.4\\ht...')
#7 {main}
CRITICAL - 2020-11-29 15:39:24 --> Undefined index: kelurahan
#0 D:\xampp 7.4\htdocs\TPS\app\Views\menu\tps\index.php(59): CodeIgniter\Debug\Exceptions->errorHandler(8, 'Undefined index...', 'D:\\xampp 7.4\\ht...', 59, Array)
#1 D:\xampp 7.4\htdocs\TPS\system\View\View.php(246): include('D:\\xampp 7.4\\ht...')
#2 D:\xampp 7.4\htdocs\TPS\system\Common.php(1119): CodeIgniter\View\View->render('menu/tps/index', Array, true)
#3 D:\xampp 7.4\htdocs\TPS\app\Controllers\Tps.php(45): view('menu/tps/index', Array)
#4 D:\xampp 7.4\htdocs\TPS\system\CodeIgniter.php(918): App\Controllers\Tps->index()
#5 D:\xampp 7.4\htdocs\TPS\system\CodeIgniter.php(404): CodeIgniter\CodeIgniter->runController(Object(App\Controllers\Tps))
#6 D:\xampp 7.4\htdocs\TPS\system\CodeIgniter.php(312): CodeIgniter\CodeIgniter->handleRequest(NULL, Object(Config\Cache), false)
#7 D:\xampp 7.4\htdocs\TPS\public\index.php(45): CodeIgniter\CodeIgniter->run()
#8 D:\xampp 7.4\htdocs\TPS\system\Commands\Server\rewrite.php(34): require_once('D:\\xampp 7.4\\ht...')
#9 {main}
CRITICAL - 2020-11-29 15:41:19 --> Undefined variable: kelurahanById
#0 D:\xampp 7.4\htdocs\TPS\app\Views\menu\tps\index.php(68): CodeIgniter\Debug\Exceptions->errorHandler(8, 'Undefined varia...', 'D:\\xampp 7.4\\ht...', 68, Array)
#1 D:\xampp 7.4\htdocs\TPS\system\View\View.php(246): include('D:\\xampp 7.4\\ht...')
#2 D:\xampp 7.4\htdocs\TPS\system\Common.php(1119): CodeIgniter\View\View->render('menu/tps/index', Array, true)
#3 D:\xampp 7.4\htdocs\TPS\app\Controllers\Tps.php(45): view('menu/tps/index', Array)
#4 D:\xampp 7.4\htdocs\TPS\system\CodeIgniter.php(918): App\Controllers\Tps->index()
#5 D:\xampp 7.4\htdocs\TPS\system\CodeIgniter.php(404): CodeIgniter\CodeIgniter->runController(Object(App\Controllers\Tps))
#6 D:\xampp 7.4\htdocs\TPS\system\CodeIgniter.php(312): CodeIgniter\CodeIgniter->handleRequest(NULL, Object(Config\Cache), false)
#7 D:\xampp 7.4\htdocs\TPS\public\index.php(45): CodeIgniter\CodeIgniter->run()
#8 D:\xampp 7.4\htdocs\TPS\system\Commands\Server\rewrite.php(34): require_once('D:\\xampp 7.4\\ht...')
#9 {main}
CRITICAL - 2020-11-29 15:46:56 --> Invalid file: menu/tps/edit.php
#0 D:\xampp 7.4\htdocs\TPS\system\View\View.php(228): CodeIgniter\Exceptions\FrameworkException::forInvalidFile('menu/tps/edit.p...')
#1 D:\xampp 7.4\htdocs\TPS\system\Common.php(1119): CodeIgniter\View\View->render('menu/tps/edit', Array, true)
#2 D:\xampp 7.4\htdocs\TPS\app\Controllers\Tps.php(123): view('menu/tps/edit', Array)
#3 D:\xampp 7.4\htdocs\TPS\system\CodeIgniter.php(918): App\Controllers\Tps->edit('Umhxc2ZDeHlpc1J...')
#4 D:\xampp 7.4\htdocs\TPS\system\CodeIgniter.php(404): CodeIgniter\CodeIgniter->runController(Object(App\Controllers\Tps))
#5 D:\xampp 7.4\htdocs\TPS\system\CodeIgniter.php(312): CodeIgniter\CodeIgniter->handleRequest(NULL, Object(Config\Cache), false)
#6 D:\xampp 7.4\htdocs\TPS\public\index.php(45): CodeIgniter\CodeIgniter->run()
#7 D:\xampp 7.4\htdocs\TPS\system\Commands\Server\rewrite.php(34): require_once('D:\\xampp 7.4\\ht...')
#8 {main}
CRITICAL - 2020-11-29 15:54:24 --> Undefined variable: kecamatan
#0 D:\xampp 7.4\htdocs\TPS\app\Views\menu\tps\edit.php(58): CodeIgniter\Debug\Exceptions->errorHandler(8, 'Undefined varia...', 'D:\\xampp 7.4\\ht...', 58, Array)
#1 D:\xampp 7.4\htdocs\TPS\system\View\View.php(246): include('D:\\xampp 7.4\\ht...')
#2 D:\xampp 7.4\htdocs\TPS\system\Common.php(1119): CodeIgniter\View\View->render('menu/tps/edit', Array, true)
#3 D:\xampp 7.4\htdocs\TPS\app\Controllers\Tps.php(123): view('menu/tps/edit', Array)
#4 D:\xampp 7.4\htdocs\TPS\system\CodeIgniter.php(918): App\Controllers\Tps->edit('Umhxc2ZDeHlpc1J...')
#5 D:\xampp 7.4\htdocs\TPS\system\CodeIgniter.php(404): CodeIgniter\CodeIgniter->runController(Object(App\Controllers\Tps))
#6 D:\xampp 7.4\htdocs\TPS\system\CodeIgniter.php(312): CodeIgniter\CodeIgniter->handleRequest(NULL, Object(Config\Cache), false)
#7 D:\xampp 7.4\htdocs\TPS\public\index.php(45): CodeIgniter\CodeIgniter->run()
#8 D:\xampp 7.4\htdocs\TPS\system\Commands\Server\rewrite.php(34): require_once('D:\\xampp 7.4\\ht...')
#9 {main}
CRITICAL - 2020-11-29 16:24:15 --> Undefined property: CodeIgniter\View\View::$db
#0 D:\xampp 7.4\htdocs\TPS\app\Views\template\app_template.php(146): CodeIgniter\Debug\Exceptions->errorHandler(8, 'Undefined prope...', 'D:\\xampp 7.4\\ht...', 146, Array)
#1 D:\xampp 7.4\htdocs\TPS\system\View\View.php(246): include('D:\\xampp 7.4\\ht...')
#2 D:\xampp 7.4\htdocs\TPS\system\View\View.php(257): CodeIgniter\View\View->render('template/app_te...', Array, true)
#3 D:\xampp 7.4\htdocs\TPS\system\Common.php(1119): CodeIgniter\View\View->render('menu/users/inde...', Array, true)
#4 D:\xampp 7.4\htdocs\TPS\app\Controllers\Users.php(32): view('menu/users/inde...', Array)
#5 D:\xampp 7.4\htdocs\TPS\system\CodeIgniter.php(918): App\Controllers\Users->index()
#6 D:\xampp 7.4\htdocs\TPS\system\CodeIgniter.php(404): CodeIgniter\CodeIgniter->runController(Object(App\Controllers\Users))
#7 D:\xampp 7.4\htdocs\TPS\system\CodeIgniter.php(312): CodeIgniter\CodeIgniter->handleRequest(NULL, Object(Config\Cache), false)
#8 D:\xampp 7.4\htdocs\TPS\public\index.php(45): CodeIgniter\CodeIgniter->run()
#9 D:\xampp 7.4\htdocs\TPS\system\Commands\Server\rewrite.php(34): require_once('D:\\xampp 7.4\\ht...')
#10 {main}
CRITICAL - 2020-11-29 16:24:35 --> Undefined variable: db
#0 D:\xampp 7.4\htdocs\TPS\app\Views\template\app_template.php(146): CodeIgniter\Debug\Exceptions->errorHandler(8, 'Undefined varia...', 'D:\\xampp 7.4\\ht...', 146, Array)
#1 D:\xampp 7.4\htdocs\TPS\system\View\View.php(246): include('D:\\xampp 7.4\\ht...')
#2 D:\xampp 7.4\htdocs\TPS\system\View\View.php(257): CodeIgniter\View\View->render('template/app_te...', Array, true)
#3 D:\xampp 7.4\htdocs\TPS\system\Common.php(1119): CodeIgniter\View\View->render('menu/users/inde...', Array, true)
#4 D:\xampp 7.4\htdocs\TPS\app\Controllers\Users.php(32): view('menu/users/inde...', Array)
#5 D:\xampp 7.4\htdocs\TPS\system\CodeIgniter.php(918): App\Controllers\Users->index()
#6 D:\xampp 7.4\htdocs\TPS\system\CodeIgniter.php(404): CodeIgniter\CodeIgniter->runController(Object(App\Controllers\Users))
#7 D:\xampp 7.4\htdocs\TPS\system\CodeIgniter.php(312): CodeIgniter\CodeIgniter->handleRequest(NULL, Object(Config\Cache), false)
#8 D:\xampp 7.4\htdocs\TPS\public\index.php(45): CodeIgniter\CodeIgniter->run()
#9 D:\xampp 7.4\htdocs\TPS\system\Commands\Server\rewrite.php(34): require_once('D:\\xampp 7.4\\ht...')
#10 {main}
CRITICAL - 2020-11-29 16:24:48 --> Undefined property: CodeIgniter\View\View::$db
#0 D:\xampp 7.4\htdocs\TPS\app\Views\template\app_template.php(146): CodeIgniter\Debug\Exceptions->errorHandler(8, 'Undefined prope...', 'D:\\xampp 7.4\\ht...', 146, Array)
#1 D:\xampp 7.4\htdocs\TPS\system\View\View.php(246): include('D:\\xampp 7.4\\ht...')
#2 D:\xampp 7.4\htdocs\TPS\system\View\View.php(257): CodeIgniter\View\View->render('template/app_te...', Array, true)
#3 D:\xampp 7.4\htdocs\TPS\system\Common.php(1119): CodeIgniter\View\View->render('menu/users/inde...', Array, true)
#4 D:\xampp 7.4\htdocs\TPS\app\Controllers\Users.php(32): view('menu/users/inde...', Array)
#5 D:\xampp 7.4\htdocs\TPS\system\CodeIgniter.php(918): App\Controllers\Users->index()
#6 D:\xampp 7.4\htdocs\TPS\system\CodeIgniter.php(404): CodeIgniter\CodeIgniter->runController(Object(App\Controllers\Users))
#7 D:\xampp 7.4\htdocs\TPS\system\CodeIgniter.php(312): CodeIgniter\CodeIgniter->handleRequest(NULL, Object(Config\Cache), false)
#8 D:\xampp 7.4\htdocs\TPS\public\index.php(45): CodeIgniter\CodeIgniter->run()
#9 D:\xampp 7.4\htdocs\TPS\system\Commands\Server\rewrite.php(34): require_once('D:\\xampp 7.4\\ht...')
#10 {main}
CRITICAL - 2020-11-29 16:24:54 --> Undefined property: CodeIgniter\View\View::$db
#0 D:\xampp 7.4\htdocs\TPS\app\Views\template\app_template.php(146): CodeIgniter\Debug\Exceptions->errorHandler(8, 'Undefined prope...', 'D:\\xampp 7.4\\ht...', 146, Array)
#1 D:\xampp 7.4\htdocs\TPS\system\View\View.php(246): include('D:\\xampp 7.4\\ht...')
#2 D:\xampp 7.4\htdocs\TPS\system\View\View.php(257): CodeIgniter\View\View->render('template/app_te...', Array, true)
#3 D:\xampp 7.4\htdocs\TPS\system\Common.php(1119): CodeIgniter\View\View->render('menu/users/inde...', Array, true)
#4 D:\xampp 7.4\htdocs\TPS\app\Controllers\Users.php(32): view('menu/users/inde...', Array)
#5 D:\xampp 7.4\htdocs\TPS\system\CodeIgniter.php(918): App\Controllers\Users->index()
#6 D:\xampp 7.4\htdocs\TPS\system\CodeIgniter.php(404): CodeIgniter\CodeIgniter->runController(Object(App\Controllers\Users))
#7 D:\xampp 7.4\htdocs\TPS\system\CodeIgniter.php(312): CodeIgniter\CodeIgniter->handleRequest(NULL, Object(Config\Cache), false)
#8 D:\xampp 7.4\htdocs\TPS\public\index.php(45): CodeIgniter\CodeIgniter->run()
#9 D:\xampp 7.4\htdocs\TPS\system\Commands\Server\rewrite.php(34): require_once('D:\\xampp 7.4\\ht...')
#10 {main}
CRITICAL - 2020-11-29 16:26:39 --> Undefined property: CodeIgniter\View\View::$db
#0 D:\xampp 7.4\htdocs\TPS\app\Views\template\app_template.php(146): CodeIgniter\Debug\Exceptions->errorHandler(8, 'Undefined prope...', 'D:\\xampp 7.4\\ht...', 146, Array)
#1 D:\xampp 7.4\htdocs\TPS\system\View\View.php(246): include('D:\\xampp 7.4\\ht...')
#2 D:\xampp 7.4\htdocs\TPS\system\View\View.php(257): CodeIgniter\View\View->render('template/app_te...', Array, true)
#3 D:\xampp 7.4\htdocs\TPS\system\Common.php(1119): CodeIgniter\View\View->render('menu/users/inde...', Array, true)
#4 D:\xampp 7.4\htdocs\TPS\app\Controllers\Users.php(32): view('menu/users/inde...', Array)
#5 D:\xampp 7.4\htdocs\TPS\system\CodeIgniter.php(918): App\Controllers\Users->index()
#6 D:\xampp 7.4\htdocs\TPS\system\CodeIgniter.php(404): CodeIgniter\CodeIgniter->runController(Object(App\Controllers\Users))
#7 D:\xampp 7.4\htdocs\TPS\system\CodeIgniter.php(312): CodeIgniter\CodeIgniter->handleRequest(NULL, Object(Config\Cache), false)
#8 D:\xampp 7.4\htdocs\TPS\public\index.php(45): CodeIgniter\CodeIgniter->run()
#9 D:\xampp 7.4\htdocs\TPS\system\Commands\Server\rewrite.php(34): require_once('D:\\xampp 7.4\\ht...')
#10 {main}
CRITICAL - 2020-11-29 16:29:08 --> Undefined variable: db
#0 D:\xampp 7.4\htdocs\TPS\app\Views\template\app_template.php(147): CodeIgniter\Debug\Exceptions->errorHandler(8, 'Undefined varia...', 'D:\\xampp 7.4\\ht...', 147, Array)
#1 D:\xampp 7.4\htdocs\TPS\system\View\View.php(246): include('D:\\xampp 7.4\\ht...')
#2 D:\xampp 7.4\htdocs\TPS\system\View\View.php(257): CodeIgniter\View\View->render('template/app_te...', Array, true)
#3 D:\xampp 7.4\htdocs\TPS\system\Common.php(1119): CodeIgniter\View\View->render('menu/users/inde...', Array, true)
#4 D:\xampp 7.4\htdocs\TPS\app\Controllers\Users.php(32): view('menu/users/inde...', Array)
#5 D:\xampp 7.4\htdocs\TPS\system\CodeIgniter.php(918): App\Controllers\Users->index()
#6 D:\xampp 7.4\htdocs\TPS\system\CodeIgniter.php(404): CodeIgniter\CodeIgniter->runController(Object(App\Controllers\Users))
#7 D:\xampp 7.4\htdocs\TPS\system\CodeIgniter.php(312): CodeIgniter\CodeIgniter->handleRequest(NULL, Object(Config\Cache), false)
#8 D:\xampp 7.4\htdocs\TPS\public\index.php(45): CodeIgniter\CodeIgniter->run()
#9 D:\xampp 7.4\htdocs\TPS\system\Commands\Server\rewrite.php(34): require_once('D:\\xampp 7.4\\ht...')
#10 {main}
CRITICAL - 2020-11-29 16:29:59 --> Unknown column 'name' in 'field list'
#0 D:\xampp 7.4\htdocs\TPS\system\Database\MySQLi\Connection.php(331): mysqli->query('SELECT name, ti...')
#1 D:\xampp 7.4\htdocs\TPS\system\Database\BaseConnection.php(741): CodeIgniter\Database\MySQLi\Connection->execute('SELECT name, ti...')
#2 D:\xampp 7.4\htdocs\TPS\system\Database\BaseConnection.php(669): CodeIgniter\Database\BaseConnection->simpleQuery('SELECT name, ti...')
#3 D:\xampp 7.4\htdocs\TPS\app\Views\template\app_template.php(148): CodeIgniter\Database\BaseConnection->query('SELECT name, ti...')
#4 D:\xampp 7.4\htdocs\TPS\system\View\View.php(246): include('D:\\xampp 7.4\\ht...')
#5 D:\xampp 7.4\htdocs\TPS\system\View\View.php(257): CodeIgniter\View\View->render('template/app_te...', Array, true)
#6 D:\xampp 7.4\htdocs\TPS\system\Common.php(1119): CodeIgniter\View\View->render('menu/users/inde...', Array, true)
#7 D:\xampp 7.4\htdocs\TPS\app\Controllers\Users.php(32): view('menu/users/inde...', Array)
#8 D:\xampp 7.4\htdocs\TPS\system\CodeIgniter.php(918): App\Controllers\Users->index()
#9 D:\xampp 7.4\htdocs\TPS\system\CodeIgniter.php(404): CodeIgniter\CodeIgniter->runController(Object(App\Controllers\Users))
#10 D:\xampp 7.4\htdocs\TPS\system\CodeIgniter.php(312): CodeIgniter\CodeIgniter->handleRequest(NULL, Object(Config\Cache), false)
#11 D:\xampp 7.4\htdocs\TPS\public\index.php(45): CodeIgniter\CodeIgniter->run()
#12 D:\xampp 7.4\htdocs\TPS\system\Commands\Server\rewrite.php(34): require_once('D:\\xampp 7.4\\ht...')
#13 {main}
CRITICAL - 2020-11-29 16:36:42 --> Call to undefined method CodeIgniter\Database\MySQLi\Result::get()
#0 D:\xampp 7.4\htdocs\TPS\system\View\View.php(246): include()
#1 D:\xampp 7.4\htdocs\TPS\system\View\View.php(257): CodeIgniter\View\View->render('template/app_te...', Array, true)
#2 D:\xampp 7.4\htdocs\TPS\system\Common.php(1119): CodeIgniter\View\View->render('menu/users/inde...', Array, true)
#3 D:\xampp 7.4\htdocs\TPS\app\Controllers\Users.php(32): view('menu/users/inde...', Array)
#4 D:\xampp 7.4\htdocs\TPS\system\CodeIgniter.php(918): App\Controllers\Users->index()
#5 D:\xampp 7.4\htdocs\TPS\system\CodeIgniter.php(404): CodeIgniter\CodeIgniter->runController(Object(App\Controllers\Users))
#6 D:\xampp 7.4\htdocs\TPS\system\CodeIgniter.php(312): CodeIgniter\CodeIgniter->handleRequest(NULL, Object(Config\Cache), false)
#7 D:\xampp 7.4\htdocs\TPS\public\index.php(45): CodeIgniter\CodeIgniter->run()
#8 D:\xampp 7.4\htdocs\TPS\system\Commands\Server\rewrite.php(34): require_once('D:\\xampp 7.4\\ht...')
#9 {main}
CRITICAL - 2020-11-29 16:37:05 --> Call to undefined method CodeIgniter\Database\MySQLi\Result::get()
#0 D:\xampp 7.4\htdocs\TPS\system\View\View.php(246): include()
#1 D:\xampp 7.4\htdocs\TPS\system\View\View.php(257): CodeIgniter\View\View->render('template/app_te...', Array, true)
#2 D:\xampp 7.4\htdocs\TPS\system\Common.php(1119): CodeIgniter\View\View->render('menu/users/inde...', Array, true)
#3 D:\xampp 7.4\htdocs\TPS\app\Controllers\Users.php(32): view('menu/users/inde...', Array)
#4 D:\xampp 7.4\htdocs\TPS\system\CodeIgniter.php(918): App\Controllers\Users->index()
#5 D:\xampp 7.4\htdocs\TPS\system\CodeIgniter.php(404): CodeIgniter\CodeIgniter->runController(Object(App\Controllers\Users))
#6 D:\xampp 7.4\htdocs\TPS\system\CodeIgniter.php(312): CodeIgniter\CodeIgniter->handleRequest(NULL, Object(Config\Cache), false)
#7 D:\xampp 7.4\htdocs\TPS\public\index.php(45): CodeIgniter\CodeIgniter->run()
#8 D:\xampp 7.4\htdocs\TPS\system\Commands\Server\rewrite.php(34): require_once('D:\\xampp 7.4\\ht...')
#9 {main}
CRITICAL - 2020-11-29 17:17:28 --> Trying to access array offset on value of type null
#0 D:\xampp 7.4\htdocs\TPS\app\Controllers\Kelurahan.php(204): CodeIgniter\Debug\Exceptions->errorHandler(8, 'Trying to acces...', 'D:\\xampp 7.4\\ht...', 204, Array)
#1 D:\xampp 7.4\htdocs\TPS\system\CodeIgniter.php(918): App\Controllers\Kelurahan->input('...')
#2 D:\xampp 7.4\htdocs\TPS\system\CodeIgniter.php(404): CodeIgniter\CodeIgniter->runController(Object(App\Controllers\Kelurahan))
#3 D:\xampp 7.4\htdocs\TPS\system\CodeIgniter.php(312): CodeIgniter\CodeIgniter->handleRequest(NULL, Object(Config\Cache), false)
#4 D:\xampp 7.4\htdocs\TPS\public\index.php(45): CodeIgniter\CodeIgniter->run()
#5 D:\xampp 7.4\htdocs\TPS\system\Commands\Server\rewrite.php(34): require_once('D:\\xampp 7.4\\ht...')
#6 {main}
CRITICAL - 2020-11-29 17:39:06 --> Undefined variable: kelurahan
#0 D:\xampp 7.4\htdocs\TPS\app\Views\users\input-data.php(41): CodeIgniter\Debug\Exceptions->errorHandler(8, 'Undefined varia...', 'D:\\xampp 7.4\\ht...', 41, Array)
#1 D:\xampp 7.4\htdocs\TPS\system\View\View.php(246): include('D:\\xampp 7.4\\ht...')
#2 D:\xampp 7.4\htdocs\TPS\system\Common.php(1119): CodeIgniter\View\View->render('users/input-dat...', Array, true)
#3 D:\xampp 7.4\htdocs\TPS\app\Controllers\Kelurahan.php(209): view('users/input-dat...', Array)
#4 D:\xampp 7.4\htdocs\TPS\system\CodeIgniter.php(918): App\Controllers\Kelurahan->input('1')
#5 D:\xampp 7.4\htdocs\TPS\system\CodeIgniter.php(404): CodeIgniter\CodeIgniter->runController(Object(App\Controllers\Kelurahan))
#6 D:\xampp 7.4\htdocs\TPS\system\CodeIgniter.php(312): CodeIgniter\CodeIgniter->handleRequest(NULL, Object(Config\Cache), false)
#7 D:\xampp 7.4\htdocs\TPS\public\index.php(45): CodeIgniter\CodeIgniter->run()
#8 D:\xampp 7.4\htdocs\TPS\system\Commands\Server\rewrite.php(34): require_once('D:\\xampp 7.4\\ht...')
#9 {main}
